<?xml version="1.0" encoding="UTF-8"?>
<robot generator="Robot 4.1.2 (Python 3.9.13 on darwin)" generated="20230222 23:12:33.010" rpa="false" schemaversion="2">
<suite id="s1" name="loginStep" source="/Users/mac/Documents/TEST/RobotFramework-Mobile/Step/loginStep.robot">
<test id="s1-t1" name="Login with valid account">
<kw name="Start Session" library="loginPage" type="SETUP">
<kw name="Set Appium Timeout" library="AppiumLibrary">
<arg>5</arg>
<doc>Sets the timeout in seconds used by various keywords.</doc>
<status status="PASS" starttime="20230222 23:12:33.327" endtime="20230222 23:12:33.327"/>
</kw>
<kw name="Open Application" library="AppiumLibrary">
<arg>${REMOTE_URL}</arg>
<arg>${EXECDIR}/DesiredCap/Android.json</arg>
<doc>Opens a new application to given Appium server.
Capabilities of appium server, Android and iOS,
Please check https://github.com/appium/appium/blob/master/docs/en/writing-running-appium/server-args.md
| *Option*            | *Man.* | *Description*     |
| remote_url          | Yes    | Appium server url |
| alias               | no     | alias             |
| strict_ssl          | No     | allows you to send commands to an invalid certificate host like a self-signed one. |</doc>
<kw name="Capture Page Screenshot" library="AppiumLibrary">
<doc>Takes a screenshot of the current page and embeds it into the log.</doc>
<msg timestamp="20230222 23:12:33.398" level="FAIL">No application is open</msg>
<status status="FAIL" starttime="20230222 23:12:33.393" endtime="20230222 23:12:33.398"/>
</kw>
<msg timestamp="20230222 23:12:33.400" level="WARN">Keyword 'Capture Page Screenshot' could not be run on failure: No application is open</msg>
<msg timestamp="20230222 23:12:33.404" level="FAIL">InvalidArgumentException: Message: 'platformName' can't be blank
Stacktrace:
InvalidArgumentError: 'platformName' can't be blank
    at processCapabilities (/usr/local/lib/node_modules/appium/node_modules/appium-base-driver/lib/basedriver/capabilities.js:220:13)
    at parseCapsForInnerDriver (/usr/local/lib/node_modules/appium/lib/utils.js:116:21)
    at AppiumDriver.createSession (/usr/local/lib/node_modules/appium/lib/appium.js:325:26)
    at commandExecutor (/usr/local/lib/node_modules/appium/node_modules/appium-base-driver/lib/basedriver/driver.js:335:9)
    at AppiumDriver.executeCommand (/usr/local/lib/node_modules/appium/node_modules/appium-base-driver/lib/basedriver/driver.js:349:15)
    at AppiumDriver.executeCommand (/usr/local/lib/node_modules/appium/lib/appium.js:549:26)
    at asyncHandler (/usr/local/lib/node_modules/appium/node_modules/appium-base-driver/lib/protocol/protocol.js:297:34)
    at /usr/local/lib/node_modules/appium/node_modules/appium-base-driver/lib/protocol/protocol.js:423:15
    at Layer.handle [as handle_request] (/usr/local/lib/node_modules/appium/node_modules/express/lib/router/layer.js:95:5)
    at next (/usr/local/lib/node_modules/appium/node_modules/express/lib/router/route.js:137:13)
    at Route.dispatch (/usr/local/lib/node_modules/appium/node_modules/express/lib/router/route.js:112:3)
    at Layer.handle [as handle_request] (/usr/local/lib/node_modules/appium/node_modules/express/lib/router/layer.js:95:5)
    at /usr/local/lib/node_modules/appium/node_modules/express/lib/router/index.js:281:22
    at Function.process_params (/usr/local/lib/node_modules/appium/node_modules/express/lib/router/index.js:335:12)
    at next (/usr/local/lib/node_modules/appium/node_modules/express/lib/router/index.js:275:10)
    at logger (/usr/local/lib/node_modules/appium/node_modules/morgan/index.js:144:5)</msg>
<status status="FAIL" starttime="20230222 23:12:33.327" endtime="20230222 23:12:33.404"/>
</kw>
<kw name="Sleep" library="BuiltIn">
<arg>1</arg>
<doc>Pauses the test executed for the given time.</doc>
<status status="NOT RUN" starttime="20230222 23:12:33.404" endtime="20230222 23:12:33.404"/>
</kw>
<status status="FAIL" starttime="20230222 23:12:33.326" endtime="20230222 23:12:33.405"/>
</kw>
<kw name="Close Session" library="loginPage" type="TEARDOWN">
<kw name="Capture Page Screenshot" library="AppiumLibrary">
<doc>Takes a screenshot of the current page and embeds it into the log.</doc>
<kw name="Capture Page Screenshot" library="AppiumLibrary">
<doc>Takes a screenshot of the current page and embeds it into the log.</doc>
<msg timestamp="20230222 23:12:33.407" level="FAIL">No application is open</msg>
<status status="FAIL" starttime="20230222 23:12:33.406" endtime="20230222 23:12:33.407"/>
</kw>
<msg timestamp="20230222 23:12:33.409" level="WARN">Keyword 'Capture Page Screenshot' could not be run on failure: No application is open</msg>
<msg timestamp="20230222 23:12:33.410" level="FAIL">No application is open</msg>
<status status="FAIL" starttime="20230222 23:12:33.405" endtime="20230222 23:12:33.410"/>
</kw>
<kw name="Close Application" library="AppiumLibrary">
<doc>Closes the current application and also close webdriver session.</doc>
<kw name="Capture Page Screenshot" library="AppiumLibrary">
<doc>Takes a screenshot of the current page and embeds it into the log.</doc>
<msg timestamp="20230222 23:12:33.411" level="FAIL">No application is open</msg>
<status status="FAIL" starttime="20230222 23:12:33.410" endtime="20230222 23:12:33.411"/>
</kw>
<msg timestamp="20230222 23:12:33.413" level="WARN">Keyword 'Capture Page Screenshot' could not be run on failure: No application is open</msg>
<msg timestamp="20230222 23:12:33.413" level="FAIL">No application is open</msg>
<status status="FAIL" starttime="20230222 23:12:33.410" endtime="20230222 23:12:33.413"/>
</kw>
<status status="FAIL" starttime="20230222 23:12:33.405" endtime="20230222 23:12:33.414">Several failures occurred:

1) No application is open

2) No application is open</status>
</kw>
<status status="FAIL" starttime="20230222 23:12:33.325" endtime="20230222 23:12:33.414">Setup failed:
InvalidArgumentException: Message: 'platformName' can't be blank
Stacktrace:
InvalidArgumentError: 'platformName' can't be blank
    at processCapabilities (/usr/local/lib/node_modules/appium/node_modules/appium-base-driver/lib/basedriver/capabilities.js:220:13)
    at parseCapsForInnerDriver (/usr/local/lib/node_modules/appium/lib/utils.js:116:21)
    at AppiumDriver.createSession (/usr/local/lib/node_modules/appium/lib/appium.js:325:26)
    at commandExecutor (/usr/local/lib/node_modules/appium/node_modules/appium-base-driver/lib/basedriver/driver.js:335:9)
    at AppiumDriver.executeCommand (/usr/local/lib/node_modules/appium/node_modules/appium-base-driver/lib/basedriver/driver.js:349:15)
    at AppiumDriver.executeCommand (/usr/local/lib/node_modules/appium/lib/appium.js:549:26)
    at asyncHandler (/usr/local/lib/node_modules/appium/node_modules/appium-base-driver/lib/protocol/protocol.js:297:34)
    at /usr/local/lib/node_modules/appium/node_modules/appium-base-driver/lib/protocol/protocol.js:423:15
    at Layer.handle [as handle_request] (/usr/local/lib/node_modules/appium/node_modules/express/lib/router/layer.js:95:5)
    at next (/usr/local/lib/node_modules/appium/node_modules/express/lib/router/route.js:137:13)
    at Route.dispatch (/usr/local/lib/node_modules/appium/node_modules/express/lib/router/route.js:112:3)
    at Layer.handle [as handle_request] (/usr/local/lib/node_modules/appium/node_modules/express/lib/router/layer.js:95:5)
    at /usr/local/lib/node_modules/appium/node_modules/express/lib/router/index.js:281:22
    at Function.process_params (/usr/local/lib/node_modules/appium/node_modules/express/lib/router/index.js:335:12)
    at next (/usr/local/lib/node_modules/appium/node_modules/express/lib/router/index.js:275:10)
    at logger (/usr/local/lib/node_modules/appium/node_modules/morgan/index.js:144:5)

Also teardown failed:
Several failures occurred:

1) No application is open

2) No application is open</status>
</test>
<test id="s1-t2" name="Login with invalid email account">
<kw name="Start Session" library="loginPage" type="SETUP">
<kw name="Set Appium Timeout" library="AppiumLibrary">
<arg>5</arg>
<doc>Sets the timeout in seconds used by various keywords.</doc>
<status status="PASS" starttime="20230222 23:12:33.418" endtime="20230222 23:12:33.418"/>
</kw>
<kw name="Open Application" library="AppiumLibrary">
<arg>${REMOTE_URL}</arg>
<arg>${EXECDIR}/DesiredCap/Android.json</arg>
<doc>Opens a new application to given Appium server.
Capabilities of appium server, Android and iOS,
Please check https://github.com/appium/appium/blob/master/docs/en/writing-running-appium/server-args.md
| *Option*            | *Man.* | *Description*     |
| remote_url          | Yes    | Appium server url |
| alias               | no     | alias             |
| strict_ssl          | No     | allows you to send commands to an invalid certificate host like a self-signed one. |</doc>
<kw name="Capture Page Screenshot" library="AppiumLibrary">
<doc>Takes a screenshot of the current page and embeds it into the log.</doc>
<msg timestamp="20230222 23:12:33.442" level="FAIL">No application is open</msg>
<status status="FAIL" starttime="20230222 23:12:33.440" endtime="20230222 23:12:33.442"/>
</kw>
<msg timestamp="20230222 23:12:33.445" level="WARN">Keyword 'Capture Page Screenshot' could not be run on failure: No application is open</msg>
<msg timestamp="20230222 23:12:33.446" level="FAIL">InvalidArgumentException: Message: 'platformName' can't be blank
Stacktrace:
InvalidArgumentError: 'platformName' can't be blank
    at processCapabilities (/usr/local/lib/node_modules/appium/node_modules/appium-base-driver/lib/basedriver/capabilities.js:220:13)
    at parseCapsForInnerDriver (/usr/local/lib/node_modules/appium/lib/utils.js:116:21)
    at AppiumDriver.createSession (/usr/local/lib/node_modules/appium/lib/appium.js:325:26)
    at commandExecutor (/usr/local/lib/node_modules/appium/node_modules/appium-base-driver/lib/basedriver/driver.js:335:9)
    at AppiumDriver.executeCommand (/usr/local/lib/node_modules/appium/node_modules/appium-base-driver/lib/basedriver/driver.js:349:15)
    at AppiumDriver.executeCommand (/usr/local/lib/node_modules/appium/lib/appium.js:549:26)
    at asyncHandler (/usr/local/lib/node_modules/appium/node_modules/appium-base-driver/lib/protocol/protocol.js:297:34)
    at /usr/local/lib/node_modules/appium/node_modules/appium-base-driver/lib/protocol/protocol.js:423:15
    at Layer.handle [as handle_request] (/usr/local/lib/node_modules/appium/node_modules/express/lib/router/layer.js:95:5)
    at next (/usr/local/lib/node_modules/appium/node_modules/express/lib/router/route.js:137:13)
    at Route.dispatch (/usr/local/lib/node_modules/appium/node_modules/express/lib/router/route.js:112:3)
    at Layer.handle [as handle_request] (/usr/local/lib/node_modules/appium/node_modules/express/lib/router/layer.js:95:5)
    at /usr/local/lib/node_modules/appium/node_modules/express/lib/router/index.js:281:22
    at Function.process_params (/usr/local/lib/node_modules/appium/node_modules/express/lib/router/index.js:335:12)
    at next (/usr/local/lib/node_modules/appium/node_modules/express/lib/router/index.js:275:10)
    at logger (/usr/local/lib/node_modules/appium/node_modules/morgan/index.js:144:5)</msg>
<status status="FAIL" starttime="20230222 23:12:33.419" endtime="20230222 23:12:33.446"/>
</kw>
<kw name="Sleep" library="BuiltIn">
<arg>1</arg>
<doc>Pauses the test executed for the given time.</doc>
<status status="NOT RUN" starttime="20230222 23:12:33.446" endtime="20230222 23:12:33.446"/>
</kw>
<status status="FAIL" starttime="20230222 23:12:33.417" endtime="20230222 23:12:33.447"/>
</kw>
<kw name="Close Session" library="loginPage" type="TEARDOWN">
<kw name="Capture Page Screenshot" library="AppiumLibrary">
<doc>Takes a screenshot of the current page and embeds it into the log.</doc>
<kw name="Capture Page Screenshot" library="AppiumLibrary">
<doc>Takes a screenshot of the current page and embeds it into the log.</doc>
<msg timestamp="20230222 23:12:33.448" level="FAIL">No application is open</msg>
<status status="FAIL" starttime="20230222 23:12:33.448" endtime="20230222 23:12:33.448"/>
</kw>
<msg timestamp="20230222 23:12:33.451" level="WARN">Keyword 'Capture Page Screenshot' could not be run on failure: No application is open</msg>
<msg timestamp="20230222 23:12:33.451" level="FAIL">No application is open</msg>
<status status="FAIL" starttime="20230222 23:12:33.447" endtime="20230222 23:12:33.451"/>
</kw>
<kw name="Close Application" library="AppiumLibrary">
<doc>Closes the current application and also close webdriver session.</doc>
<kw name="Capture Page Screenshot" library="AppiumLibrary">
<doc>Takes a screenshot of the current page and embeds it into the log.</doc>
<msg timestamp="20230222 23:12:33.453" level="FAIL">No application is open</msg>
<status status="FAIL" starttime="20230222 23:12:33.453" endtime="20230222 23:12:33.453"/>
</kw>
<msg timestamp="20230222 23:12:33.456" level="WARN">Keyword 'Capture Page Screenshot' could not be run on failure: No application is open</msg>
<msg timestamp="20230222 23:12:33.457" level="FAIL">No application is open</msg>
<status status="FAIL" starttime="20230222 23:12:33.451" endtime="20230222 23:12:33.457"/>
</kw>
<status status="FAIL" starttime="20230222 23:12:33.447" endtime="20230222 23:12:33.457">Several failures occurred:

1) No application is open

2) No application is open</status>
</kw>
<status status="FAIL" starttime="20230222 23:12:33.417" endtime="20230222 23:12:33.457">Setup failed:
InvalidArgumentException: Message: 'platformName' can't be blank
Stacktrace:
InvalidArgumentError: 'platformName' can't be blank
    at processCapabilities (/usr/local/lib/node_modules/appium/node_modules/appium-base-driver/lib/basedriver/capabilities.js:220:13)
    at parseCapsForInnerDriver (/usr/local/lib/node_modules/appium/lib/utils.js:116:21)
    at AppiumDriver.createSession (/usr/local/lib/node_modules/appium/lib/appium.js:325:26)
    at commandExecutor (/usr/local/lib/node_modules/appium/node_modules/appium-base-driver/lib/basedriver/driver.js:335:9)
    at AppiumDriver.executeCommand (/usr/local/lib/node_modules/appium/node_modules/appium-base-driver/lib/basedriver/driver.js:349:15)
    at AppiumDriver.executeCommand (/usr/local/lib/node_modules/appium/lib/appium.js:549:26)
    at asyncHandler (/usr/local/lib/node_modules/appium/node_modules/appium-base-driver/lib/protocol/protocol.js:297:34)
    at /usr/local/lib/node_modules/appium/node_modules/appium-base-driver/lib/protocol/protocol.js:423:15
    at Layer.handle [as handle_request] (/usr/local/lib/node_modules/appium/node_modules/express/lib/router/layer.js:95:5)
    at next (/usr/local/lib/node_modules/appium/node_modules/express/lib/router/route.js:137:13)
    at Route.dispatch (/usr/local/lib/node_modules/appium/node_modules/express/lib/router/route.js:112:3)
    at Layer.handle [as handle_request] (/usr/local/lib/node_modules/appium/node_modules/express/lib/router/layer.js:95:5)
    at /usr/local/lib/node_modules/appium/node_modules/express/lib/router/index.js:281:22
    at Function.process_params (/usr/local/lib/node_modules/appium/node_modules/express/lib/router/index.js:335:12)
    at next (/usr/local/lib/node_modules/appium/node_modules/express/lib/router/index.js:275:10)
    at logger (/usr/local/lib/node_modules/appium/node_modules/morgan/index.js:144:5)

Also teardown failed:
Several failures occurred:

1) No application is open

2) No application is open</status>
</test>
<test id="s1-t3" name="Login with invalid user account">
<kw name="Start Session" library="loginPage" type="SETUP">
<kw name="Set Appium Timeout" library="AppiumLibrary">
<arg>5</arg>
<doc>Sets the timeout in seconds used by various keywords.</doc>
<status status="PASS" starttime="20230222 23:12:33.461" endtime="20230222 23:12:33.461"/>
</kw>
<kw name="Open Application" library="AppiumLibrary">
<arg>${REMOTE_URL}</arg>
<arg>${EXECDIR}/DesiredCap/Android.json</arg>
<doc>Opens a new application to given Appium server.
Capabilities of appium server, Android and iOS,
Please check https://github.com/appium/appium/blob/master/docs/en/writing-running-appium/server-args.md
| *Option*            | *Man.* | *Description*     |
| remote_url          | Yes    | Appium server url |
| alias               | no     | alias             |
| strict_ssl          | No     | allows you to send commands to an invalid certificate host like a self-signed one. |</doc>
<kw name="Capture Page Screenshot" library="AppiumLibrary">
<doc>Takes a screenshot of the current page and embeds it into the log.</doc>
<msg timestamp="20230222 23:12:33.610" level="FAIL">No application is open</msg>
<status status="FAIL" starttime="20230222 23:12:33.609" endtime="20230222 23:12:33.610"/>
</kw>
<msg timestamp="20230222 23:12:33.612" level="WARN">Keyword 'Capture Page Screenshot' could not be run on failure: No application is open</msg>
<msg timestamp="20230222 23:12:33.613" level="FAIL">InvalidArgumentException: Message: 'platformName' can't be blank
Stacktrace:
InvalidArgumentError: 'platformName' can't be blank
    at processCapabilities (/usr/local/lib/node_modules/appium/node_modules/appium-base-driver/lib/basedriver/capabilities.js:220:13)
    at parseCapsForInnerDriver (/usr/local/lib/node_modules/appium/lib/utils.js:116:21)
    at AppiumDriver.createSession (/usr/local/lib/node_modules/appium/lib/appium.js:325:26)
    at commandExecutor (/usr/local/lib/node_modules/appium/node_modules/appium-base-driver/lib/basedriver/driver.js:335:9)
    at AppiumDriver.executeCommand (/usr/local/lib/node_modules/appium/node_modules/appium-base-driver/lib/basedriver/driver.js:349:15)
    at AppiumDriver.executeCommand (/usr/local/lib/node_modules/appium/lib/appium.js:549:26)
    at asyncHandler (/usr/local/lib/node_modules/appium/node_modules/appium-base-driver/lib/protocol/protocol.js:297:34)
    at /usr/local/lib/node_modules/appium/node_modules/appium-base-driver/lib/protocol/protocol.js:423:15
    at Layer.handle [as handle_request] (/usr/local/lib/node_modules/appium/node_modules/express/lib/router/layer.js:95:5)
    at next (/usr/local/lib/node_modules/appium/node_modules/express/lib/router/route.js:137:13)
    at Route.dispatch (/usr/local/lib/node_modules/appium/node_modules/express/lib/router/route.js:112:3)
    at Layer.handle [as handle_request] (/usr/local/lib/node_modules/appium/node_modules/express/lib/router/layer.js:95:5)
    at /usr/local/lib/node_modules/appium/node_modules/express/lib/router/index.js:281:22
    at Function.process_params (/usr/local/lib/node_modules/appium/node_modules/express/lib/router/index.js:335:12)
    at next (/usr/local/lib/node_modules/appium/node_modules/express/lib/router/index.js:275:10)
    at logger (/usr/local/lib/node_modules/appium/node_modules/morgan/index.js:144:5)</msg>
<status status="FAIL" starttime="20230222 23:12:33.461" endtime="20230222 23:12:33.614"/>
</kw>
<kw name="Sleep" library="BuiltIn">
<arg>1</arg>
<doc>Pauses the test executed for the given time.</doc>
<status status="NOT RUN" starttime="20230222 23:12:33.614" endtime="20230222 23:12:33.614"/>
</kw>
<status status="FAIL" starttime="20230222 23:12:33.460" endtime="20230222 23:12:33.614"/>
</kw>
<kw name="Close Session" library="loginPage" type="TEARDOWN">
<kw name="Capture Page Screenshot" library="AppiumLibrary">
<doc>Takes a screenshot of the current page and embeds it into the log.</doc>
<kw name="Capture Page Screenshot" library="AppiumLibrary">
<doc>Takes a screenshot of the current page and embeds it into the log.</doc>
<msg timestamp="20230222 23:12:33.617" level="FAIL">No application is open</msg>
<status status="FAIL" starttime="20230222 23:12:33.616" endtime="20230222 23:12:33.617"/>
</kw>
<msg timestamp="20230222 23:12:33.619" level="WARN">Keyword 'Capture Page Screenshot' could not be run on failure: No application is open</msg>
<msg timestamp="20230222 23:12:33.620" level="FAIL">No application is open</msg>
<status status="FAIL" starttime="20230222 23:12:33.616" endtime="20230222 23:12:33.620"/>
</kw>
<kw name="Close Application" library="AppiumLibrary">
<doc>Closes the current application and also close webdriver session.</doc>
<kw name="Capture Page Screenshot" library="AppiumLibrary">
<doc>Takes a screenshot of the current page and embeds it into the log.</doc>
<msg timestamp="20230222 23:12:33.621" level="FAIL">No application is open</msg>
<status status="FAIL" starttime="20230222 23:12:33.621" endtime="20230222 23:12:33.621"/>
</kw>
<msg timestamp="20230222 23:12:33.624" level="WARN">Keyword 'Capture Page Screenshot' could not be run on failure: No application is open</msg>
<msg timestamp="20230222 23:12:33.625" level="FAIL">No application is open</msg>
<status status="FAIL" starttime="20230222 23:12:33.620" endtime="20230222 23:12:33.625"/>
</kw>
<status status="FAIL" starttime="20230222 23:12:33.615" endtime="20230222 23:12:33.625">Several failures occurred:

1) No application is open

2) No application is open</status>
</kw>
<status status="FAIL" starttime="20230222 23:12:33.460" endtime="20230222 23:12:33.626">Setup failed:
InvalidArgumentException: Message: 'platformName' can't be blank
Stacktrace:
InvalidArgumentError: 'platformName' can't be blank
    at processCapabilities (/usr/local/lib/node_modules/appium/node_modules/appium-base-driver/lib/basedriver/capabilities.js:220:13)
    at parseCapsForInnerDriver (/usr/local/lib/node_modules/appium/lib/utils.js:116:21)
    at AppiumDriver.createSession (/usr/local/lib/node_modules/appium/lib/appium.js:325:26)
    at commandExecutor (/usr/local/lib/node_modules/appium/node_modules/appium-base-driver/lib/basedriver/driver.js:335:9)
    at AppiumDriver.executeCommand (/usr/local/lib/node_modules/appium/node_modules/appium-base-driver/lib/basedriver/driver.js:349:15)
    at AppiumDriver.executeCommand (/usr/local/lib/node_modules/appium/lib/appium.js:549:26)
    at asyncHandler (/usr/local/lib/node_modules/appium/node_modules/appium-base-driver/lib/protocol/protocol.js:297:34)
    at /usr/local/lib/node_modules/appium/node_modules/appium-base-driver/lib/protocol/protocol.js:423:15
    at Layer.handle [as handle_request] (/usr/local/lib/node_modules/appium/node_modules/express/lib/router/layer.js:95:5)
    at next (/usr/local/lib/node_modules/appium/node_modules/express/lib/router/route.js:137:13)
    at Route.dispatch (/usr/local/lib/node_modules/appium/node_modules/express/lib/router/route.js:112:3)
    at Layer.handle [as handle_request] (/usr/local/lib/node_modules/appium/node_modules/express/lib/router/layer.js:95:5)
    at /usr/local/lib/node_modules/appium/node_modules/express/lib/router/index.js:281:22
    at Function.process_params (/usr/local/lib/node_modules/appium/node_modules/express/lib/router/index.js:335:12)
    at next (/usr/local/lib/node_modules/appium/node_modules/express/lib/router/index.js:275:10)
    at logger (/usr/local/lib/node_modules/appium/node_modules/morgan/index.js:144:5)

Also teardown failed:
Several failures occurred:

1) No application is open

2) No application is open</status>
</test>
<status status="FAIL" starttime="20230222 23:12:33.012" endtime="20230222 23:12:33.629"/>
</suite>
<statistics>
<total>
<stat pass="0" fail="3" skip="0">All Tests</stat>
</total>
<tag>
</tag>
<suite>
<stat pass="0" fail="3" skip="0" id="s1" name="loginStep">loginStep</stat>
</suite>
</statistics>
<errors>
<msg timestamp="20230222 23:12:33.400" level="WARN">Keyword 'Capture Page Screenshot' could not be run on failure: No application is open</msg>
<msg timestamp="20230222 23:12:33.409" level="WARN">Keyword 'Capture Page Screenshot' could not be run on failure: No application is open</msg>
<msg timestamp="20230222 23:12:33.413" level="WARN">Keyword 'Capture Page Screenshot' could not be run on failure: No application is open</msg>
<msg timestamp="20230222 23:12:33.445" level="WARN">Keyword 'Capture Page Screenshot' could not be run on failure: No application is open</msg>
<msg timestamp="20230222 23:12:33.451" level="WARN">Keyword 'Capture Page Screenshot' could not be run on failure: No application is open</msg>
<msg timestamp="20230222 23:12:33.456" level="WARN">Keyword 'Capture Page Screenshot' could not be run on failure: No application is open</msg>
<msg timestamp="20230222 23:12:33.612" level="WARN">Keyword 'Capture Page Screenshot' could not be run on failure: No application is open</msg>
<msg timestamp="20230222 23:12:33.619" level="WARN">Keyword 'Capture Page Screenshot' could not be run on failure: No application is open</msg>
<msg timestamp="20230222 23:12:33.624" level="WARN">Keyword 'Capture Page Screenshot' could not be run on failure: No application is open</msg>
</errors>
</robot>
