<?xml version="1.0" encoding="UTF-8"?>
<robot generator="Robot 4.1.2 (Python 3.9.13 on darwin)" generated="20230222 22:39:43.676" rpa="false" schemaversion="2">
<suite id="s1" name="Test" source="/Users/mac/Documents/TEST/RobotFramework-Mobile/test.robot">
<test id="s1-t1" name="Login with valid account">
<kw name="Start Session" type="SETUP">
<kw name="Set Appium Timeout" library="AppiumLibrary">
<arg>5</arg>
<doc>Sets the timeout in seconds used by various keywords.</doc>
<status status="PASS" starttime="20230222 22:39:43.991" endtime="20230222 22:39:43.991"/>
</kw>
<kw name="Open Application" library="AppiumLibrary">
<arg>${REMOTE_URL}</arg>
<arg>automationName=${AUTOMATION_NAME}</arg>
<arg>platformName=${PLATFORM}</arg>
<arg>deviceName=${DEVICE}</arg>
<arg>app=${APPS}</arg>
<arg>autoGrantPermissions=true</arg>
<arg>noReset=false</arg>
<doc>Opens a new application to given Appium server.
Capabilities of appium server, Android and iOS,
Please check https://github.com/appium/appium/blob/master/docs/en/writing-running-appium/server-args.md
| *Option*            | *Man.* | *Description*     |
| remote_url          | Yes    | Appium server url |
| alias               | no     | alias             |
| strict_ssl          | No     | allows you to send commands to an invalid certificate host like a self-signed one. |</doc>
<status status="PASS" starttime="20230222 22:39:43.991" endtime="20230222 22:39:52.186"/>
</kw>
<kw name="Sleep" library="BuiltIn">
<arg>1</arg>
<doc>Pauses the test executed for the given time.</doc>
<msg timestamp="20230222 22:39:53.187" level="INFO">Slept 1 second</msg>
<status status="PASS" starttime="20230222 22:39:52.187" endtime="20230222 22:39:53.188"/>
</kw>
<status status="PASS" starttime="20230222 22:39:43.990" endtime="20230222 22:39:53.188"/>
</kw>
<kw name="Input username">
<arg>tester@tester.co</arg>
<kw name="Input Text" library="AppiumLibrary">
<arg>${email_element}</arg>
<arg>${email}</arg>
<doc>Types the given `text` into text field identified by `locator`.</doc>
<msg timestamp="20230222 22:39:53.192" level="INFO">Typing text 'tester@tester.co' into text field 'com.loginmodule.learning:id/textInputEditTextEmail'</msg>
<msg timestamp="20230222 22:39:53.288" level="INFO">criteria is com.loginmodule.learning:id/textInputEditTextEmail</msg>
<status status="PASS" starttime="20230222 22:39:53.189" endtime="20230222 22:39:53.288"/>
</kw>
<status status="PASS" starttime="20230222 22:39:53.188" endtime="20230222 22:39:53.289"/>
</kw>
<kw name="Input password">
<arg>wisnu123</arg>
<kw name="Input Text" library="AppiumLibrary">
<arg>${password_element}</arg>
<arg>${password}</arg>
<doc>Types the given `text` into text field identified by `locator`.</doc>
<msg timestamp="20230222 22:39:53.294" level="INFO">Typing text 'wisnu123' into text field 'com.loginmodule.learning:id/textInputEditTextPassword'</msg>
<msg timestamp="20230222 22:39:53.854" level="INFO">criteria is com.loginmodule.learning:id/textInputEditTextPassword</msg>
<status status="PASS" starttime="20230222 22:39:53.289" endtime="20230222 22:39:53.854"/>
</kw>
<status status="PASS" starttime="20230222 22:39:53.289" endtime="20230222 22:39:53.855"/>
</kw>
<kw name="Click login button">
<kw name="Click Element" library="AppiumLibrary">
<arg>${login_btn_element}</arg>
<doc>Click element identified by `locator`.</doc>
<msg timestamp="20230222 22:39:53.858" level="INFO">Clicking element 'com.loginmodule.learning:id/appCompatButtonLogin'.</msg>
<msg timestamp="20230222 22:39:54.438" level="INFO">criteria is com.loginmodule.learning:id/appCompatButtonLogin</msg>
<status status="PASS" starttime="20230222 22:39:53.855" endtime="20230222 22:39:54.438"/>
</kw>
<status status="PASS" starttime="20230222 22:39:53.855" endtime="20230222 22:39:54.438"/>
</kw>
<kw name="Sleep" library="BuiltIn">
<arg>1</arg>
<doc>Pauses the test executed for the given time.</doc>
<msg timestamp="20230222 22:39:55.440" level="INFO">Slept 1 second</msg>
<status status="PASS" starttime="20230222 22:39:54.439" endtime="20230222 22:39:55.441"/>
</kw>
<kw name="Success login">
<kw name="Page Should Contain Element" library="AppiumLibrary">
<arg>${dashboard_name}</arg>
<doc>Verifies that current page contains `locator` element.</doc>
<msg timestamp="20230222 22:39:55.633" level="INFO">&lt;?xml version='1.0' encoding='UTF-8' standalone='yes' ?&gt;
&lt;hierarchy index="0" class="hierarchy" rotation="0" width="1080" height="1977"&gt;
  &lt;android.widget.FrameLayout index="0" package="com.loginmodule.learning" class="android.widget.FrameLayout" text="" checkable="false" checked="false" clickable="false" enabled="true" focusable="false" focused="false" long-clickable="false" password="false" scrollable="false" selected="false" bounds="[0,0][1080,1977]" displayed="true"&gt;
    &lt;android.widget.LinearLayout index="0" package="com.loginmodule.learning" class="android.widget.LinearLayout" text="" checkable="false" checked="false" clickable="false" enabled="true" focusable="false" focused="false" long-clickable="false" password="false" scrollable="false" selected="false" bounds="[0,0][1080,1977]" displayed="true"&gt;
      &lt;android.widget.FrameLayout index="0" package="com.loginmodule.learning" class="android.widget.FrameLayout" text="" checkable="false" checked="false" clickable="false" enabled="true" focusable="false" focused="false" long-clickable="false" password="false" scrollable="false" selected="false" bounds="[0,171][1080,1977]" displayed="true"&gt;
        &lt;android.view.ViewGroup index="0" package="com.loginmodule.learning" class="android.view.ViewGroup" text="" resource-id="com.loginmodule.learning:id/decor_content_parent" checkable="false" checked="false" clickable="false" enabled="true" focusable="false" focused="false" long-clickable="false" password="false" scrollable="false" selected="false" bounds="[0,171][1080,1977]" displayed="true"&gt;
          &lt;android.widget.FrameLayout index="0" package="com.loginmodule.learning" class="android.widget.FrameLayout" text="" resource-id="android:id/content" checkable="false" checked="false" clickable="false" enabled="true" focusable="false" focused="false" long-clickable="false" password="false" scrollable="false" selected="false" bounds="[0,171][1080,1977]" displayed="true"&gt;
            &lt;android.widget.ScrollView index="0" package="com.loginmodule.learning" class="android.widget.ScrollView" text="" resource-id="com.loginmodule.learning:id/nestedScrollView" checkable="false" checked="false" clickable="false" enabled="true" focusable="true" focused="false" long-clickable="false" password="false" scrollable="false" selected="false" bounds="[0,171][1080,1977]" displayed="true"&gt;
              &lt;android.support.v7.widget.LinearLayoutCompat index="0" package="com.loginmodule.learning" class="android.support.v7.widget.LinearLayoutCompat" text="" checkable="false" checked="false" clickable="false" enabled="true" focusable="false" focused="false" long-clickable="false" password="false" scrollable="false" selected="false" bounds="[55,226][1025,1795]" displayed="true"&gt;
                &lt;android.widget.ImageView index="0" package="com.loginmodule.learning" class="android.widget.ImageView" text="" checkable="false" checked="false" clickable="false" enabled="true" focusable="false" focused="false" long-clickable="false" password="false" scrollable="false" selected="false" bounds="[276,336][804,864]" displayed="true" /&gt;
                &lt;android.widget.TextView index="1" package="com.loginmodule.learning" class="android.widget.TextView" text="VERSION - V4" checkable="false" checked="false" clickable="false" enabled="true" focusable="false" focused="false" long-clickable="false" password="false" scrollable="false" selected="false" bounds="[55,864][1025,938]" displayed="true" /&gt;
                &lt;TextInputLayout index="2" package="com.loginmodule.learning" class="TextInputLayout" text="Email" resource-id="com.loginmodule.learning:id/textInputLayoutEmail" checkable="false" checked="false" clickable="false" enabled="true" focusable="false" focused="false" long-clickable="false" password="false" scrollable="false" selected="false" bounds="[55,1048][1025,1202]" displayed="true"&gt;
                  &lt;android.widget.EditText index="0" package="com.loginmodule.learning" class="android.widget.EditText" text="tester@tester.co" resource-id="com.loginmodule.learning:id/textInputEditTextEmail" checkable="false" checked="false" clickable="true" enabled="true" focusable="true" focused="true" long-clickable="true" password="false" scrollable="false" selected="false" bounds="[55,1078][1025,1202]" displayed="true" /&gt;
                &lt;/TextInputLayout&gt;
                &lt;TextInputLayout index="3" package="com.loginmodule.learning" class="TextInputLayout" text="Password" resource-id="com.loginmodule.learning:id/textInputLayoutPassword" checkable="false" checked="false" clickable="false" enabled="true" focusable="false" focused="false" long-clickable="false" password="false" scrollable="false" selected="false" bounds="[55,1257][1025,1411]" displayed="true"&gt;
                  &lt;android.widget.EditText index="0" package="com.loginmodule.learning" class="android.widget.EditText" text="••••••••" resource-id="com.loginmodule.learning:id/textInputEditTextPassword" checkable="false" checked="false" clickable="true" enabled="true" focusable="true" focused="false" long-clickable="true" password="true" scrollable="false" selected="false" bounds="[55,1287][1025,1411]" displayed="true" /&gt;
                &lt;/TextInputLayout&gt;
                &lt;android.widget.Button index="4" package="com.loginmodule.learning" class="android.widget.Button" text="LOGIN" resource-id="com.loginmodule.learning:id/appCompatButtonLogin" checkable="false" checked="false" clickable="true" enabled="true" focusable="true" focused="false" long-clickable="false" password="false" scrollable="false" selected="false" bounds="[55,1521][1025,1653]" displayed="true" /&gt;
                &lt;android.widget.TextView index="5" package="com.loginmodule.learning" class="android.widget.TextView" text="No account yet? Create one" resource-id="com.loginmodule.learning:id/textViewLinkRegister" checkable="false" checked="false" clickable="true" enabled="true" focusable="true" focused="false" long-clickable="false" password="false" scrollable="false" selected="false" bounds="[55,1736][1025,1795]" displayed="true" /&gt;
              &lt;/android.support.v7.widget.LinearLayoutCompat&gt;
            &lt;/android.widget.ScrollView&gt;
            &lt;android.widget.LinearLayout index="1" package="com.loginmodule.learning" class="android.widget.LinearLayout" text="" checkable="false" checked="false" clickable="true" enabled="true" focusable="true" focused="false" long-clickable="false" password="false" scrollable="false" selected="false" bounds="[0,2017][1080,2148]" displayed="true"&gt;
              &lt;android.widget.TextView index="0" package="com.loginmodule.learning" class="android.widget.TextView" text="Wrong Email or Password" resource-id="com.loginmodule.learning:id/snackbar_text" checkable="false" checked="false" clickable="false" enabled="true" focusable="false" focused="false" long-clickable="false" password="false" scrollable="false" selected="false" bounds="[33,2017][1047,2148]" displayed="true" /&gt;
            &lt;/android.widget.LinearLayout&gt;
          &lt;/android.widget.FrameLayout&gt;
        &lt;/android.view.ViewGroup&gt;
      &lt;/android.widget.FrameLayout&gt;
    &lt;/android.widget.LinearLayout&gt;
    &lt;android.view.View index="1" package="com.loginmodule.learning" class="android.view.View" text="" resource-id="android:id/statusBarBackground" checkable="false" checked="false" clickable="false" enabled="true" focusable="false" focused="false" long-clickable="false" password="false" scrollable="false" selected="false" bounds="[0,0][1080,171]" displayed="true" /&gt;
  &lt;/android.widget.FrameLayout&gt;
&lt;/hierarchy&gt;</msg>
<kw name="Capture Page Screenshot" library="AppiumLibrary">
<doc>Takes a screenshot of the current page and embeds it into the log.</doc>
<msg timestamp="20230222 22:39:55.981" level="INFO" html="true">&lt;/td&gt;&lt;/tr&gt;&lt;tr&gt;&lt;td colspan="3"&gt;&lt;img src="data:image/png;base64, iVBORw0KGgoAAAANSUhEUgAABDgAAAjoCAYAAAA5jhrUAAAAAXNSR0IArs4c6QAAAARzQklUCAgI
CHwIZIgAACAASURBVHic7N15mOX7Qdf5z+9stVdX78tduu+aPVwIApqJyOaIKCGjBkbkeQQHhAcG
lwijo4MOEwxxTByMOjyi4CA+gswoDwOKGQXhEQNBucGEJPfe3Nx96e7be3et55zf/FFV3bV1d3V3
Lefb9/VK+nb36VO/8zunTnfVeZ/vUr3nsx+rAwAAAFCwxm6fAAAAAMCdEjgAAACA4gkcAAAAQPEE
DgAAAKB4AgcAAABQPIEDAAAAKJ7AAQAAABRP4AAAAACKJ3AAAAAAxRM4AAAAgOIJHAAAAEDxBA4A
AACgeAIHAAAAUDyBAwAAACiewAEAAAAUT+AAAAAAiidwAAAAAMUTOAAAAIDiCRwAAABA8QQOAAAA
oHgCBwAAAFA8gQMAAAAonsABAAAAFE/gAAAAAIoncAAAAADFEzgAAACA4gkcAAAAQPEEDgAAAKB4
AgcAAABQPIEDAAAAKJ7AAQAAABRP4AAAAACKJ3AAAAAAxRM4AAAAgOIJHAAAAEDxBA4AAACgeAIH
AAAAUDyBAwAAACiewAEAAAAUT+AAAAAAiidwAAAAAMUTOAAAAIDiCRwAAABA8QQOAAAAoHgCBwAA
AFA8gQMAAAAoXmu3TwCSpEpypDOcr997NI+NTeVQe2jD6/XqOi/MT+fXLr6WX7lwOpd63dQ7e6oA
AAAMoOo9n/2Y14fsiipJu2rkOw4/kHdN7k+raqS6hY+vk0z3u/np117Mvz73qtABAADwOiZwsCsa
qfJX731DHhubSpJbChtrLT+B/8QTv5m+zAEAALDtvnLPwRxsbTzyftnPnHlxh85mkSkq7Lg3j0zm
B+9/U25tvMb1LR/lK/cczL+7cGpLjgkAAJRrvNnK/Z2R7G11MtlsZbzZyuVeNxd73Zzrzuf5+Zlc
7nV3+zS33ANDY3lm7sqO3NZXTB7MW0Ynb3gdgYO7VpXkO488mK/ec2iL0sZqf+rg/fn3F06lTnK0
M5xX5me34VYAAIBB89DwWN4+uidvG53MiaGxTLXaN/2Y892FPDt3JZ+cvpjfmb6Qz8/uTBjYLt9z
5KGc7s7tWOAYRAIHO6JK8qETb8+JodFtu43xZvPqr//gnsM5053PL5x7ZdtuDwAA2D2H20P5yj2H
8gcmD+TgdTYpuJGpVjuPtaby2NhUviXJ6YW5/IeLr+WXL5zKyYW5rT/hbfQ9Rx7KV+45uOMjJgaN
wMG2W44bx7cxbizeTpVHRsbz5MzlPDV7Oe879kj6qfOvz726rbcLAADsnIeGx/Le/ffm94zv3dLj
HmwP5U/svyd/Yv89+fjlc/nZMy/m6QJGdSzHje3ywNBYvvXQ8bz1JtNRNvIv3/Blq37/qemL+YlT
z23bKJO7NnAcbg+lWVU5uTCXXr2zC0+ON1vZ1+rkSq+bM935LTtuu2rkcHsoF3vdXOwtbNlxt9t3
HXlwW0duLKuSfOHoVJ6cuZyz3flUSf7MoRN5evZKnpi5tO23DwAAbJ+HhsfyzQfuz2Nje7b9tr5k
fG++ZHxvPnHlfP7Zay8MbOjY7riRJN926PhN19rYrLeOTuZbDx3PD7zw6S053loDETjaVSNfPnkg
v29iX852F/L3Xn36lo9xoD2Ud+89mreOTubezkia1eIqD726zsmFuXxm5mL+33Ov5vm56a0+/TSr
Kl+z51B+38T+nBgazXjz2sO6UPfz8vxsnpi5lF86fzLP3uLtv310T75m6lDeNDKRva3O1bUrZvu9
PDM3nf98+Vx+/twrOx5xNuvNI5P5qj2Hduz2jg+NpkrSqRpJFqPH++97c775qd/KfN3fsfMAAAC2
zhtHJvIXjz2SA63Ojt7uY2NTuXdoNB9++al8dsDeNN2JuJFky+LGstsZCbJZuxo4Hhvbky+fPJgv
HJvK5FIU+O0r52/5OH9079F844F7M9porvuzZlXlWGc4xzrDedfkgfziuVfzT08/f8fnvuxto5P5
jsMP5J7OyIZ/3q4aOT40muNDo/mqPYfy0Qsn809OPZ+Fm7zYblZVvvvIg3nXxIGrsWal4UYzbxqZ
yJtGJvKuyQP50Vc/nydnL2/JfdoqzarKD97/pm1ZUPR6plrtq4uMrjyPv3Pi7fmeZz5hE1kAACjM
u/cdzbccvH/LdmG8VQdanbz//jfnJ08/n58/Oxhr/O1U3CjNjgeO+4dG85WTB/PF43tzbMWL0Nv1
zQfvy3+3755NPdU7VSPv2Xcs+1qd/Mgrn7vj2/7S8X3580cfzlCjsanrN6sqXzt1JIfbw/nAS0/c
cNTFX77nDXnH2NSmjntiaDTff8+j+RsvfCYvzs9s6mO2W5Xkr97zhh3/R2i40UyV5M0jE6suP9IZ
zhE7qwAAQDHaVSPfe/ShvHNi/26fShqp8qcPHs8jw+P5u688fdM3rLeTuHF9m3tlfocmmq28e9/R
fOD+t+TDJ96Wr993dEvixu8Z35tv2Hts3Uvoy71uPjV9Mf91+kLObrAGxpdPHsjXTh2+o9s+1hnO
9xx9cF3c6KfOs3PTefzK+fzu9MUN18r4orGpfOP+e6977D954L4N48aphbl8cvpinpm7sm4kwr5W
J9979KHbui/boV018gWbDDRbafkfmgeHx1ZdXiX5W8ffukvNFwAAuBUTzVb+5v1vGYi4sdI7J/bn
B+5949UZCDtN3LixHfmsvP++t+S+oY2ncNyJb9x/77rpG7968bX8w5PPZKbfu3rZRqM8/vj+e/PR
C6due+2KbzpwX8Yaqx++5+em8w9Ofj5PzlybKtKuGnnvgXvW3f4fmjqcnz3z0rryd6Q9nK/fd3TV
Zb26zj89/Xx+fsWWp18wtifffeShVXPQHh4ez9dOHc6/OX/ytu7TVvqOww9seHmdpE6ds92FvDw/
k+fmpnO+u5BuXWeq1c7Dw+PZ12rnUHsorRXraGzWxV43SXJog22iRhut3NsZyQsDMsoFAADY2Pcf
ezQPrXnTclC8ZXQy33fs0fwv27RQ5vVsFDd+5cLpHGoPbfk6GaXakREcG60hkeSOdgJ5dGQ8D6x5
wn965mJ+5JXPrYobSfLPTr+QX714etVle1vt/P7JA7d12+2qkcdGV6/ce7HXzftfemJV3EgWRxT8
s9Mv5Lcun1t1+XizlS8eXz/C4Y/sPXJ1gcxlP3/ulVVxI0l+58qFfPClJzK75r7+t3c4MmUrVEne
Nbn/apiol378yoXT+c7PP573PvHxfOfTj+enX3sx93RG8o0H7s2fPnQ837DvWJ6fm873PvM7+aYn
P54/+dTH82Mnn8lC3d/02hkvzs1kotm6GkfWntefPfLgltxHAABg+/z4qecGdpOA+bqfHz/13I7e
5l84+vCGceMjt7FBx91sx8fVXO5188npi/mNy2fzny6dyc8++qW3dZzfO75/3Tv7v3ju1ete//8+
81K+fPLgqo95x9hUfuXC6et+zPXcPzSyaqeUJHn8yvm8tjB33Y/5jUtn8yVr9mk+PjSaj106u+qy
t4+tDyf/4syLGx7z6dkr+eULp/OH9x5ZcW6jefPIZD49c3FT92U7HG4Pp1U1Umdxt5ePvPp0fnPp
fo41W/kLxx7Ol43vS6OqVn0+6ix+npZjxly/n186fzK/dP5kDreH8r5jj+Sh4fHrjuiok/zO9IV8
3d6j173OG4bH00iVzSeTnfMN+47lnRP7c3xpS93n5qbz65fO5OfOvrzLZwYAADvrmbkr+cgrT+d9
xx7Z7VNZ5yOvPJ1n5nZu29i//8BjqzZRSMSN69mRwDHd7+a3Lp/Lxy+fy69dfG1LFmRZO+Vltt/L
x9eMkljp5fnZvDg/k/tW7HZy7Do7n3z1nkP5ur1HMtZs5ZnZK/knp59btTjlQl3no2umgTx+5cIN
z/fkwvrFLSfWRJLJZnvd2iSfmbmYuf71H69fubg6cCTJF41P7WrgePfSFJt/dPKZ/NL5k6mzOHri
L9/zhnzx+N7rxod+XV93VM/Jhbn8T899Kofbw/nIA19w3VFBn5y+kL949OHrnlujqrKv3blhjNpp
R9rDS/Fm9Yikh4bH8tDwWN45sT8fevmpvLrBcwgAAO5Wv37pTB48O5b37Du226dy1b86+3J+/dKZ
Hbs9cePW7Ejg+P7nPrXlxzy8Zo2F17rzN11P4/TC3KrAcWSDdRoeHRnPdxx+IK2lF9AHxjsZbjTz
11fMr3p+bjo/evKZWzrfkQ22sF0bLo52htftOvLyTXb9eHr2Si73uqtGlJxYGgGwWx4dGc+3PPVb
mV6aPvPoyHh+6L63rBuxsdbNXsDXS9d575O/mb907NF82cS+Vceb7/fz0PBYxm6y4M+Xju+94Wif
nbZR3FjpoeGxvO/YI/m+5z65g2cFAAC776dOP5/jQ6P5ol3YwGCt375yPj91+vkduz1x49btyBoc
22Ht6IdLS4tL3sj57urRAcONZkbXhIe3je65GjeWPbIFi9t8wZqpJ0nymZlLq36/9j4lWbfGxkbW
3ve9rfYtnt3Wet+zn8x0v5cqizvCfOD+t6Z5k7iRJE/MXN7UxJE6yd9++cl85JWnV13/3184lb9y
zxtueDtVMhD/OC77hn3HNrV40kPDY/mGASrXAACwE+okH375qby0yxsFvDQ/kw+//NSOTXQXN25P
sYFj7UKc8zeYxrFso6kxe1fsQpIsjvJY61z39hdDTRZ3N1m7IMxzc9PrFh6d7q2PGWt3atnI2sV3
NhotstOqJP/zvW/MH9t/z6Z3Qfnc7OWbX2lJneQ/XDydH3rxs1cXMf3dmYuZbN487txznalJu+FW
tr0atC2yAABgJ0z3e/nAS09cHSF+t9/+RnHjE1fOixubUG7gaKw+9d4mWlp3gyksaxcL/bWLr61a
y2O638tPX2eRzxtpV408PDyebz5wX37g3jeuChULdT8/ucHQppMLs+vuxb2b2F537cesjT87bXm9
jS8am7qlLV7PdOdv+bZ++8r5fPjlp/K52ct537FHNnV7ezYRQXbK8VuYTnQr1wUAgLvJy/Oz+dAO
jqBYVif50MtP3XTpgK2yUdxIkn9p44FN2fFdVLbK2rUqbldzg+P88EtP5KHhsextdfK52cvrprZc
z587+vCqrWc3OsOZfi//+NSzefzK+XV/dqY7n9MLczm0Ym2QN41MZKrVvu457G91sn/NKJTd9rV7
j9xwMdHrudFiqjfyny6dybcfPrHp50Rja546AADADnr8yvn8xKnn8m2Hju/Ybf7Eqec2fO22Ha4X
N9i8YkdwbLenZ6/kP18+t+m4kSw+mNWKHxsd8689/+n88g22pv3U9OrdT0YazXzT/vs2vG67auS7
jzy0bu2OjUaq7KQ/c+jEbeWn25laszwVZjNTU5Yt7PLjs9Jzc9Pbcl0AALgb/cK5V9btaLldPnr+
ZH7h3Cs7clvixtYQOHbQg8Nj+fbDJ/LGkYnrXuffXTi1bjeYr5k6lG89dHxVyHhsbCrvv//NeWyD
xUvXrslRilv9C10l+fNHH77lRUPP3sZUmO1yK1tM7eR2VAAAMKh+7NSz6zZs2GqfmbmUHzv17Lbe
xjJxY+sUO0VlEL04P5PfXRqB0a4amWi2cqg9lObSrixVkjeOTOSv3fvG/Mgrn1u3yGiSfHbmUj52
+Wz+mxULSlZJ/ujeo/mDew7nXG8+Y43WhjuuLNvMjjLbqV/XV+/zrbhR+FmrSvI3739LHh2ZuOXR
Is/MXrnFj9g+P3f25bxzYv9Nd1J5evZKfs68OwAASK+u88GXnsjfPvH2HNiG6fqvdefzwZeeWPfG
83YQN7bW6z5wbGZx0s362TMv5WfPvLTqsqOd4bxn37F81Z5DV1+Ijzaa+bOHH8hnZi7l8gYx4sdP
PZvjQ6O5b81uH0ONRo40Vj/5L/e6aVTVqu1ud3uEwsvzs7lvE4ujrvXg0GiqrF80da3RRjM/8fA7
0r6NxVTrZMOwtJs+9PJTed+xR64bOZ6evZIPvfzUDp8VAAAMrou9bj7w4hP5wPG3bOkmC/N1Px94
8Ylc3IE3jcWNrVfsFJW10zA2Wix0rY0Wl9woMGylV+Zn8w9e/Xz+zblXV12+r9XJH546suHHnO8u
5IdfemLdehxrPTc3nfe/9Nl1n8Tnd3mthv946bXb+rj97aE0bjDyo1lV+bOHH8g/feT33FbcWPY7
0xdu+2O3w6sLs/m+5z6Znzz9fJ6evZJuXadb13l69kp+8vTz+b7nPplXF3Zm1WYAACjFM3NX8pFX
tnbr1I+88nSemdv+Ed/ixvYodgTHbL+fTvPai9z2JrbGGKrWL2J5obf5RUTvxE+feTFfPXVoVV18
bGxP/sV1tqB9ZX42P/DCp/N7J/bly8b35VhnJGPNZhb6dU4uzOY/XzmXj54/lbeNTmZ4zeKcT8xc
3tb7cjMfPX8q33TgvttaaPS+zkieXRNoWlWVP3ngvvyRvUfTrKo72j9ntt/b9qh1u37u7MumoQAA
wC349Utn8uDZsbxn37E7Pta/Ovvyjqx7J25sn2IDx3S/m8kV61BMNG6+i8badSvm6/6Ovdi93Ovm
lfnZHB8avXrZ4fbNn9Qfu3Q2H7t09rp//qXj+1b9/nx3If91l0coXOwtZKbfWzVtZjOqJN926ET+
1xc/k7FGM++aPJB37z2a/e2hLdkUuE7yqxdf2/G9swEAgO3zU6efz/Gh0VvefGCl375yPj91+vkt
PKuNiRvbq9jAcXJ+LkdWBIL97ZsvLnOwPbT6GAtzt3XbXzq+L28dnVx12b89fzIvzs/c8OPWbt96
OwtxrjTZbOddkwdWXfbJAZh+USf5f868lD918P5bDhNvGZ3MTzz0jowtxaitCBsr7cQ/WgAAwM6p
k3z45afyweNvzT2dW18L8KX5mXz45ae2/Y1QcWP7FbsGx/Pzq6cxjDaaeewGxW6q1c69a57sr87f
3roGJ4ZH83V7j6z6sZkdQPa2Vo8yuXKHo0e+/fCJVaNS6iS/tEN7Qt/M7U61qLI8yqLe8rjx/Nx0
Zvq9LT4qAACw26b7vXzgpSdy8RaXILjYW8gHXnoi09v8OkHc2BnFBo7Hr6wfqfA1ew5d9/p/eOpI
WmtGTNzuaIeNwsjvndi3wTVX//m+NVsYvXIHC0d+15EH884VW8kmyccvn932/aA3q07yT049d1sf
+7V7D+cHX/jslhbUOslfeu6TpqcAAMBd6uX52fzwS09uenvXXl3nh196Mi/f5hvfmyVu7JxiA8cn
rpxfNyXkyyb25ev2rt+Z5IvGpvJH1lw+3e/lly+c3vDYX73nUP7OibfnHz70Rfkr97xh3ZPxNy6f
XVf4vnBsKt9y8P4Nj/eGkYn8mUMn1l3+X25xu9L7h0bzx/bfk7//wGPrYs757kL+r1ODNf3iF869
clsltJEq7z1wb3781LNbEiTqJL947tUd2ccaAADYPZ+duZR/dOrZTV33H516Np/d5jeIxY2dVewa
HEnyC+dezXcefuDq75cXqfyS8X35zMzF9Oo6J4bG8sXjU+u2Ff3/zp/a8MX3oyPj+Y7DD1wd7XFg
vJPhRjN//YVPX73OXL+ff3fhVL5+79FVH/uefcfyjrGpfHL6Ys525zPcaObE0GgeG9uz7vafn5vO
Ry+cuuH9e9PIRL7t0IkMNxoZb7ayp7nxQqoz/V5+5NXPDdxWonWS7/78J/LjD7/jlqebvGlkIr94
7pX83Vc+l+89+vAdTVc5253PT2zyHzkAAKBs//b8yTwwNJo/OHX4utf56PmT+bfbPL1f3Nh5RQeO
j54/mbeNTq6aqlEledvoZN62ZhHQlZ6evZKfem3j0Q5vG92zbirLI8Nj6673z197IQ8Pj+fNa9be
uH9oNPev2CllIxd6C/nRk8/cdETBeLOVhza47ZXOdRfyI698btd3TrmeC72F/K2Xnsz33/PoLUWK
Ksn7jj2S/+Hp3853ff7x/J8PfuFtRY5eXefPPfM7pqYAAMDryI+dejb3DY3mTRuslfiZmUv5sW1+
A1Tc2B1FB44k+T9e+Vzm+v18xZ6Dm3oB/LvTF/O/v/zUdePC6Q12VjnXXb9QzVy/n//txc/kOw8/
mHdN7k9jky+/n52bzo+e/HyenLm8qetfT6+u8x8vnclPnX4+Z7rzd3Ss7fabl8/mX7z2Yt574N5b
ihSNVPnHD70j733yN/PHn/iNfPD4W/PQ8Pimj9FPne/8/OPbvmAQAAAwWHp1nQ++9ET+9om358CK
tRBf687ngy89sa3T17cjbnzroeO50tv4dc2J4Ru/wf56Unzg6NV1/t6rT+e3Lp/Lu/cdzSPD4+u2
X62TvDg/k4+eP5lfPPfqDY/3axdfy++b2J8vGd+bZHGtjp8+8+KG153r9/Mjr3wu/+Hi6Xzt1JG8
fXQyw43muuv1U+e5uen86sXXbnstiDrJue58XpmfzadnLuVXLpweuCkpN/IzZ15ML3X++wP33fJI
jp959EvyHU8/nu9/7lM5PjSav3TskRzrjNzwON26znd9/vGcHfD4AwAAbI+LvW4+8OIT+cDxt6RT
NTJf9/OBF5/IxTvczfJGtmvkxgNDNx7Zv52m+72MbvA6906Ot12q93z2Y3fV6P19rU7eMjqZvc12
mlWVC72FPDVzOS+sWZD0Zh4aHsveViefm72c8xuM4NhIs6ryttE9OdYZzkijmbl+P+e78/ndmYsb
jgK5mfFmK8c6w7nc6+Zcd+Gu2OL0raOT+Rv3vWnTI16W9eo6P/TSZ/OJpd1zDreH8sf335M/MHkw
jaWgtXzEc92F/I/PfCIz/V7+6r1vzKenL+a3Lp/LofZQ/suV81t5dwAAgAH3zon9ed+xR/Khl5/K
r186s223MwjTUn7mzIv5mdc2foP+dn3jgXvzjfvv3bLjbcc5LrvrAgeDb7jRyN994LFVQ8U2o07y
+JXzef+Ln716WZVkZGkx16/YczBz/X7+8YrdV77l4P2Zr/u50F3I3lYn//y1F7bsfgAAAGV4dGT8
jpcJuJF3TuzPH7rBoqZ36pm56Vzp33zkye9OX8ynpi9u+e2/dXQyb7nBOpebtV3nt0zgYFdUSU4M
jeWH7n9zhhrNWxrPUWdx7ZX/ePG1TS0eWi19DAAAAHcvgYNd9+DwWL790Ik8PDyeRlXdNHbUSerU
me3384MvfCZPzm5fiQUAAKAMAgcDo1lVOdDq5EvH9+ULx6Zy79BIJputtKtGZvu9nOnO59m56Xz8
8rl84sr5XO51jcwAAAAgicABAAAA3AUau30CAAAAAHdK4AAAAACKJ3AAAAAAxRM4AAAAgOIJHAAA
AEDxBA4AAACgeAIHAAAAUDyBAwAAACiewAEAAAAUT+AAAAAAiidwAAAAAMUTOAAAAIDiCRwAAABA
8QQOAAAAoHgCBwAAAFA8gQMAAAAonsABAAAAFE/gAAAAAIoncAAAAADFEzgAAACA4gkcAAAAQPEE
DgAAAKB4AgcAAABQPIEDAAAAKJ7AAQAAABRP4AAAAACKJ3AAAAAAxRM4AAAAgOIJHAAAAEDxBA4A
AACgeAIHAAAAUDyBAwAAACiewAEAAAAUT+AAAAAAiidwAAAAAMUTOAAAAIDiCRwAAABA8QQOAAAA
oHgCBwAAAFA8gQMAAAAonsABAAAAFE/gAAAAAIoncAAAAADFEzgAAACA4gkcAAAAQPEEDgAAAKB4
AgcAAABQPIEDAAAAKJ7AAQAAABRP4AAAAACKJ3AAAAAAxRM4AAAAgOIJHAAAAEDxBA4AAACgeAIH
AAAAUDyBAwAAACiewAEAAAAUT+AAAAAAiidwAAAAAMUTOAAAAIDiCRwAAABA8QQOAAAAoHgCBwAA
AFA8gQMAAAAonsABAAAAFE/gAAAAAIoncAAAAADFEzgAAACA4gkcAAAAQPEEDgAAAKB4AgcAAABQ
PIEDAAAAKJ7AAQAAABRP4AAAAACKJ3AAAAAAxRM4AAAAgOIJHAAAAEDxBA4AAACgeAIHAAAAUDyB
AwAAACiewAEAAAAUT+AAAAAAild9xe9/d73bJwEAAABwJ4zgAAAAAIoncAAAAADFEzgAAACA4gkc
AAAAQPEEDgAAAKB4AgcAAABQPIEDAAAAKJ7AAQAAABRP4AAAAACKJ3AAAAAAxRM4AAAAgOIJHAAA
AEDxBA4AAACgeAIHAAAAUDyBAwAAACiewAEAAAAUT+AAAAAAiidwAAAAAMUTOAAAAIDiCRwAAABA
8QQOAAAAoHgCBwAAAFA8gQMAAAAonsABAAAAFE/gAAAAAIoncAAAAADFEzgAAACA4gkcAAAAQPEE
DgAAAKB4AgcAAABQPIEDAAAAKJ7AAQAAABRP4AAAAACKJ3AAAAAAxRM4AAAAgOIJHAAAAEDxBA4A
AACgeAIHAAAAUDyBAwAAACiewAEAAAAUT+AAAAAAiidwAAAAAMUTOAAAAIDiCRwAAABA8QQOAAAA
oHgCBwAAAFA8gQMAAAAonsABAAAAFE/gAAAAAIoncAAAAADFEzgAAACA4gkcAAAAQPEEDgAAAKB4
AgcAAABQPIEDAAAAKJ7AAQAAABRP4AAAAACKJ3AAAAAAxRM4AAAAgOIJHAAAAEDxBA4AAACgeAIH
AAAAUDyBAwAAACiewAEAAAAUT+AAAAAAiidwAAAAAMUTOAAAAIDiCRwAAABA8QQOAAAAoHgCBwAA
AFA8gQMAAAAonsABAAAAFE/gAAAAAIoncAAAAADFEzgAAACA4gkcAAAAQPEEDgAAAKB4AgcAAABQ
PIEDAAAAKJ7AAQAAABRP4AAAAACKJ3AAAAAAxRM4AAAAgOIJHAAAAEDxBA4AAACgeAIHAAAAUDyB
AwAAACiewAEAAAAUT+AAAAAAiidwAAAAAMUTOAAAAIDiCRwAAABA8QQOAAAAoHgCBwAAAFA8gQMA
AAAonsABAAAAFE/gAAAAAIoncAAAAADFEzgAAACA4gkcAAAAQPEEDgAAAKB4AgcAAABQPIEDJQNw
bAAAIABJREFUAAAAKJ7AAQAAABRP4AAAAACKJ3AAAAAAxRM4AAAAgOIJHAAAAEDxBA4AAACgeAIH
AAAAUDyBAwAAACiewAEAAAAUT+AAAAAAiidwAAAAAMUTOAAAAIDiCRwAAABA8QQOAAAAoHgCBwAA
AFA8gQMAAAAonsABAAAAFE/gAAAAAIoncAAAAADFEzgAAACA4gkcAAAAQPEEDgAAAKB4AgcAAABQ
PIEDAAAAKJ7AAQAAABRP4AAAAACKJ3AAAAAAxRM4AAAAgOIJHAAAAEDxBA4AAACgeAIHAAAAUDyB
AwAAACiewAEAAAAUT+AAAAAAiidwAAAAAMUTOAAAAIDiCRwAAABA8QQOAAAAoHgCBwAAAFA8gQMA
AAAonsABAAAAFE/gAAAAAIoncAAAAADFEzgAAACA4gkcAAAAQPEEDgAAAKB4AgcAAABQPIEDAAAA
KJ7AAQAAABRP4AAAAACKJ3AAAAAAxRM4AAAAgOIJHAAAAEDxBA4AAACgeAIHAAAAUDyBAwAAACie
wAEAAAAUT+AAAAAAiidwAAAAAMUTOAAAAIDiCRwAAABA8QQOAAAAoHgCBwAAAFA8gQMAAAAonsAB
AAAAFE/gAAAAAIoncAAAAADFEzgAAACA4gkcAAAAQPEEDgAAAKB4AgcAAABQPIEDAAAAKJ7AAQAA
ABRP4AAAAACKJ3AAAAAAxRM4AAAAgOIJHAAAAEDxBA4AAACgeAIHAAAAUDyBAwAAACiewAEAAAAU
T+AAAAAAiidwAAAAAMUTOAAAAIDiCRwAAABA8QQOAAAAoHgCBwAAAFA8gQMAAAAonsABAAAAFE/g
AAAAAIoncAAAAADFEzgAAACA4gkcAAAAQPEEDgAAAKB4AgcAAABQPIEDAAAAKJ7AAQAAABRP4AAA
AACKJ3AAAAAAxRM4AAAAgOIJHAAAAEDxBA4AAACgeAIHAAAAUDyBAwAAACiewAEAAAAUT+AAAAAA
iidwAAAAAMUTOAAAAIDiCRwAAABA8QQOAAAAoHgCBwAAAFA8gQMAAAAonsABAAAAFE/gAAAAAIon
cAAAAADFEzgAAACA4gkcAAAAQPEEDgAAAKB4AgcAAABQPIEDAAAAKJ7AAQAAABRP4AAAAACKJ3AA
AAAAxRM4AAAAgOIJHAAAAEDxBA4AAACgeAIHAAAAUDyBAwAAACiewAEAAAAUT+AAAAAAiidwAAAA
AMUTOAAAAIDiCRwAAABA8QQOAAAAoHgCBwAAAFA8gQMAAAAonsABAAAAFE/gAAAAAIoncAAAAADF
EzgAAACA4gkcAAAAQPEEDgAAAKB4AgcAAABQPIEDAAAAKJ7AAQAAABSvtdsnADCo6tS7fQoAsE6V
ardPAWAgCRzA69oNI4a+AcAAqqvrf4ESP4DXM4EDeF1aFTZuKWSoHgDspA2CxfW+FFXXvr4JHcDr
kcAB3PWuxow6qaoqSSONVjuNZieNVieNdieN1lAazU6qqplUzVSNZqpGI6kaqaqkzuLPbJ8667+N
f93lpJV3uNrg8o0uY1M8XIXY6Lm+8vI7OOSy6s4OtyvqOqlSp67r1HU/qftJv5e6301d99PvLaTu
zafuzqXfnU/dm0+/O58q/dR1kkr0AF4fBA7grrUybCRZ/K62aqSqGmm2h9McGk9reDyt4Ym0hyfT
HBpL1RxK1VyOH61UjdbixzQWP+71YrMvCLbyhcKWB47SXsFk8UXMsuWgVl/9T5Lq2mNUF3j/dtOg
P1w3a1i31bZ24y/ynRrgwHGjf6O2Pc7W/dT9xbhR9xcWw0ZvIf3u3OLP81fSm7uU3syldOcvpT93
JXW/l9RJnf5y37g6tUXoAO5WAgdw17nu9JO6ShqNpNFKszOazuhUOhMH05k4kKGJQ+mM7U+jPZpG
ezjN9kga7U6areGk0Voc0dFs7vh92Q07/cJ5225umw68XecrWCzarsdhUB9ez6clA/x5H4TnZN3v
Xf3R780uho2FufTnr6Q/P5Pu7PnMXzqV7uXTqS63062r9Bdm0+8nVV1fu7WlSmMaC3C3EjiAu8aq
ERtL00sazXZanfE0h0bTGhpPc3gizaHxNIcn0+yMpTE0mebQRDI8kW57LGkNparaqep2ql47jbqZ
VI3FTbVv9H3gZt4irK5z3S10o3eBd2T6R72NL9iWft72WRo78PnZ6oOW9lp2M274+b6Dt+QHdbbP
zf6e3u75Lr84r9YcYFAfh+04iTs95KpRVMnVkVTrLr+d465x3adyXSV1Y/Hz2R9K3W+mTit1o5W0
R1NnJI3GeJrDB9KYuJT2wpUMz15Mf/5yenOX0p+7nO7c5fQXptPvzSf93uKoECM6gLuMwAEUb91U
lCRJI41GK832aDqThzI0vj+dicNpTxxMZ/xgqtZo+o120uykX3VSV510G63UaaauGqnrRtKtUleN
xXU76iq1wLGpGxvYwLHZOQCDEjhu4XwH4oXpFll3Xzbzid9E4Nixx+gW/8Jt99+X3TjAtj7Wd/AP
2nbNzrnhcbfocVwMEIulvaobSVqp0k7VHE3V6KVq7Ulj5EDa/fk06vlU/fk0+vNZuHwq3Suns3Dp
VKpLr2bhypnUMxcXw0bdvzawQ+gA7hICB1CsdVNRqmppvYxmWp3RNDpjaY9MZWjvfRmaOJyhqWNp
TxxOZ+LIYtRIlV7dSN1Per2k10/6Sy8W+/XiO5/1yhePO/AKaadfqO7kMPbSpqLs9M2VNqWgtMdh
UJ9/HsftPfDdMkVlMT0sxodGtfTlrlr8daORNBtJmkuzMBv9NFKnVfWT4b2phvck7bHUzU6qRifd
Zjv9+enFH/3uUujoL56T0AEUTuAAirTRqI1Gs7O4fkZnNEOTR9LZczSdicNpjOxLc2gy9fBUFhoT
6XabqVOlrqv0k/TqpL8ibixPV66zs3EDAK5nafmM9LO4KUqVxa9X/Wrx61evn3QbSSPVYvhII8l4
MnQ4jcnhdDp70pm8J70rp7Nw6dXMX3o1/dlL6Xdn01+YztLiHFfX6BA5gBIJHEBx1seNxUuqZjvN
9mjaI3syvPe+jB58OJ2pe9JrjKRuDqVXDaWXTnrd1tW4kVwbpbHyXbqrvx6k3QUAeF1bnvZSZ2nn
12rx516WRnX0lmfvVGmkSrMaS6vTSbM9nvbovjTrufQvn0zVHEq/N5/u0raz9cJ0qmt1Q+QAiiVw
AEVZGzeqRiNVs5NGs5P22IG0x/alM3EoQ/tOpLX3eJrjR1PXzXTTSL/XyEI/6faut4jbJi8DgF22
MnZcuyBZuWBUu9lJ3eikao2mUU2mqnqpmsNpdnvp9HtJczhVayRJ0u/Np+7OJ3VP5ACKJXAAxajX
raZYp2p20h7fn87ovnT2LK2xseeeVMP7s9CczEK3mX6q9Ovq6lQUzQKA14NenaS3OIWlWVWZq1pp
ZjzV2D1pt4bTGJ5K7/LJLHRG0p0+m+702fTnL+fqSI4srsshcgClEDiAcqyZkpI6abSG0hnbl5H9
JzK070Q6k/ekvfdE5nrNzPWaWeg21r/LBQCvA/3+0podvSwuwl0l7cZ4hseGM7TnSPrDe9Idnkyj
3U4azfTmp1PPXU6q+upUl9QiB1AOgQMYeKt2S0mdVI00W0OpWkNpTxxKe8+96ex9II2xI+l19qbO
cLpZWjx0eajuANaNnTylnd6hYwAf7ltW2u4W26W0x6G0XT7YOj5F11cvh4ok3TqZr9up+u2kvTcZ
7aWZKq1eP72FuST91Auz6Xfnk7obkQMoicABDLTV01KWFhOtmmm2R9McHk9n/GDaE0fSGD+Wenhf
6sZoFhaW48bVDwMA6sUdYbtZjIytaiSNzr40W+005mfSmruUdGfSqy6mX/dSd7urFh8VOYBBJ3AA
hbg2LaWqGotxY2x/2pNH0t5zX9pTD2ShGs5CL5lf2O1zBYDB1K+r9HvJQi9pN8fSGR5Lu30orYW5
pHs5VW8mdb+famEmdT2XuorIARRD4AAG0trdUuokVaOdqtVJe3gynT33ZmjvvWlPHU89vD/zdTO9
Oun1r3tIAGCFfr24s9hskqq9J42JE2mlkX6a6S/NI6t786m7C6mW96WN3VWAwSVwAANnbdxYnjhc
tTppdcbSHtufoan7MnTwkbQm7k23OZaF/mLgKG19AwDYLf1+slAvTutst/akPdlKuz2cfnc+dXcu
6c2nN385da+7FDViC1lgoAkcwGBau2NKFndMaY3sSXv8UJoTR9OauCfV2OHUC1W6vcGNGzt9Wjv5
OOz4Qz6gn2PYDAu2bveBX2e24HGss/j86feSZnMsaY8kzXYa06+lMXsxzfkrqfvdxa1j+0mqa1NV
tA1gEAkcwEDZaFHRxYvqNDtj6UwcTmfPPamG9mSh7iQLVbp93y8DwJ3o1knVbaTZa6VuT6U5fiTp
zqTfnUumzybpp65zbaqK9TiAASRwAAOrXvmfOml2RtIe25/W+KH0O5PpppN+T9wAgDt1bbpKK632
RJqjB5OFS2lMn87icI3FsLHyvwCDRuAABka9KlXUy/9ffHeoSqr2WBqjB9IcO5S6PZFe1U6/9g0W
ANypOtXSWlbNNFsTyUg/1cKlpP1i0mim7i+O2qiSa23DKA5gwAgcwGBZu75oVSWpUjUaqdpjydBU
+kP7UzdGkoZ/wgBgK9VVK/3maPrNRurOhdTtsVTNTtJfSN3vZ/ntiJWjOCw4CgwKrw6AgbB27Y3l
qSlVGqkazaTRTFqjqYf2JUP7krqR1JX5KQCwlapG6uZY+tVo0rmYNCeS5lDSnV18z6HuJnWVusqq
XVUABoHAAQyYaxNV6iSNZjuNzkganbFUnfH0G5300kw/u9s2BqGrDOquMVtih+9babtbbJfCThe2
VHG70WyTOkk/i6Mn66qTamgszZGp9NNLf2E29Xx3caHRurq2qwrAgBA4gF23evRGViwsWqdqttPs
jKU1ujeNofGkai/NES7vxSMAlKC//DW2aibNkTSHp1J1Z5N+P71cXj8hxVocwIAQOIABsnr0RpJU
rU6aQ+PpTBxMNTSRutlJv+8bKADYDnWqq28gVHUrjc54mmP7kt5M+r35xRkp13aKtaMKMFAau30C
wOvbjUZvLE5RGU5zeCrt8SNpDu9J1WzvzokCwOtNs5PG0GSaY4fTGJpK1RpeGtqx9GPd5meGVgK7
S+AABsT60Rup61Tt4TRG9qQ1eXRxiGxzaJfODwBeXxqNVqrOZJpjR9IY3puqPXL1z5ZHedQr/guw
20xRAXbN9UdvrJii0uyk0ZlIc/Rg6tZEUm3fCI5B/vZsENYbGYBTuGN3w30oUXGLN3qiwKKqmUZ7
LKn2J0OTSXM4ycqpKVm3o4q1OIDdZAQHMBDqtb+r6yz+r5W6MZy6PbE4NLbR3KUzBIDXl7rRTL8x
nLo5mboxmrpqp16xyrcWCAwaIziAAVBv8Kul3zQaSXMoaY6lroZSpekbKgDYAXWaqRud9FOnbgyl
rm700mHVyqMAu0LgAHbPTaanLE5iaaZOe/EdpKqV2sAzANgZVZU6rfQbVfpVO3XVzLU1s6ql3VTq
XJujsqhev5EswI7wSgHYFfUGozauDni9Oj1l6fKqSj/N1HUjqXzDBAA7ok7qupF+Fn/U9bX3I5Z3
U1m3QDjALhI4gMGxdkRHnfTravFHGulXjdS1wAEAO6NKv6rSr5YjR7W+ZFwtHit/BtgdpqgAu6xe
9c3Rum+NqiqpGqlz88VFS/u2ahB2RtnIjp/WgD4Ot2JQP5fXU9jpFme7Hl+70WzrYdnA4nIajatT
Ulbs457lfVSq1RcB7CojOIABshw5loZvpL66DV1VVan8kwUAO2zp629VLU0TXf4qvbybSi06AQPD
CA5gIFx7U+jaSI7FKb5VksbSKA4AYMcsrXtVp8ry8Iy6XjFQY82IjauDOOqkriw0Cuw8b4cCO65e
sVXKhtGiXvEjN7geALCtVq6u4WsxMOgEDmDA+ZYKAHbTqnVEN/qaXF/3NwA7yhQVYBetHqKx/lui
eqPBHMUZhAUoB+AUdvwkBuI+v85YBJPXu9Keq7dy2Hrd76r1v6qra9NWTFMBdoERHMDuWv22EAAw
gJbX1rhm7d7uALtP4AAGx9W3f0sfswEAd7fVO6kADAaBAxgQ17aI9a0SAAymVW9B+IINDBiBAxhI
vmcCgAHmCzUwgAQOYLDYGhYABo6NUoAS2EUF2Hm38I1RPaDTewfxnJYNxKnt4Ens9P0d5M/9Rgo7
XdgRpf09HhxLX5Sr9TujXNtNBWD3GMEB7DrfZwLA3cHXdGA3CRzArrnuN0HLK5h5iw0AANgkgQMA
AAAonsABAAAAFM8io8Dr0t0w+2Ug7sIOn8RO3tzd8BzZTtv1+JT2sG/X+Rb3+JZ2vgDclYzgAAAA
AIoncAAAAADFEzgAAACA4gkcAAAAQPEEDgAAAKB4dlEBivB62dFioO/mDp7cTj8Od8Pz6y64C9vL
A8TrmKc/8HphBAcw8HxjBgAA3IzAAQAAABRP4AAAAACKJ3AAA6/a7RMAAAAGnkVGAbbZQK8hMgAn
t5OnUPJiovXKk6/7qete6n5v8df9Xuq6v3QH61V39E7v8i19fJ31RfI6B6h3+Mm3+taqa6dZVYu/
rxpJ1UhVNVM1mklj6ecVH7Mt51Xwc7IE2/X4btunzfMB4I4IHMDA8/0eLFv829BbmEl/YTq9+Svp
zS/+3O/OpN/rpu53k35v6bp3nhG27QXiDr+yXx84qqSqUjXbqRrNNFpDabRH02yPpjk0nmZ7LK2h
8aUA0jCUDAAKIHAAQEnqfvrduXTnLmXhytkszJxLd+ZcurMX0+/Opt+bT91byOJIjv7ih9xp5qiv
BYJqxQv9lY3i6uX1LUTJ+tq5VSsOvDJ+XL28vvP7US/9p6qqxdEajWYazU6qVifNznhaI1NpD0+l
3T+QpEqzPZo0GqmqjYamAACDRuAAgAFTL001qet+6u5c+r359Bdm0+/OpLcwm4XpM1mYPpeFK6cX
A8f0uXTnLqbfnUu/O7c4imNpysr6KHA1VVzn8g3OZ82HVSuvveK1f7X2uje7nzc8bn21mqw+7u1H
jg0DR6uTqnktcLSGp9IZO5j26L7Mjx1MszOaZnskjfZIGq3hVM1OqkZrKbxUq4sPALCrBA4AGDj1
0kiN2Sxcfi0LM+cyf/lU5i+9mvnLr2Zh+lx6c5eyMHM+/YWZxSkr3dnU/e7Sehy9xUBQ1xsMPFga
YrHmhfl2TRm5+WFv73bv+HSrxWkqVbO1uO5Gq5NGazFktIYm0xz6/9m7s+ZWkjTN749HYCV5Ds+W
JzOrKmvvqq6eLpuRZBqZjZmu51YfWLqUbEw9beqe6amq7urOyv3shyvWiPBXFxEAAwtJkAQQHsD/
l8YkiSXCIwAcwh+87n6kRudY7UefqnX0qVrF9+bBc8XtR/kcHS6+fT8AAGBrCDgABI/PR7F3LK/e
8OlI4947DU+/Vf/Dv2rw7p/Vf/cvSoZ5sJGOepKKSo3JBKPF/aXJkI5iQs2iDGI6JKT0yrLS/29u
1+TbNrebX3Ov7d6wv6shN5Pyk6IiQy6fj6PRVtTs6ODFXxVfv5F5ryjOgxAnJ8UEHAAAhISAAwDu
oXYTnwbQ4ACaELR8FRQv817j3luNL99qdP5Kw5OvNDr/QcPTbzU8+06ji9fKxv182Eo6XG3bq152
x7KIVbe79L437GtT2115X9lYPhnIjZsaNjoy75WNe0oHJxqdfaf28RdqP/5c7cefK4rb+TwdUVhv
qeq2ygf/PgAA1iGsv8YAsARvfLEXzMt8Kp+lGp2/Uu/tHzX48K8anv2g5PKtxr13SodnypI83DCf
Vt3inWXmJZ/KZEr6H2Q+zYcE9T6qefiNDp69kX3+ezU6j6SWk1MzuIADAIB9xF9jAAACYN7ny7xm
Yw1Pv9X5d/9VF9//f0p6+RwcPulf3XbLS6zuHfPTkCO5fKfk8p2GUUNx+5Hi5qFGL3+nqNFW5+nP
5OKWIucktatuNQAAe4+AAwCAipSDinxIyncafPxKl6/+uwYf/6Kk/1FZ0qNaIwCTOVEkaXTxShev
/kEm08Env1H36c918OKvdLWcDDMHAQBQBQIOAMGjq4DdZxpfvtHl6/+h06//b43Ovtfo7Aelg4/y
WULAEQIzWTZW5jONL17r4gfT6Py1stGFnIt18PzXupodFQAAVIGAA8BO2+lC/oAPLoSm1WEUh/l0
uszr4ORr9d7+Ueff/b2y0YWy0aWyZFB1E9dic0vQbnO7Jsu8pESJT5UlfY3Of1Cj/UiN7lMdvPgr
xa1Dxa0jRY3ScBWqOQAA2BoCDgDBq0E/FbiXbHSpwccvNfj4F128+gcNPv5F2ehcPhlRtREy87Is
kZdpcPqNom//TpaOdPDp73T48m/UPv4JdRwAAFSAgAMAgIpkSU+D0691/t1/Vf/9nzU8+07p6FLy
mcyyqpuHa5hZvsqKeY3Pf5BlY40v38lkaj36XO3jH8vkCDkAANgyAg4AALbIzCTzkkzZ6FKjs+/V
e/vHPNwYnMiKiSwRMps+jsngRFnS1/jyrbrPf6mj/kf5dJgvG+sacgxRAQBga6KqGwAAwH4xmU/k
06Gy8aXSwYnGl2+VDk7ld2TOjX1iPpNPx/JJv3g8T5UOzuSTocwYZgQAwDZRwQEAwDaZybJUPhsq
G/eUDk41vnyjdHDGsJQaMp/KLMtXWBldKB2eKR2eSS6Si5tSXHULAQDYHwQcAGph7ycaDfQEhNCs
OqyWUmY+VTI8VTo40ejseyWDE/l0XEwqahtbGWSmDXU7aaEzk8mUDE41PP1GraOX6jz1ihptxc1u
+Wab2f1mNruxDW+qvZzfjW4WAGqBISoAAGyR+VTp8Eyji9caXbxWOjwvKjesdmENZmWjC43Of9Dw
5Gul/Y/MpwIAwJZRwQEAwBb5LFXSP9Hw9FsNT79VOjgtVuQg3ai7ZHCq4cevFDcP1Hr0qdpPvqi6
SQAA7BUCDgAAtsh8oqT/QcPTbzQ8/UbJ8FTmfdXNwhpk40uNL16r0XmsdHAqy8ZzwRUrqgAAsEkE
HAAAbJFlidL+Rw1Prio4zAg4dkE27mnsM0WtAyWDU/l0pHxGBIINAAC2gYADADatZiMPQmjuLo7W
mHySbz5TOjpXcvlW48s38slQWnfA4W7uULvy9Tb7mLvJ/6aX5x10d3Vz3fVZct3+yq3c/Hbd9NjM
rJgYdHKj9TzhfDKUT4aK+x+VjS/ls0RmVjwchBwAAGwaAQcAAFtk5uWzRFk6kE+G09VT1svJuUiK
VlujdGnX22zp5Td101c9ioVtXLOvjWzXOclnMp+tP1iatNR88ZXlX4pvDZ0AAMDDEXAAALA1JsnL
slQ+Hctn4w10spV3pqNYUdSQFdUY5asktzCpqXMPL2RwWlyC1jknmy8Tmd64ou2aZM5vtFzJzGTe
5/OrREXgBAAANoqAAwCALTIzmWUynxbVG+sXNTpqHX2i1tFLORffMNTkykOGoEzZzLd8uzPDXZbt
a9Vt2+wQlCKRWdxuvsObtj2+fKek917p8KwITtabdORDYPzVl1arpAEAAA9DwAEAwLZsaW6RZveJ
Hv3of9LjL/5Xxc3uXBCwOEPF8svuab6oYlmaca+EY3lr88utFN2Ub7ukwkPS+Xd/r/Pv/l7ZuJcP
V5E2U0kz3fkOTioDAECACDgAANiKolLgul76GjW6T/ToR/9BL//d/6FG5/FVC24u27i6eA3DVZbd
/Q6jUu628WUbviFEcVFTo/MfNDz5Kr/A2wYntl0esgAAgPUj4ACA+9iRDksIh7GLK6asZM3HPVs1
EStqtBW3HyluH693R8v2t2lr3lnc7MpFjY1P/Lnu5/YmM5g62dS/GXU7vzV72ABgK5jxCgCAnUPX
5042mbLxUAAAsDUEHAAA7Bo61XeyydPFQwEAwPYQcAAAsGs2O/Ji52zydPFQAACwPQQcAADsHCe6
1newybk4eBgAANgaJhkFsNv2sD481EPex8lEbzzkmvSpt/6w1WxCRrvhib3hOUyDt4cveQBAxajg
AACgChud19I2u4Nds6lQhYcBAICtIuAAAGDX0Km+0fzpsQ2eMB4KAAC2h4ADAIAtobMLAACwOQQc
AADsmn2f/OEW82fHbXBCFB4JAAC2h4ADAIAqbLzn6ygZWdWGHgtXWsxmHyfZBQBg21hFBUA97Hnn
oG6Hv2+duXsd7gPO0dKVOxaqNizs8oGarZZyH+VJRu/6UGzsOEI6QSvYt39LAAAPQwUHgPDxBhe4
G3qFN1o4Oxs8X9Mthxw2AQCwIwg4AADYEvq4YSIOAgBgNxBwAACwJRvtSFO1cUe2wXNWGpsCAAC2
hoADQPj42Bu4m/LslljOriKIza2iYldbJu8AAGDjmGQUADZsV/o1FAjk1nYaVuhTL51MdEWmuz9m
e/sQO9168Pd+LCarqGi3I6e6PXfqNolr3c4vAFSFCg4A4eOdHXbA4sSWm9zZJodf7AhXChw2dq5c
/lBsaOsAAGAWAQcAANhDV8N41h9A7HKtBgAA4WKICgBgJ+VDCiaVDDbTiZ10P9fSsb2ayOHGy62o
qjCfyrx/0PCT1drlZZbJ+/QB2yi+33JsM5c9cFcTy0aN3Ptxm2+v+enzYjPVGybzJvOZzKfTOVHM
PSD4uO2xuImb/8XJOT7jAgDsHgIOAMBuMi8rOvn5z1crW1QZcPhsnHd65dex92va5OV9Kp+O5NPh
A7ZTfN+xgMNnSf68uGFfD2FFkOWzsXw6kjMvF2VF0HHfjRbf7x1wFMFGFMu5WCLgAADsIAIOAOGj
2hv3YOaLaomkCDr89NP6dQUcVt6Im9vu3OXTgCMd5QHHBis4TJMO9kg+HT1kQ7kaBxxLHwufzFXR
rPkfmUmlzjTgyOTi5gP2Y3Pn3C1efhM3qdpwklpStLl1YwAAqBIBBwDcYpcnCKzbPJT3mMQxAAAg
AElEQVTlYSfZuJd/JT35ZKAsyasVLBvnn9D7sSxL5X2SdzjN614VHLd05lfp6+ed9bzdSe+DBh/+
TenoYsmxPZCZ5Jyy4bn6b/+kkz//X4qaB8tu+MD9aHlf/baVSJbcbR1PwVu3O/cgXfzwj0p672S+
qO5Z86s8Swfqf/xS8Tf/RaPzH6Rp1cT195k8/PNFHma3nbNVTrrLl8J1Ti5qyMVNubipKGrl3+O2
4lZXrtFW3DpU3DpSo3UkF+WVHtsYzlK3f4sAAGEi4AAQPt74YsqmYUU6ulBy+Ubj3jsl/Y9KBmdK
h2fKxpfKxj1ZMRTEZ8n0fnff2+wn506uqAi454weZsqSvoYnXyubCzjWxkzp6EK9d39SlgwUxa1l
N1qpYmLp5ave8Zp9uumdZlvilly2wian36b3LtpzU/A0PPla4947ydJpZc06+WSowYcv5ZOBeu/+
OQ8IbgkJJgGXm0s4zKwo2nALt11JEXrlFRySooaca8jFDcXNQ8WtQzXaj9Q8eKa4e6zW4SdqPfpM
UdRS1GjlzWY4CwCgJgg4AAD1ManEMK90cKrh6bcafPxSw9NvNbp4pdHF6zzs6H+UFUNB7J6TbG58
EtANSgenuhyc6vKHf1x6/baPbVP7C/Ux8klf/Xd/Uv/dn2697bbPTV6VEctFsZrdp2p2n6l19Ina
T75Q69Gn6j77paRIzc7T4rYMZwEA1AcBBwAgaOZT+XQsn400vnyrpPdeo/NXGp1/r9H59xpPQo1p
BUdRvWFZsB1goCp5RUgm81KW9CU5meXztYx77zS+fKfh6Xfqv/2T2sc/UuvoU7WPf6y42VXU6Cpq
LKsIAgAgDAQcAICgmc+UJX2lowsNPvybem//pMtX/1iEGidKh+eybCSfjkvzbyQzq6YAKJjJlA97
8clAliXKxj0lgxNFcVvD1ldqdB4rbh/r6LN/p8OXf51Xexw8U6MbE3AAAIJGwAFgZ9CVze1C0UI+
L0Im85nS0YXGF280unytyzd/UO/1f9PZN/+vsqSvbNyXZeO7bbdiuzI8ZJv72pVzFsLzbzJBiRWv
L6lYZadYTdhFsVzcUhS35NOhfDZW1Oyqc/yF2mZyLpKLG/mkqVFc2VGsamNnfEMbDuEZAgB1RsAB
AAiO+Uw+6Ssb9zQ8/169N39Q780fNPj4F43Ov1c27slnY8myqpsK7BQzk3wqb6bR+feSTNnwXIef
/o0OX/6N/PNfqtF9qkb7kaKoW3VzAQCYQcABAAiPZcrSoZLhqUZnecBx9vX/o6T3Pq/cSPqS98XS
rwDWxrzMSyav8eVbZaNLjc6+l88SubidLzvsYkWNjqImAQcAICwEHACAYEzmzfDpSEnvvQYfv1Tv
7R/Uf/cnDd7/WVnSL4bgUMgNbEwRHGaji+lyxo3OseLWoVzUkJxT1OwqanbzISsumlnGFgCAqhBw
AADCYV5mmbLxpYYnX+v8279T780/aXj6XT55KOEGUInx5Vtdvv7v+ZwcjZYancdqtI8UNdpycUti
MVkAQAAIOAAAwTDz+aopo0sNT7/RxXd/p8s3/0M+GcpniQg3gGqML98Wqxadqf3oM3We/FStR59J
LpKLW8QbAIAgEHAACJqVvvZZEIsvbEE6ONH48p0G7/+s4clXGvfeKxv1ZJbprs+CEFas2IUVTELZ
3ybswjFI2zkO86nMMqWDUw1Ovlbz9T9JLlLn6U/VefLToopjxW3txmkHAASIgAMAEIxkcJLPu/Hu
Txqd5aulmGVMJgpULl9e1qcjjc9/UO/tHxXFLcXNrjqPfyyFv2IsAGAPEHAAAIKR9N6r//aPuvzh
HzQ8+17p8FzmWQoWCIPJpwMNT79RNu5JZmodfaqjz35fdcMAAJBEwAEAqNhk5RSZKRtdaNx7q9HF
a6XDM5lPq24egBLzXtm4L7lISf+D0tGZsnFPLm7KRXG+ygoAABXhrxAAoGJWrJ7ilY4vNb58p9HF
a2XJQJYlVTcOQIlZpizpyXyqpP9R6fBcWdLPl41ttAg4AACV4q8QAGwYE+rdzHwqn41l2Ujp8EzJ
4KOSwUk+NGWFCo4QJorc5Qk+d/nYNmUXjkFafhxOXj4dybJE6fA0f7323svFTTX0SFGjU0FLcxs7
67vxcALAXiDgAABUKhv3845S/4PGl2/zVVN8mld10LMAwmMmM68s6Wt88Vq99/+STwT86HM1OsdV
tw4AsMcIOAAAlfLpQOngRKOz75X0PypL+kXAIfHRKRAWm74uTT4Zatx7r+HJV2q0jhS3jypuHQBg
30VVNwAAsN98MlQyONXo/Ael/RP5ZFj0ogg3gPDY9MunIyW9DxqcfK3R5Rtlo4uqGwcA2HMEHACA
Svl0rGx4oeTynbLRBROLAjVhPlE6PNP4/JXS/kf5cb/qJgEA9hxDVAAAlbJslC8Pe/lO6ehCnoAD
qAXLUmXDM43PG9PhZQAAVImAAwBusSMLIgTLZ4mypKd0eKpsnM+/sY5VKJxzpV9iuSiWXCQ3dzuT
Spc56bapTVdqWvlGrnSp5RM0+kyyLJ+Y8aat3PM8OBdJUSznGspPw1wb7uJBD8UNe1vDdvOjuvux
mc9kPpVTfv4f8nxbutKIi/LnWxTnj8XSO1611808Kx84te6SO5t8cczZ0uFf9z1+M5+/ftOBLB3l
25+5/l6b3RucHgBYPwIOAEClzKfKkmFevZEOZXb70rB35aKGorglF0/+7E06lLNdDCd3e/fynr2S
yd3Me1k2lM/85no4LlIUtxTFbRUJRxHd3IPN/+CWXXn93baw3dWPLb+VT8fyZkXHfgMPgnNycTP/
ihpzQUy+v4d1/u92zrzP5NNxcbyT5906jttklsmyVH6FwA4AgE0j4AAAVMqyRD4ZKB2eFSuoZLff
6U6coqihuNlV1Gg/eGsP/VTa+1TZ2Es+lbTGY52pWMkDjrh1eH0FwYrWUU2zze1eu7+ZDn1vWsWx
EUXAETW7ebC2UDd0P/eu6CmGfZlPi/Nga8k3zPLKEJ8lReUVAQcAoFoEHACASpls2lGS2Rrr2l0+
JCWK1Xn+Cx2++K3ajz9/8FZXKjy45oN1k5QOz9V7+wcNPn6ppPf+we252rhNQ45G91hHL/9Ghy9/
l1dxPGSzpf9fWVYBs7wqZtWCmNVqER7iKuLov/2Teu/+WaOz74pOuV/reIq4eaDDF79V59kv1Dr6
JA+ZXKQH1NFcsdvP2fzlSf+j+h/+VYP3/6psfJkHEtn4Ye2Y2VOpUXZdSwAA2DwCDgBAAIqQQ15r
694W4UYUN9V99gs9+eX/rqPP/vbBm713P9jyDvbo/JVkXkn/w3oDjpJm54mOPv+9nv3mP6vROnrQ
th78aGyoUOPuwcjVtR/+/H/mSxNfvJZ8Kmf20JkvZsTNrg4++Y2Of/afdPDi13JRQ5oOVVm1vSu4
KdUoXTY8+VrRl20l/Q/5kBJpLQHHQnzBpBsAgIoRcACoBd4377BiLgQzPw0B1sJJLson22wdfaqD
l7/T4y/+43VN2DzzMjMNT75W780/KW4ezLVhLWMGJOcUtQ7UfvJTPfrx/6xm98kd7v/wJmxxs8v3
tcLO+h++VKN7nIdgLpK59c6H4uK22o9/pKNPf6ejz/+9XNSU4ubsxLe3WWN7Gp1j9T9+qbh1qHR4
Lpeuo3pj3vYe5Y3tib8zAFB7DxuYCwBAqGZGu1Tfc6m+BbjiNLN2yabmGZnb467hOQ0ACA0BB4Dg
8SZ6Hyyf6WG9W98Ta53HZNflscMmz1YQj8SGFovZ4IYBALgXAg4AAAAAAFB7BBwAgreLpd2Y50r/
39TW94Rzs0vG4gZ59cH6z9ZVVcNuPxJOu36EAIB6IeAAAOymmX4+nTCU5UMrpjHEFgKhXRzIwasK
ABAaVlEBAKxdKJ050+wsCyFMTWEqpsmQrWfllPs2oj6bvX5/D9jh5L624pwlD3msrp6H4djUc89C
PNiKBfDPDgDsDSo4AASPN4e4l9DnPwy5bXtm/Q/FVQ8/vId5fS+MmUWdy5sN76ABAHuCgAMAEABW
UVkbVlHBVvFcAwCEg4ADAFCphWke6S8BAADgHgg4AASP4dz7ozxfxs7jiR0Mt/YHY3YVlbAe6g21
qLzZsA4YALBHmGQUALCSusYOV5Mpbv8Ibt7jlnqBOzCh6MZH3DjNHNBDJ+C80ywXdX1hbcnGTg/n
HQB2EhUcAIBgbKwjG2JnhnkygrHJ1WzCm+s2vBYBALAuBBwAgsdb8d02OyxlfY923o1jWQdgK1hF
BQAQAAIOAMB+CKDTFUATAAAAdhYBB4DgMV/dbptdRWV9j3Y+52HAsx4G2CTg3sKbTRUAsIcIOAAA
wXB71UHaq4NFMEgiAAC7i1VUAGCPhTZk4rb23GUyyG124e53Htd79u2an9e53V22yYlGr3ay+V1s
elfl8+Qm826sYWe78jzbleMAgLqiggNA8HjDuEfW3skM+Nmz6aaxSsvqdvxc2cJv6zlem/9lt08j
AKAGCDgAAJWzDfSMZvtbFkRV/taasOMd9nXjbN0XZw4AEBaGqAAA9oALoC+WxxtRs6vO05/p0U/+
FzW6T4vr1rs87sGzX6l9/GO5iD/zy7SOPtXRZ7+XZDKfyXx6r1Dounu0jl6q++wXitvHci6WC2Vy
GbM1vw4mx7WJiBIAgLvjnQ8AYGcF0q284qS40VH36c9l2Vid45/kl6+h4qK8hdajT9V+TMBxndbR
Sx199rdqdh7LzMu81316/tfdo9F5rO6zX6jReSxFkeTCKJhddwjhxMgUAEBYeOcDADtmFzobm5jw
8a5b3Mx5dHKNttqPfyQXN9R58oW07g/VJTXaj9Q6+lTOxXe6XwjPnW2MrmkePNPBi79S6/CFZP7W
59vk2vnA7Lp7Rc2O2o8+V9w+yh+DDVdw3HbK7rv3B70O7QE7XqcQntQAgK0h4AAAYItc1FCjeyxF
kfx0iMo17tk5ixptNdqP5KIwKgdCE7cO1Tp6qbh1pPvUINwaKERNNTqPFcVthbAs63UBzTpUf3QA
AFwh4AAA7KzJh8ghzRDgolhx60iu0Za8f9jGrvuU3EWK4lYwQyNCEzW7akYNNTqPi4qR0tKnWsOH
/i6Si1uKosbGqzfuxq01jbC58wYAQNUIOAAA2Iaio+tcLBfFitS5/T7h5DI7JYpbUtza3OnlcQMA
oBJ8tAMA2Flu+p3Pl4F1T/ji5KYDfMh0AAAhIOAAAADYYVeLuQIAsNsYogIAAdnlDsiNCzLY1YoN
6zsHtvJCDkGc9y02IoTj3cZqKTP72+7uNuK+xxDasYfWnvvYhWMAgF1EBQcAYDdRNw8sWOfLIqTJ
ewEAkAg4AAAB2VR3iY4Y9p1d+8v6tsyrDABQNQIOAEClFjpF9JKAtdvcNLtuyU8AAFSDgAMAUK1S
oOHmLwAQLFYnAgCEhklGAeAe6ILntj1R5EMF0dw9nFxzm8+TrR9vCCf4FrfFELahB2hXHosaPMQA
gAIVHACAapV6X3ULTIA62NzcNgAAhIWAAwBQqdlPl+kyAfUxuyYLr14AQNUIOAAAAAAAQO0RcAAA
KjX7qS+TFgL14cRrFgAQEgIOAEC1yquo0FcC1m5TLytergCA0LCKCoCdwfjv9ahyos/77Pq6FSBc
+fqqjmmXVw9ZYtvPna3ursbHtmxbm1o5ZStq3HQAwGZRwQEACMfaO130hIBZsxODPmxLvL4AAGEh
4AAAVG4T3aT1deOA+tvca4FXGQAgHAQcAAAAuCdm4gAAhIOAAwCws+h6AfPWt/KJ4xUGAAgMk4wC
qAWKoFdX57kDJ9Y+AaJb43MogPMbQBO2+jzb+vHuwLFV9e9ACM/N+6pz2wEAOSo4AAC7j54L9pgt
/LauSUYBAAgLAQcAYGfZ3HdgL21sxl2m8gUAhIWAAwAAAAAA1B4BBwBgZ7m578BeWt+8ogAABI2A
AwCw++jcYY+5hd94QQAAdhOrqABAQHZhBZTr3HhodrVyyvpOgclUdOXus9EAHosAmrD15+RWd7fL
x7Yh5RWO3GQKjk0e2Ia2vQuPBQBgERUcAICKbaiHxPyHgKT5kIpVVAAAu4uAAwAQjE11mOiIYe9t
bBUVAADCQcABAKjUQheJPhOwGWuvamIuDwBAWAg4AAAVu5r0MP8/CQewVkUOYdNf1hNMEG8AAELD
JKMAcA+7PBnoXaztNGyrpxTA4xZAE4J4/m69CVvc4baP7bbHsxZBRADPSQBA/VHBAQComM310GrR
HQNqY/LyuqqQIk0AAOwmAg4AQKXKcQbdLmDD1pgfGq9YAEBgCDgAAADwAFSFAADCQMABAKjU4uAU
OkrAxqzx5eXkptFGPgyG1y4AoFoEHACAijnJMe8GsCluQ6uoAAAQGlZRARA0s6svbEclp9ruv2+7
5snh5q+v4MBCeNqG8NrZahMCON5Nue9jef/71f9k1v8IAAB3QQUHAKBipfH7a+9Q2dx3YL9Z8d96
tkU9CAAgLAQcAIDKbSJ+mJn2kHwDe86u/WUdW3VyjqgDAFA9Ag4AwE6iuwVccdf+so6tWjGchSQR
AFAtAg4AwA4rOmBMYop95so/5v+ta7PEGgCAkDDJKICg8Sn83e1yZyOESQ+rb8FyAZya7Z+bHT7m
dT6et/0buvXX1YZ2F8DTAQBQMSo4AASNTwexHjyLsL9sYQKO9U0yCgBASAg4AAA7Ke/GVbdELBAi
0zqrQ2bDEl5mAICqMUQFALCbzCRvMpcp6X/Q4MO/KW4dFldeTY54781rsfR/uqbE3GbNLb9saRPc
ksvu2K7JZuYvv669QbThIW58MDbfiPLdXfGbze1k+eU377gcRJSnkbHSsbklt503OPlKo4tX8uO+
LEsky27cLwAAdUXAAQDYTeZlPpVk6r/7F0nSxav/VnQIS6s/bGTfc78vCwxKAcdMn7t02/W37Zot
LrTBTXvM2/xU/s6PRkAlAzb7P92YuLj529683ZWCqRsyu3Rwov6Hf9O4/14+6ctnya37Xc3sLEnM
lwQAqBoBB4CgMcko7svM5510y9R//y8afPxKLorzKycfh29gckVb2K4r5QVLPpJf5bbralsIbZjZ
34olCA/a7vR/knOlbOGW2261Dffd1+R/bi43mWuD9/LZOA82zGtdjyv/NgMAQkPAASBo+zbJ6D4d
64JSZ299qzpYnnGkY0njOzYn3EcjhLZtsw27fLzbPrat7q/6hw0AsGeYZBQAAAB3tqEBXgAA3BsB
BwCgWvtWpgPsFFZRAQCEg4ADAFCtuYlWAhiNAGBlzMQBAAgHAQcAIDAkHEAdOMINAEBgmGQUQNBC
WEWF7vYNanZyQpis8johtI02bLYNOz8x62S42Yb/0a7+GQIACBUVHACCxvQM+6jqSAvAKvi3GQAQ
GgIOAEC1SLGAmrrmxcvrGQBQEQIOAAAAAABQewQcAIDqzYxK4eNfoNYYZQYAqAgBBwAAAAAAqD1W
UQFQC3ymv0VVnOwH7DOEVTfuIoT20obNtiGEY9sVnEkAwF1QwQEACAcdQ6D+eBkDACpCwAEgeLxX
BgAAAHAbAg4AwWO+OgAAAAC3IeAAAAAAAAC1xySjALBrdmBMT90maQy5vSG0jTZs1jaPrbwvZ8r/
vdndUwsAqBkqOAAAAAAAQO0RcAAIHh8OAkB4jH+dAQCBIeAAAADAAxB0AADCQMABIHisogIA4XFy
V1Nw7PAcJwCA+iDgAAAAwIMQbwAAQsAqKgBQlT3rEdx8uCazsEb0h7zqRqhtC6Fd225DVSuYBL8/
053K76p/5gAAdgEVHAAAALizSYbhJDnHYEIAQPUIOAAEj0/2dtx0ED+Aepm8cAk3AABhIOAAAFRr
8hFwIYBRDgBWMnnh8qIFAISBgAMAEBg6S0AdOF0VYIUw/woAAEwyCgATvD+/0S6fnlA7ZyG0ax/b
sG/HvPXzu9W9AQD2CRUcAIDAMJ4fqAOCCgBAaAg4AADVYpJRoKZ48QIAwkLAAQAAAAAAao+AAwBQ
KZtbRYVPhIG6WHjxAgBQKQIOAAAA3BnRBgAgNKyiAqAe+FD/Qfbz9DnJOclF6hz/WO3jn6jZfXbv
rZksP5Fu0rFzk0tLl7vVbrtmNt2om3Y6bfp/N9MRtdsaUL7aLbl82WW3bG5ZR3jtp2F+JZDSiZhp
g3PT2z6oDeUH07nFy64e/KINDzziZedf+aG4+RNss8eWjS80On+l8fkr+XQo71NZljysPSvYz393
AABVIuAAED7eJe+PdS5X6ZxcFEtRQ52nP9fxT/83HTz/9cLTaTYQuP6ypXdcZWNLbnvvNiy9fNVz
tqzBS9wz4Lim/33fXOSelrdiEi6Uox6bTwE22oJ1hCkr7K94iOdvPr54pfPv/l4+GSgdnMrS4VoC
jgeHNgAArBkBBwCgWrbeXGPKRVLUUBS3dPDJb/X8N/9Zxz/7TxvY0d0E3SUMoHHbbMJGnnd3bcMW
9tF7+0eZmYan38hnY5l5+WSwpq0HcBIBACgwBwcAoFpuSYn9ejbLHAEAAAB7hIADQPjope6PTSQd
4ikEAACwDxiiAgA1sG9F4LaGsQMhhBrBPm4BNGzbTdiX4SjV7Kzy3QIAIIkKDgBASDbUO6LThb3G
CwAAsCcIOACEjzfnu21mktH1Pdi21q0BuA2vNwBA1Qg4AAAAAABA7RFwAAhfCJMpoJbKTx0+XQY2
i3+qAQBVI+AAAADYZSQPAIA9wSoqAHAPVAPc3W2rWJit/7yaSn27NW082Mc+2IZtt2l7t1rKKjtc
Y4PKKxy5yUQ3AZxzAAAkKjgA1AFvnnEfdLyAjeLlBQAIDQEHAGD30RMDNsBu+A0AgO0j4AAABGUj
QwyYgwDYQFXT5IVlM98AAKgKAQcAIDBr6iU5EWwAJbbmBMKplJkYLzcAQPWYZBRALfDBYPVCmLzx
rlbtcNXu0AJocABNCOI5udUmbPl4LYQTDADAHVDBAQAIzJo+B7YwOsBAEKz8w/peGNNCKco3AAAB
IOAAAOw+gg5AUhFvrG3JZCYZBQCEhYADAAAAAADUHgEHAKBSfOoL1JOTmxnwwigVAEDVCDgAAIEh
8gDWahsrCvGyBQAEgFVUAGAP1GKyzbV3wPLPls28fDpSNrpQ0j958Bbnm1k+te6Gy+Yv34plDb7p
tg/YzSomy4puy8y8mm7FNtzpysVH3EqX3eX5sOy265IOz5UlfZlPJfMLe1nLaimUbwAAAkDAAQDY
SSblyY6ZfDpSOrpQOjhZoYu62c7mTVZpw9L2Fr/YdenLsl71TUnNBlUWcEiSKwUc9zoP23323Pf5
MH9s6fBMPhnIfJYHHGtKPCe5UVWvFwAA5hFwAAAqZ9Nu0hpr6YtwQ2bK0oHS4ZnGvffr2fYGhNo5
DKH6J4AmbP1ErHNvSf9E2bgnyxLZkgqO+5tLUqjiAABUjIADAFApF8WKGi3FrQNl40u5aF3TQ5nM
MimThiff6Oyb/6LR2XfFNcW+Z25datOSy5fedqYUYD1WLbrY6jAYW+M5e1gziu1eNSivWsnrMlxp
xzMDRGYa5GYv24q7t2HZVfcd4jPuvVf/3T8XlRxD+Sy9x1aWKQLJ4pjINwAAVSPgAABUykUNRY22
4tahXNyWXLyeDRel+OZMo9NvlI0vdNk6LF2/rDHXXL7MwliHh1k6xKC8r+suX/W262jXfKd8WWf9
xgTE3asSYvEetwQG08tWuO092EKrXOmhuOZEzAyTcbK1tGF2f4ttyPlkqGR4qnR4VlRxZPffcYkr
/2/mnAMAUA0CDgCogRCGCWxKHnB0FLcfKW525KLrA467T4ZoknmNe+807r17WEPvYS2TN27RNtsb
wrmhDQ/komlAGcWt/LXrCDkAANVhmVgAQKVc3FLcOlLz4Lni1pFc1Ky6SQBW4KK4eO2+UNx+rKjR
qbpJAIA9R8ABAKhUFDUUN7tqdI4VNbtyEcWFQB24KFbcPFCj+0Rx+0iu0aq6SQCAPUfAAQCoVNTs
qNF9ovajH6nRfaKIThJQCy5q5a/d4x/nVRzNw9vvBADABvExGQCgUlHzQM3DF+o8G2lw8hfFzW7V
TQKwgqjRVvPwhbrPfqH2488Udx5V3SQAwJ4j4AAAVCpuHap5+Ilc3FTz9QtFja7WvhQIgLWLGm21
ioCj9ehzNdqPq24SAGDPEXAAwC3qvMhBSK47jS5qKm4eSHJqdJ6o0TlWo/1IPkvks5HMr2dJy3Wp
26oXIbSXNuxSG5xc1Mjn32gfqXn4Qu3jH6t1+Fxx62AtbQQA4L4IOAAAlXJRrKjRllyULxXbeay4
/UhK+jKfyhRWwAHsNefk4oaiYvWjRveJWocv80mCGwwvAwBUi4ADAFApFzfl4qaiYiWVZjev4jBJ
WTIQ+QYQDuecoriVv17bj9U8eKH248/V6BxX3TQAAAg4AADhaHafqvvsl0oGpxqefiM/7ssng6qb
BaDgoqaahy/UOnyp7rNfqHnwTHJx1c0CAEASAQcAICCNIuDIxj1Zlmp09r1EvgEEw8XN6copnWe/
ULP7TC4i4AAAhIGAA0AtBDA3397bxkPQ7Byr8+Sn8ulQ6fBMg5MvlQ7P5LNElo03tt8QJn+8i1Db
G0K79rEN29hfPrFoQ43OsdqPf6Tui1+r+/yXah48k3PRxvcPAMAqCDgABM3EQqH7JGodqnX0Uj4b
KRmcaHT5RjJp3Hun8eU7yZiQA6hC3DpUo/tEneMvdPDiNzp8+TsdPP+VmofPqeAAAASDgAMAEIy4
2ZWLYrUt07j3Xt2nP1c2upTPxkr6H2QZAQdQhah5oObBc7WPf6Luk5+q++yX6hx/oajZlajgAAAE
goADABAM12gpbrRklqnz5Aulo3OZz2RmysZ9ZaNz+XQknw6rbiqw81zcVBS35OK2Ok9+ou7zX+vw
5e/Uff5LtR//KJ9gFACAgBBwAACCE8UtNQ8/0eEnf513sKKGnIs0OvtO4957jS/iL9oAACAASURB
VC9eVd1EYOfFrUM1u0/VPPxER5/9rY4++70OXv61Ok9+prh9VHXzAABYQMABIGiu+MJ+cY22Wkcv
1ew+VaNzPC2Bdy6S+ZSAA9iCuHWk1tGn6j77pY4++70e//Q/6vDFbxU1O3Jxu+rmAQCwgIADAPZA
/SZqdXJxUy6K86Vjn/5MMlPU6Kh58EyN9iMlwzOlw7NiSdmxLEtlpUlIQ1hN46FCOIYQ2nCdENq2
zTZsbF/OyUVNRVFDUbOrRuex4vZjdZ/9XJ0nP1X3+a908Mlv1T76LK/ccLFcFEmO+BkAEBYCDgBB
YxWVfeYkFyludtU6+kwubilqtNXsPlGj81jD0281PP1W48s3ysY9eRvIMi+eMcAduUhRozUNEDvH
X+STiT7PJxLtPv+VWkcv1egcFyumUFsHAAgTAQcAIDhu+smwU9w6VNw6VOfJF2odvdT4yRfqPP2p
Ln74R0mST0eSmSxLpCyprtFATTkXKWp0FLcO1Tr6VAcv/zqfb+PFr6cBRx44utJrEwCA8BBwAABq
Iy6WqpScTFLz4JkOPvmt0sGJ0uG50tG5/HigLOnLZ2OZT+WnoYeVijsmP5Q7a+XKj2WXL162lVoR
u7kN119+3W3v0YS5NjhXbpZp8dP8ZW14eDsW2jW/SVe+4rbL19PGex/RPe9o97qjy4/SubwCw8Vy
UUNx80BRs6u4faRG94ka7cdqHX2qzpOfqHP8E7WOPlXceaw83LhfewEA2CYCDgBBoxAaZVGzq0YU
K24dqnHwVN1nv1I2uigCjjMl/RMl/Q9K+h/yYSvpUFkykMzLzGRmM9MGlKc0WHb5bbfd/PQLdv2v
d8k0ruv436cN191ihTY4LTlnD2rb8l3dxE1vu/4QZtXng3MPf+7YknTnaruzx5Y/X/M5M/KhKO2r
+Wy6z9U8eKbm4XM1Ok/U7Bwrbh8pbh0qanYVxW3m2gAA1AYBBwAEhNkjlih1rqK4nXe4Wo/UPHgh
SfI+UTY8Uza6VNL/oPHlO40v3yobXShLB8rGfZl5mXnJvJZ3aK86gss6iKvddsNmqk+KdrlrLtcq
t71hF/du2y1m2vCwTYVoqwHHTEXSZLtucSJSV9RvOCcpUtzs5AFH60Ctw0/UPPxEzcMXanafqdE9
Vtw8eFjDAACoEAEHgKAxyShuM5k/IO/JxYqaXTUPnsmnI/ksyVdYMb9Saf/SCoNr97uNCo6yZTtb
ITG4w20DWJQk3Nf7Cg1bY86zws6WbOG6J6W7qoVzcVNR3JCLW4pbR8VXPs+Ni3hbCACoN/6SAQDq
zTm5Rltx1FTU6KjReZTPu1FUbZgvr6wyX5mxZLzEqmMoHpBwrLKHO00nsUblaTVmRpssG7Zzy20f
1IbCfUbizF++VrcX96ytEas+H1aPvopJQl0kF0VyUVMuasjFjfy7420hAKDe+EsGAKg1p7yzpkiS
2lU351bBViiICo4bbblhwZ4HAAACFlXdAAAAAAAAgIci4AAQNFZRAQAAALAKhqgAQIGS8A3b4RMc
8qGFMOxkmSCaFUAjAmgCAAA7gwoOAEFjFRUAAAAAqyDgAAAAAAAAtUfAAQAAAAAAao+AAwAAAAAA
1B6TjAKoBebhCMCePQghHy4Th95DAI0LoAkAAOw0KjgAAAAAAEDtEXAAAAAAAIDaI+AAAAAAAAC1
R8ABAAAAAABqj4ADAAAAAADUHquoAMA+2MPlG+p2yKGujHKdYJsbQMMCaAIAAHuJCg4AAAAAAFB7
BBwAAAAAAKD2CDgAAAAAAEDtEXAAAAAAAIDaY5JRAKgKMxHeWd1OGROHrkmwDQu6aQAA7B0qOAAA
AAAAQO0RcAAAAAAAgNpjiAqAeijX+jtXXTsAANgTNjPOjgFZAMJHBQeAsJl4TwUAQJWmQQd/kAGE
jYADQA3whgoAgEpY8UlD3WZNBrCXGKICIHAmyct8JucimZOc7jBEhfdjwdiVh2IX3uMHfQgBNC6A
JgBhMJMsk/lMZpnM8+oAEDYqOAAEzmRmMktlynajdwkAQA04SWZe8qksy2TyVTcJAG5EwAEgbJZX
b8jnnyAxvSgAANthmoQbieQTOU/AASBsBBwAgpaHG2NZ0pdlicyyqpsEAMB+KKo3lA0kP5b4Gwwg
cAQcAMJmXpaN5ZOBlI0lPj0CAGArnFkebGTD/MMGn1TdJAC4EZOMAqiM0zWT+ZWvsFRKR7KkJ4sb
skZHjmk4KrHLp30XpnYJ+hACbVygzQKCYfJ59WTSl6UjKjgABI8KDgBhcaXvzhVvrAay0aks6fPm
CgCAbfGZlA1l4wsp7UsrVHAwVxaAKhFwANg+d+OvsyyTZQPZ+EKWDQk4AADYGi9lIyntFcNUSgEH
SQaAABFwAAhO+T2TZWMp6Uuj0/x7xvhfAAC2wmeydCAbncmSy3w1Fedmqy0XfwSAyhBwAAiKK94i
ueIrX0GlJxt+lJKezKdVNg8AgL1hlkppT3744aqSEgACRsABIGjOJ3mwMcgDDkcFBwAA2+GzfILR
4YksuZTLRpJKH0IAQGBYRQVAIIqSVzNdvW0yWZZKaV9+dCI/vpTPRpJP5ZyTXDSt+MAVVobIsTJK
BQJocABNAGrNzPIl2s1k2Uh+3JONTosqymTmr66Ty4esLOPE32gAW0cFB4CgmU9laT6Du0/68tko
v8z8bvRgAQAIisnM539rs3G+ekpyKUsHN8yDRZABIAxUcAColpNkTtd+7uqLZWItU5Rc5mFHluSf
CkUR76kAAFg3y2Q+kU+H+TxYo3Mp6UnTebAYpAIgTAQcACpUCjac5Gw+5nD5srB+LEtNfnSurPdO
aj+VOseKWo/komhuewAA4M4mVZE+lR+d51+Xb+SHp7J0mA8PNb9wN1f+yc1eAgDbRsABIFxOV+OA
fSY/OpP6b6XWsZyL5OKO1GhX3UoAAHZHlsqPzpRdvpW/fCUbnsqyoZxPZbLl82qQaQAIBAEHgK1z
crKiXGNSwzEzSOVqjlFJln9iZCYbncv33sqaR3LNjqLWkXyjI+eifMLRQN9gMVPI3e3y9Cq1O7SA
Gxxw04Dayee28vLZUH54Kt97Ld97LY3O8rk3LCv+3ur2QCPQv8cAdh8BB4CwOCdXBBuT2GPSibHk
Uuq/kYuastaRsuYjKW4rittyjZZ4RwUAwD1lqXw2UjY8k/XfyC6/k/W+l8bncublitqNab7hNF1B
ZfLXd2GFFQDYMgIOANWblm+U6zgWJx516UAavJO5WP7wpVznhdR+nA9XsRb5BgAA9+R9qiwdKBtd
yAYfZIPX0vCdXNaXVJ57I4843DTC4I8vgHAQcACo2OwglcWhKqXxKtlQ5jOZi6XeG1nzseK4JWfP
5aKmpEYxVIUVsAEAuM1kWIqZlx9fyA/ey1/+IN9/I+u/l43O5CzLKyuja8amTP5Wk3MACAABB4DK
XVfA4Wz2Vua95BIp6ct6b+RdQ5LP33zFHUXNrlzckItb2z0AAABqyHwmyxJZNlbWfyt//o2ys6/z
Cb3TS0U+lZNJrphcdGaMSm421yDlAFAtAg4AlXBypdk1VFom1uVDeheWjLViydhMpktZ77WUjWXm
5eK2XOeZ5CJFzknxdo8FAIA6Mp/JZ2P5cV++917Z2VfyZ1/KDd/LjS4ln+ZzY03n2pjMw+GK+Tdm
FokFgMoRcACozkLpxjTlmL2NypOVmcynUtqTDSUftZS1Hsk1DqSDF7L2Y1n3qVwUy0UNOVdKO0Jd
ZmUH7fIqKMvU7nADbnDATQNqy8r/KJuX+VTmU/nRqbLhhWzwUf7yG1nvtdzwvZT0JKWlig1X+hta
mnlj2fAUxwSjAKpDwAEgKPNzcLgiAJmp9pDJ0qHkMyluynqvlTU6Mp8o8oniuKWo0VbUcHJxJD5X
AgBAkkxmmXw2kk+GygYnsv57+ctXst5r2fC9NL6Q/FjOT1ZOKVdt6IY/qfytBVA9Ag4AQZhdM2V+
mMqkuiP/2ZmXsoGU9mWWKXMNeZ8q9onMTNY8UmwmFzWkuFnB0QAAECbzmbJkqGx8mYcbF9/Jn30p
9V5L/bdy47Orio3yl0prp7hp5FFcDgBhIOAAUBknJ5sOSZkMT5kbplKufJ0OZ8m/mST5RG58JpOT
l5NPBoqSnnT4UnbwiXzniaJGS4qaiqLSKisMVwEA7Djzmcy8zGeSH8tniWx0rqz/Tr73RtZ7Jeu/
zcON8ankx9M5N+arN8pTbjA8BUCoCDgAVK+o1nAq5xtucUqO8huryYU+lY3OZelA3o+k8ZlseCIb
Xyj2qcy8otaR4kZX1mzny8myjCwAYA/YZL6NdKws6cmSvrLBO/mzb+TPv5YG76TRiWz4Qc4n+YcG
Kg9HmVRwSNMpRpdWbxBqAAgDAQeASs2upjI72ehMcYeUpx/l2TicZoerZIk0vpQfnuVv6pyT95ka
3SdS61jyR3LNdr7qisvn5nCuCFOk/FOrUssWG7t7b+D2bTLQ6+zEaajZQdSsuUCl7Np/rG1yg6vf
7eovpaVDWTqST3rKhifyo4t8vo3zr2Rnf5GNTuXSnlxyma+UsjAc5er79dUbV1dQvQGgagQcAMJQ
ruKY/jpXxeFs9s1TMaJlendLpXQgmckuv5dlY/nhR2UHn8p3XyjrPlXUeqy49ViKG3Iukoui0rCV
ydAVN/OdN2wAgGCYKZ8s1CT5/G+e+Xx1FPOS99Pf/fhcNrpQNjqR9d7IDz7IBu9kg3fS6FQu6+eV
G0WwMR2a4q6+bq/eAIBwEHAAqNxCFUdpLo5JuOGcy9/EzXxSpKsPr5zyVVX8SC4b57PEJ5fS6FQ+
GSpKh4qyRFE3k8nJxa2rpWSjRv6zi6Ui8JCi4kOscuQCAEBVJtNu56HGNNAo5ti4+kpllsmyVDY8
lR99kO+9lb/4Xuq/kg0+yKU9WdKTs1STOsarCUR1FfJTvQGgZgg4AARnvoojzzasqKYorjGTuekt
JJMieZkymZc0zmRJX0r6kpmydCBLBtL4QpZcyjW6iqJmPlyl0ZSLmoqipiyeBB1FhYeL5VxUVIrM
jjSeLxh2Sy6rA5v8zy0/NneH205ub+U73OW2FVp2zKs8xrV5Ptwlp7vutms+oJ06v8AGmaxYNt0X
82r4fA4qS/OKDZ/kX2kiy4bFz2P54XvZ4IN8/63UeyUN3slGZ3KWyFlWTK9RqtSY/D6t4pBU+p3q
DQChI+AAEISbV1S5ZqiK5b0wmw5dmXxNSnczKR3IBu/k0r786ETWf6ro8qlc80C+2ZFrHMo1OlKj
I8VtuTgPOxQ183AjauRVHYqK77tlGlgUJtOMzFzuSp3JHe1RrtqproXylDbzlwUm0GYB4TGTycsV
k4bKp5LPZH4kyzJZNsr/3mUDKRnKsoFsPMgnEB2fSKMzaXwhJZeKlErSXLjhFoONSbhRmpeD6g0A
oSPgABCW8lwcTnJWBBgm2WQS0KvMI2fKwxE5Fd8UySTL5LNMGoxkw/dSry1rPZK1HkvNI7nmoVz7
sdQ4lGseypoHclFLiltycUuKm3JRqzR0Jb6x6Td96D1/+c507JYcXFFsc//bToclrX7bbVlXEcSy
58MWCibu34gtPYEDLDIBAuHlfF6lKJ9IWSJlY1k6kvxYlg6kpCdLLqXkMv95fFGEGudyWb94cXjl
oYUthhsz8264uet19V2l1x65BoDAEHAACMb8XByT3/LqDsmZlebjWAw5Zj52L5KQaFLN4Yvvics/
9UoHUnIhG59LcTuv4IjyCg5zDbm4IRc1ZVFcrLiymxUc9zU/of+1wwjc9m67DTf19VfJC+5z27W7
bSzOdZUftS5rAWrOfFHBYTJL5Xwm80leyZGN87AjG8llQ1nal7KRlAzk/EDKhnI+mwYUeXVGVBp2
ouvDDV0Nzpz+Vq7eKF0DACEg4AAQnul4iKtxKYvzcRTVHSp9ql9Uckzm5JiMcJmUdZgs/6TLTM7G
+ZvA+FJyDVnUkHONfF6PKJZNJxqN5CcrqSwpS9jbvt6qB36XiRI2dds1WLarHTk0AIFZWplkkz+E
xRwcsnxi7WKSUflUsvzL+VSWpZIf55OImp/OsTH5W1aed6NcqTGZb2M6+mRyWWloCnEGgJARcAAI
ymwVx9VQFVleUmtWvNEqfeQ98+l3OeQoXSYnRWb5J142lqX5PqxUBmBm13QsbebbNdcCAPAg1wac
5fmR5iKGyfCRyfXOlast5oaXlJaCnQ835kOPZfNulGs6prcDgIAQcAAIzvyEo042DTkmk45OKjkW
h6tM3h5a6fI8NFl8S2gLw2Ku/6xeS6+7y5wBAADcZunflKUTG01uXy6rKK98ormAYy7U0NXQFC2r
6CjfT4vhBgCEiIADQJCWhhyavJG7quRYGnJcmzosDzAWQw4t3q40Fma+wgQAgE2YqZC45u/a1ZQY
y36eDTZmA4zlocbkunKFhrvacOkbfwEBhIeAA0CwFkIOV0QLN1RyXM23MV/RsbDloqZjtnrj6pLl
Ycg0ZFl6DQAA97U8MHBLf3ELv07/Nk0nB50PKeaHrJSqPe4QbhBsAAgZAQeA8E2zhhsqOUo3u4o3
FgOMxY2WLi+W5rhuoMrkXjddQ8wBALirlSKDJUnHVcAxv8rJNQHHTKgx+X63yg0ACBkBB4CgTSON
csjhrFgitDTxqEzm3KSw42r1lMm4ldkEJK/fKK4rrSo7+7vc1Vqkc2/s7h6AAACwumv/npTm41ga
akwvKgcXSwKMG8KPhQYwLAVATRBwAAje5A3VdcNV8p+dnJnK5RxzmcZ0awuVGyrfaO7yyfZmbkiQ
AQDYFrf0x/zX2evKw1TK4ceyeTjmb7e4FCzDUgDUDwEHgHqZH67ilIccmiwnW8o4Fqo25t8b5lcu
Lk1b+n3hTrzJAwBUbFnosBBqlH+erea4+bbFz6VvAFAXBBwAamNpJYckFUNWpvNyyE3DjduXcZ1L
RaYVGm6yi6thKgAAVM3NRBCTC+cqM5YHHPndl4Qc8/eZ/k7CAaBeCDgA1M7s6irFJeUhK1Ip6MjD
i3JFx0x1h2YDkYUhKtK1w1QAANi8hXEppW/zQ1Rmb7A4FCW/YnFllMVtAUAdEXAAqK+ZLKKouZgW
YswNW9Fi0CHNhx3TS2YnHpXm3uwtCUEAAFirG1IGN3/tNVUXc8HG8hBkbl/Tq0g5ANQPAQeAWpoZ
rjJhk7dpV0HHZKUUaTHMWAw3VPqltHoKWQYAYOtuCziuuX7lUGNuHwQbAHYAAQeAWpsGHXNLyeb/
X6zomAxdmdy8/D6unGO4mV+W7xkAgMosLBc79xvBBoA9RMABYCcsVHTcGnRMbuSuRqHcGmqUNg0A
wIbdPkn27I/XBRgEGwD2BQEHgJ1y89AVTVOMyVop00qO6Q0m17rS7eb2QcIBANiGJdnD0mqNJRdd
V99BsAFglxFwANhJy4eu5Ndc/f8q3ZheXar8mP1pZuOijgMAsFkrBhALgcY19yXYALAHCDgA7LTl
Q1eurp39yWbeE94YYRhvEAEAG3TzHKN3vjHBBoB9QMABYC8sHbpSNle5sfjb3I15nwgA2Lg7/LG5
blEV/mAB2CMEHAD2yrI3enZdYHFtCQdvFgEAFSLMAIClCDgA7L1r3xC6IvwAACAQhBgAcD0CDgC4
AW8kAQAAgHqIqm4AAAAAAADAQxFwAAAAAACA2iPgAAAAAAAAtUfAAQAAAAAAao+AAwAAAAAA1B4B
BwAAAAAAqD0CDgAAAAAAUHsEHAAAAAAAoPYIOAAAAAAAQO0RcAAAAAAAgNoj4AAAAAAAALVHwAEA
AAAAAGqPgAMAAAAAANQeAQcAAAAAAKg9Ag4AAAAAAFB7BBwAAAAAAKD2CDgAAAAAAEDtEXAAAAAA
AIDaI+AAAAAAAAC1R8ABAAAAAABqj4ADAAAAAADUHgEHAAAAAACoPQIOAAAAAABQewQcAAAAAACg
9gg4AAAAAABA7RFwAAAAAACA2iPgAAAAAAAAtUfAAQAAAAAAao+AAwAAAAAA1B4BBwAAAAAAqD0C
DgAAAAAAUHsEHAAAAAAAoPYIOAAAAAAAQO0RcAAAAAAAgNoj4AAAAAAAALVHwAEAAAAAAGqPgAMA
AAAAANQeAQcAAAAAAKg9Ag4AAAAAAFB7BBwAAAAAAKD2CDgAAAAAAEDtEXAAAAAAAIDaI+AAAAAA
AAC1R8ABAAAAAABqj4ADAAAAAADUHgEHAAAAAACoPQKO/5+9+w6Potr/OP7Z9EJCQkLvoYQWwACh
96YCggqIilIEKRYUy7X3fu2KgFgA/VmwV4r0TmihSJEaekloIZ0kvz+4xExmk2ySTZnwfj1Pnpv9
7sw5J7vDXuezM+cAAAAAAADLI+AAAAAAAACWR8ABAAAAAAAsj4ADAAAAAABYHgEHAAAAAACwPAIO
AAAAAABgeQQcAAAAAADA8gg4AAAAAACA5RFwAAAAAAAAyyPgAAAAAAAAlkfAAQAAAAAALI+AAwAA
AAAAWB4BBwAAAAAAsDwCDgAAAAAAYHkEHAAAAAAAwPIIOAAAAAAAgOURcAAAAAAAAMsj4AAAAAAA
AJZHwAEAAAAAACyPgAMAAAAAAFgeAQcAAAAAALA8Ag4AAAAAAGB5BBwAAAAAAMDyCDgAAAAAAIDl
EXAAAAAAAADLI+AAAAAAAACWR8ABAAAAAAAsj4ADAAAAAABYHgEHAAAAAACwPAIOAAAAAABgeQQc
AAAAAADA8gg4AAAAAACA5RFwAAAAAAAAyyPgAAAAAAAAlkfAAQAAAAAALI+AAwAAAAAAWB4BBwAA
AAAAsDwCDgAAAAAAYHkEHAAAAAAAwPLcSnoAAAAjX18f1ahRzVSPjT2rmJhYp/cXGBigSpWCTfXj
x0/qwoU4Q61S5YoKDCjv9DFkdTD6sJKTkk31gvSdlpamc+cuFMnrlpOW14SpWVhjVaoULB8fb/n6
+ig5OUXx8fGKi4vXvr37tW7tJtNrmx8eHh6qW7eWqX7gwCGlpKQUZviZqlSppIi24apVu4aCggLl
5eWl9PQMJSUlKSYmVtEHD2vd2o2KjT3rlP7svb9JycmKPnjYKe1Ll/+m8uX9DbWLF+N19Ohxp/VR
3Erz50VB5XR8Hzt2QnFxF53SBwCgbCLgAIBSxtvbW+9+8Io8PT0M9dWrIvXUE684vb9xE0aoT9/u
hlp6errGjn7AdMIy7NYbNejG650+hqwm3P2wdu/ea6oXpu/09HTFxyfo2LETOnjgkLZt3aEF85fo
0qW0wg5XkhTWvIkGDrpObdu1kq+vT57bX0q9pH37DuiP3//S778tyHd/VatW0tSP3zTVx971gPbt
PZjv9q5wc3PVwBuvV69eXdSwYX3ZXGy5bp+WlqadO/7Rwr+W6ddf5hW4X8n++3sp9ZIefeR5RW3e
Vqi2r7hz5DBde10PQ23N6g168vGXnNJ+SSjNnxcF7mP8CN14cz9T/YXn/qulS1Y5pQ8AQNlEwAEA
pUxMTKy2RG1XRNtwQ71ly2by8fFWQkKiU/tr3aalqbZr5x4dOHDIqf2UJBcXF/n5lVNoaH2FhtZX
32t7aNRdt2vpkpWa+dnXio9PKFC7QUGBum/S3ercpZ1sttzDgKzc3N0U2qiBQhs10JChAzXlg08V
GbmpQGNwlk6d22rchJGqXr2qw/u4urqqWVhjNQtrrBtv6qepH32uyHXO+zvc3N107313afzdDzkt
jCprytrnRVjzJup/Qx+ntAUAuPowBwcAlEJLFq801Xx8fdSzd1en9tOte0dVqBBoqi9fttqp/ZRG
QUGBunnwAE3/5G2179A63/u3bNlM0z5+S126ts9XuJFdzVrV9cLLj2noLQML3EZhTbhnlJ574T/5
Cjeyq12npl5+9UmNHnO7E0cmhdSro9Fjhju1zbKmrHxeuLm56t77x8jd3d0p7QEArj4EHABQCi1a
uEznzp431Tt2inBqP127dTDVEhOTNG/uYqf2U5pVq1ZFzzz3qN3XIifNWzTVsy88qqDgCnafT01N
VfTBw9q2dYci121SVNR27flnX45Xinh4eGjchJEaMrT4Q44nn56sIUMHysXF/n8SZGRkZM5TceLE
qVyvCHB1ddXwO4booUcmOnWMN97UT02ahDq1zbKkrHxe3DniFjVoEOKUtgAAVyduUQGAUujSpTSt
XbvRNF9Ai+ZNFRDgr3PnLhS6Dw8PD4W3amGqb9wQla976ffvO6j335tR6PFccTDa8Ukl8+rbxcVF
5cr5KiDAX/Xq11WTJg3VoGE903aenh565D/36UzsWW3btjPXPn19ffTYE5NMk1VKUvTBw/rt1/ma
N3dRjkFARES4bhh0rdq2ayVXV9fMus1m05i7h+vYsRNatXJdrmNwlgcnj1fPXl3sPrd/f7RWLFuj
vxYs1bFjJwzP1a1bSz17dVHnLu1Vs1Z10779+vfRhQsXNWP6bKeM09PTQ/dNGqMJ4x5xSntljZU+
L3LSoEGIBg+9odDtAACubgQcAFBKLZi/xHTC4unlqV59uun7Ob8Wuv2evbrIz6+cqb5o4Yp8tZOa
mqqtW/4u9HgKoiB9t4m4RvfdP1Y1ahpXnvDx8dZdY4frgfufzHX/sePuVJUqlUz1hX8t05tvTMlz
FZPIyE2KjNyknr266IHJ4w2Tkrq7u2v8xJFaH7nZaauh5KT/gD7qf0NfUz0xMUlzvvlZs2Z+k+O+
Bw4c0iczvtTMz7/W6DHDdeNN/UyTXA69ZaB27dyjFcvXOGW8oY0aaMTIYbmO62pmlc+LnNw7aay8
vLyc0hYA4OrFLSoAUEpFbd5md4nMDh2dc9l5p87tTLVTp2K0bGnZXqVgfeRm3TvxP9q/76DpueYt
mqpzl/Y57uvh4aHuPTqZ6lGbt+mVl97JVyixaOFyvfPWVKWlGSfPrF69qm4bfrPD7RREcHCQRo8Z
bpo7JCkpSa++/I7DIcKlS2n6eNosvf3mFKWmphqec3V11bgJI+Tj4+20cYiYOgAAIABJREFUcQ8d
Nkj169d1WntliZU/L4YOG6SwsMaGWvbjCQAARxBwAEApZu9WhaZNQxUcHFSodv38yqnlNc1M9bVr
NhSqXau4cCFOr77yrt1AolPntjnu171HJ9O32BkZGZo+rWC3YixetELLl5mvcOje3RyiONOIUcMU
EGC8xSYjPUNvvjFFK1fk//aYvxYs07SPZprq1apV0dBhgwo6TBNvby/d98DdTmuvrLHi50WNmtV0
+/DBhtr+/dE6FH200G0DAK4+BBwAUIrN/XORaXlMd3d39bm2e6Ha7dW7q7y9jZeDZ2RkaO6fiwrV
rpXs23vQ7sl8s2zfJGcVUq+2qXYo+oh279pT4HH88N1vplrNWtUV2qhBgdvMTcWKQerRs7Opvnz5
Gi1eVPDbDX768Q9tiTLfLtSvX2+5ubna2SNvGRkZplpYWGMNu/XGArVX1lnx8+Le+8YYQsO0tDR9
PHVWodsFAFydCDgAoBQ7evS4tm83T3rZvn3+lzXNqmMn81UKe/fsL9SJuhWtj9xsqlWpXCnHE3J7
S2SeOhVTqDHs2LFbp0/HmurNmjUqVLs5ub5/b9PJamJikqZPnVnotj+ePkvp6emGWlBwBfXsVbDl
SvfuPaATJ06Z6rffMUS1a9coUJtlmdU+L/r176OItuGG2oL5SxQZualQ7QIArl4EHABQyi1futpU
a9S4gapVq1Kg9oKDgxTW3HyVworlawvUnpXt2LHbVLO52FQ1H69t1pVQCursmXOmWoUgc5jiDO3b
tzHVNm6Ishsk5NfOHf/on937TPXcbvvJTXpamqZPnamMdOOVHL6+Prp30tgCtVnWWeXz4vI8MLcZ
aqdOxWg6V28AAAqBgAMASrkF85fo4sV4Q83V1VW9+3YrUHu9+3aTu7u7oZacnKJ5cxcXdIiWdfLE
abv1oKAKduvnzp431WrXqVnocbzz9jQ99sgLhp8F85z/fgQGBiikXh1TfcnilU7rY/WqSFOtUeOG
BW5v2dLVWrLEPL5WrVpo0E39CtxuWWWVz4uJ945WYGBA5uOMjAzNmD7bKUvOAgCuXgQcAFDKJSQk
2r2Vol0BLzvv0MH8Df6WqO2KiTHfJlHWBQfbDzISExLt1vftO2CqBQUF6pZCzgmxe9eezOVjr/xE
Rx8pVJv2tG7TwnT7TXJSstOWcpWkNWvWm2pBQYGqW7dWgduc8sGnio05Y6qPGHmLqlatXOB2yyIr
fF50695RXbt1MNRWrYzUooXLC9wmAAASAQcAWIK9//Bv2KBevk8aq1evqkaNzZNXOvMbfCtp3MR8
ZUF6erqOHz9pd/slS1YpPj7BVL9zxC3q2q2j08fnbCEhdUy1o8dOmCamLIx9ew+ariCQpCZNCz6n
yNmz5/Tx9NmmSUfLl/fXvfdzq0p2pfnzws+vnMZNGGlYovjChThNnfJZgdsEAOAKAg4AsIDVqyJN
J902F5t6983f6gh9+nY3zRlx9uw5LVq4rNBjtCJ7kyceO3Yix8vkk5OS9df8Jaa6t7eXnnzqQd0/
aax8fX2cPk5nqVK1kql25PAxp/dz9OhxU61atcJdafHXgqVatdJ8+0v7Dq11fb9ehWq7rCnNnxfj
JoxU5coVDbUvZs3JMVQEACA/CDgAwCLszW2QfQWCvLTrYL5Mfd3ajU79Bt8qmjQJVSc7AceWqO25
7vfJjC/thgJu7m4adFM/ffF/UzVu/IgCT+pYlAICAky1s2fNE5wW1vnzF0w1Z0ya+uEHn+jcOXPb
o8fcruDgoEK3X5aUxs+LiIhw9c22ZO2WqL/1w/fmpZIBACgIt5IeAADAMfPmLtJNN/WXzeXfS7vr
1q2l0ND62r17b577169fV/Xr1zXVF8wzX5GQH77lfDXoxusL1cbJk6e1ZrV57oaiEhwcpMeemCQ3
d+P/DV66lKbff12Q674JCYl6+slX9PJrT9kNMQICy+uWW2/UzYMHaPv2nVofuVlLFq90yiolheXj
622qJSYmOb2fpMRkc98+5r7z69TJ0/r8s6/04OTxhnqFCoG6577Rev7Z/xa6j7KitH1eeHh4aMK9
ow1XhCQmJmnKB58UqD0AAOwh4AAAi9i396B27dpjmDfCZrOpV5+uDp2w9OrTzXDfuyRFHzysqDyu
WMhLjRrVdP8DdxeqjY0booot4IiICNekyePsTk658K+lDr2W0dFH9OhDz2nywxMV3qq53W3c3N3U
8powtbwmTKPH3K49/+zXhvWXw44DBw4V+u8oCI9sq2FIUoKdOUUKKzHRPEmrp6enU9r+7Zd56tgp
QhERxqsRunTtoB49O2vxohVO6cfqStvnxZixw1W7dg1D7YfvftXeveaJewEAKCgCDgCwkJUr1pom
xoyICNcUfZrnvm3btTK3t3Kd08ZWElxcXHK9FcRms8m/vJ+CggLVqFEDtbwmTI2bNDSduEnS/v3R
mvbRTIf7PnbshB6e/IyGDB2oW24dpAoVcr4Fw9XVVY0aN1Cjxg10+/Ah2v73Li2Yt1jz5y0u1tuD
XFzMd6ampKQ4vZ+UlFRTzdXVeXfFfvj+J5oy9Q35+ZXLrNlsNt09foQ2bdxi9zaWq1Fp+bxoFtZY
Nwy61lDbt/egZs/6tkDtAQCQEwIOALCQuX8u1B0jhsrLyyuzVrNWdYU1b6JtW3fkuF9YWGPTt6eX
LqVp7h8Li2ysxaFBw3r68utphW7n0KEjev7ZN3KcXDQ33835RX/+8Zduv2OIevfppqA85pqwudgU
FtZYYWGNdfsdQ/Tt1z/pl5/nFnTo+WIv2LGiI4eP6cvZ32nCPaMM9UqVgjV+4ii99sp7JTSy0qW0
fF7ce98YeXh4/NtW6iVN+fDTq3LuHwBA0SLgAAALOXfugjZt3KoOHSMM9V69uuR6wtKzd1dTbfu2
HTp27EShx5SWlqbkJPOcC/mRaGfOhuKyZvUGvf3mFMXGni1wG/HxCfp42izN/OxrXd+vl7r37KzG
jRqY5vjIrkqVSpr04Dhdd30vvf3WR/pn974Cj8ER2ZdZLU7O7vq7Ob+oQ8cItWjZ1FDv1burVixf
q1UldHXS2+++KJstf1ervPvONEUfPOz0sZSGz4sRI4epYWg9Q+3PPxcqavO2fLcFAEBeCDgAwGKW
LF5pOmFpk8fqCPZWT1i6ZJVTxrN3z35NGPeIU9oqTrt379UP3/2mhX85b4nclJQU/fzTn/r5pz9V
qXJF9ezVRW3bhqtxk4ZytzP/xRUNQ+vprXde1JQPPtG8uYudNp7s0tPTTTVPL+fMjWFo09PDVEtN
veT0fj5472O9P+U1wwSmLi4umnjPaEVt3qb4IphfJC8tWjQzTOzpiKJcWrgkPy9CQmpr6LBBhtrx
Yyf18bRZ+W4LAABHsEwsAFjMooXLFRtzxlCrUqWS2kRcY3f7iIhwValSyVCLi7uo+fMLt3qKlcXH
J+jZp193ariR3amTp/X1//2gB+5/UsOGjNVHUz7Tjr93KyPd/qUMvr4+evChCereo1ORjSkl1Tw3
ho934Vc3yS7rLRFXpNrpu7D274/WN1//ZKpXrVZZ4yaMdHp/VlSSnxf3Tbpb3t7/HgsZGRn6ePos
JSSYJ6EFAMAZuIIDACxo7doN6te/j6HWvUdnrY/cbNq2e0/zCfP6yM2Fvq2kNNi/P1offZj7hIku
Li564skHFRBYPrPm6+ujUaNv1euvvl/UQ5QknT17Tt/P+VXfz/lVDRqEaNhtN6lT57amqzrc3d01
+eGJ+mf3Ph09etzp47B3RYMzlm/NzsvbfFVIXNxFp/cjSV/OnqP27VubJtO87vqeWr5stTasjyqS
fq2kJD4vbh4ywHT70NIlq7Rs6ep8tQMAQH4QcACABc2ft0TX9+ttmDSyTZuWdrdt3cb8Te1fC5YW
1dCKVWpKijZt3Jrndj//9KdGjr7VUOvRs7N+/vFPh5bMdKY9e/brxeffVLOwxnro4YmqXaem4Xlf
Xx+NHnO7Xnz+Taf3ffbMOVMtKLiC0/uxt6LMuXPnnd7PFe+/N0Pvvv+y4dYYV1dX3XPfGI2/+6Fi
DfO++eanfE/mGpPtCgtnK+7Pi2rVqujOO28x1M6ePaepUz7PVzsAAOQXAQcAWND2bTt1YH+0QurV
yawFBVdQp87ttHLF2sxa124dTat6HD16XOvWbiyuoZYK33z9k669vqfh0nt3d3eNuus2PfboCyUy
pu3bduqRh57T2+++qBo1qxme69AxQv7+fgVa1SU3J46fNNVq1qzu1D4kqVrVyqba0SPHnN7PFbt3
7dEP3/2q24YPNtRr166hMWOHa8oHeS+L6iwzps8utr4cVdyfF/fcN0Z+/uUMtb8WLFOt2tVVq7Zj
x5uHh3nOmipVKim8VXNDLe7CRe3Zsz9f4wMAlF0EHABgUStXrjOcsEhSt+4ds52wdDDtt3pVZFEP
rdRJSUnRd9/+ovsmjTXU20Rco/YdWmvN6g0lMq6YmFh9PH22XnjpMUPd09NDXbq21++/LXBqf/v2
HTTVqlStJB8fb6fNi9CgQYh87EyauXPnHqe0n5OZn3+ttu1aq179Oob6DQOv1Yrla7V1y99F2n9p
V1yfF9de10PtO7Q21YfeMlBDbxmYr7ayu3v8CFNtS9TfenDSk4VqFwBQdjDJKABY1Lw/F5kmbgxv
1UJubq6SJA8PD7Vq1cLwfHp6uub9uajYxlia/PTjHzpw4JChZrPZNGLkrTnsYXR9v16ZJ2lXfkJD
6xd6XCtXrNWpUzGmevZbV5xhw/oo0zHj7u6u7j06O62PDp0iTLVTp2KKZBnUrC5dStMH78+w+/fd
d//YzH8XV6vi+rxo175N4QYKAEAhEHAAgEWdOHFKW7fuMNQCAvzVtVtHSVL3Hp1Ml4nv2rnHdJJ/
Nfnqy+9NtYah9XTDwGvz3HfwkBs0fuIow0/nLu2cMq6TJ06ZauXL+zul7awuXIizezl/t+7mb+4L
qr2dE9xdRXz1xhVbt/ytX3+ZZ6rXq19Ho0bfVixjKK34vAAAXA0IOADAwpYtWWWqde7S/n//az75
Xr7s6l7BYNHC5fp7+y5TfdhtN8nTy7zyR1b25sMIrhjklHGlpaebai4uRfN/0atXrTfVmrdoqvr1
6xa67bCwxmrQIMRUL87j7pMZX+rQoSOm+k2DB6hCUECxjaM0Ko7Pi+TkZCXEJxT6J93Ov4mkpCTT
dklJSfkeIwCg7GIODgCwsL/+WqYxd98hf3+/zNo14WEKCPBXy2vCDNsmJiZp3tzFxT3EUueLWXP0
6htPG1aUqFKlkm6//WZ99ulXOe63f99BNW9hXPayZctmThlTcJB5JZMzsWed0nZ2c/9YqGG33qhy
5Xwza+7u7ho/cZQenvxModoeM+5O2VyMK4icPHlaixetKFS7+ZGclKwpH3yqV157Sq6u/96W4unp
oTZ2Vgi5mhTH58WrL79b6HFK0oxP3zXNp/LGax9oqZ2QBgCAK7iCAwAsLDkpWZHrNhlqfn7ldP8D
4+Tj422ob9wQ5fRVOawoMnKT1kduNtUH3ni9goNzviJjzRrzRKSVKlfUzYMHFGo8YWGNVb1GVVP9
cBGtOnL27Dn9NX+pqR7eqnmhJoEcMnSgwsIam+p/OHmiVEesj9yseXPNc0fkd/nWsobPCwBAWUfA
AQAW99eCpaaavdUQFi0svm/RS7tZM7/RpUtphpqfXzmNHJ3zhKPrIzdr9+69pvrI0beqdZuWBRqH
m5urxk0caTrxTkxM0tLFKwvUpiNmzfxGp0/Hmupjx92pAQ7MR5Ldtdf10Nhxd5rqhw4d0ZxvfynQ
GAtr2kczdfyYeVncqx2fFwCAsoyAAwAsbn3kZh3J9m1/9hPmU6ditGwpl3ZfsXPHP3bnF+jVu0uu
c1HMmD5bl1IvGWq+vj568eUndOeIW+Th4eHwGIKDg/Tq60+rSZNQ03OrV0UqLu6iw23l14ULcZr2
0edKSzOGPK6urrp/0lg99MhE+dpZ6jU7Ty9P3Xv/GD340ATTKiWpqan66MPPlJKS4tSxOyo+PkFT
P/pMGekZJdJ/acXnBQCgLGMODgAoA1avjNTQYYNyfH6tndsrnMXLy0vdund0WnsHDhwq8iVFJemL
Wd+qY8cIw+SiHh4eGnXX7Xry8Zfs7rNp41bNnvWtRt11m+Gk0NPTQyNH36rr+vXSimVrtGTJSu3c
8Y/dNurXr6tefbqpT9/uCggwr5Ry5sxZTZ86q5B/Xd6WLF6puiG1NfyOIYa6q6ur+vXvo4i2rbR6
VaSWLVmlHTv+yQwqPDw8FNqovrp166j2HduoSpVKdtv/YvZ3ptshitvKFeu0cOEy9e7TrUTHUdqU
5OcFAABFiYADAMqAuX8u1M1DBhgmVbwiIyNDc/80z0fgLLXr1NQzzz3itPZmfva1Zh/81mnt5SQ6
+ogWLFiqATf0NdTbtWuliIhwRUbaPzn/8ovv5OHhrtuGDzatdFK5ckUNHnqDBg+9QXFxF3X6dKyS
Ei+v8uDl5amg4Aq5Lv8aH5+gt9+cqpgY8+0jReGzT/5P3l5eumlwf9O3+BUrBmngoOs0cNB1Sk9P
V1zcRdlsNpUr55vrCi8ZGRn6bs6v+nL2nKIevkOmTvlMLa8JU0UnrXhTFpTk5wUAAEWJW1QAoAyI
jj6S4xUDe/fs1+5de4p5RNbwxaw5pltBbC42jbor57k4JOmzT7/SG699oHNnz+e4jZ9fOYWE1FaT
pqFq0jRUIfXq5BpunDlzVs8984ZWr4rM3x9RSFM+/FQfT5+t5OScbyVxcXFR+fL+8vf3yzXcSElJ
0YzpszXto8+LYqgFcu7cBX08bZYyMrhV5Qo+LwAAZRUBBwCUEcuXr7FbX7F8bTGPxDpiYmL1u51V
PkIbNVC//r1z3XfB/CW6e8xkzZu7WIn/u0qjINLS0rRg/hKNHf2gNm6IKnA7hfHt1z/poQee1t/b
dxW4jR07duvhyc/qm69/cuLInGPRwuX8O8iGzwsAQFlEwAEAZcT8uYuVkJBoqCUnp2je3MUlNCJr
+OrL7xUbc8ZUH3pLznMUXBETE6s3XntfI++4R7NmfqPdu/YoNTU1z/0y0jN05Mgx/fDdbxoz+gG9
9sp7Onv2XIHG7yw7duzWffc8pmeeelVrVq9XQnxCnvskxCdozeoNevbp13XvhP9o+7adxTDSgpny
wScl/hqXJnxeAADKIlv3LgO5ZhMAACfx9fXRNeHNVbt2DQUFBcrTy1Pp6RlKSEhQ/MUEHTlyTFui
tis29mxJDzVXbm6uCm/VQvXq1VHFikGZk7EmJSbr9OkY7d8XrU2btpiW2wUAACgpBBwAAAAAAMDy
uEUFAAAAAABYHgEHAAAAAACwPAIOAAAAAABgeQQcAAAAAADA8gg4AAAAAACA5RFwAAAAAAAAyyPg
AAAAAAAAlkfAAQAAAAAALI+AAwAAAAAAWB4BBwAAAAAAsDwCDgAAAAAAYHkEHAAAAAAAwPIIOAAA
AAAAgOURcAAAAAAAAMsj4AAAAAAAAJZHwAEAAAAAACyPgAMAAAAAAFgeAQcAAAAAALA8Ag4AAAAA
AGB5BBwAAAAAAMDyCDgAAAAAAIDlEXAAAAAAAADLI+AAAAAAAACWR8ABAAAAAAAsj4ADAAAAAABY
HgEHAAAAAACwPAIOAAAAAABgeQQcAAAAAADA8gg4AAAAAACA5RFwAAAAAAAAyyPgAAAAAAAAlkfA
AQAAAAAALI+AAwAAAAAAWB4BBwAAAAAAsDwCDgAAAAAAYHkEHAAAAAAAwPIIOAAAAAAAgOURcAAA
AAAAAMsj4AAAAAAAAJZHwAEAAAAAACyPgAMAAAAAAFgeAQcAAAAAALA8Ag4AAAAAAGB5BBwAAAAA
AMDyCDgAAAAAAIDlEXAAAAAAAADLI+AAAAAAAACWR8ABAAAAAAAsj4ADAAAAAABYHgEHAAAAAACw
PAIOAAAAAABgeQQcAAAAAADA8gg4AAAAAACA5RFwAAAAAAAAyyPgAAAAAAAAlkfAAQAAAAAALI+A
AwAAAAAAWB4BBwAAAAAAsDwCDgAAAAAAYHkEHAAAAAAAwPIIOAAAAAAAgOURcAAAAAAAAMsj4AAA
AAAAAJZHwAEAAAAAACyPgAMAAAAAAFgeAQcAAAAAALA8Ag4AAAAAAGB5BBwAAAAAAMDyCDgAAAAA
AIDlEXAAAAAAAADLI+AAAAAAAACWR8ABAAAAAAAsj4ADAAAAAABYHgEHAAAAAACwPAIOAAAAAABg
eQQcAAAAAADA8gg4AAAAAACA5RFwAAAAAAAAyyPgAAAAAAAAlkfAAQAAAAAALI+AAwAAAAAAWB4B
BwAAAAAAsDwCDgAAAAAAYHkEHAAAAAAAwPIIOAAAAAAAgOURcAAAAAAAAMsj4AAAAAAAAJZHwAEA
AAAAACyPgAMAAAAAAFgeAQcAAAAAALA8Ag4AAAAAAGB5BBwAAAAAAMDyCDgAAAAAAIDlEXAAAAAA
AADLI+AAAAAAAACWR8ABAAAAAAAsj4ADAAAAAABYHgEHAAAAAACwPAIOAAAAAABgeQQcAAAAAADA
8gg4AAAAAACA5RFwAAAAAAAAyyPgAAAAAAAAlkfAAQAAAAAALI+AAwAAAAAAWB4BBwAAAAAAsDwC
DgAAAAAAYHkEHAAAAAAAwPIIOAAAAAAAgOURcAAAAAAAAMsj4AAAAAAAAJZHwAEAAAAAACyPgAMA
AAAAAFgeAQcAAAAAALA8Ag4AAAAAAGB5BBwAAAAAAMDyCDgAAAAAAIDlEXAAAAAAAADLI+AAAAAA
AACWR8ABAAAAAAAsj4ADAAAAAABYHgEHAAAAAACwPAIOAAAAAABgeQQcAAAAAADA8gg4AAAAAACA
5RFwAAAAAAAAyyPgAAAAAAAAlkfAAQAAAAAALI+AAwAAAAAAWJ5bSQ8A1jT8jiHq2q2jJGnVqnWa
+dnXJTwiAAAAAMDVjIAjm2ZhjdWjZ+cC7bt1y99aumSVk0dUMpqFNdZdY4bLzc1Vs2d9q/WRmw3P
V6wUrHr160iS9uzZXwIjBAAAAADgXwQc2dStW0uDbry+wPuXlYBj+J1D1KJlU0nS6LtuMwUcAAAA
AACUJszBAbtSklMyf09KSsllSwAAAAAASh5XcOTi1KkY/efh5xze/sKFi0U3mGI27aOZunDhotzc
XDXnm59LejgAAAAAAOSKgCMX6enpio4+UtLDKBHHjp3Qm298WNLDAAAAAADAIdyiAgAAAAAALI8r
OIrQ0GGDFBQUKEn65qufdPbsOXXq3E4dO0WoSpXK8vLy0Pnzcdq+bafmzV2smJjYzH39/Mrpuut7
qnmLpgoILC9JOn0qVps2btFvv853qP8aNaupT9/uql+/rvzL+8nF5qILF+L0zz/7NO/PRTp27ESO
+3bt1kFNmoZKknbt3KMli1cW9GUAAAAAAKDIEXAUob7X9lDdurUkSRvWR+m22wdnrkySVUTbcA28
8Xq989ZUrV4VqR49O2vivaNVoUKgccMml4OHGwZep5deeDPH22fc3Fw1YeJo9b+hj9zd3e32N2To
QP34/W+a8fEXdtsIb9VCA27oK0maN3cxAQcAAAAAoFQj4Cgmjz/xgAICyystLU2xMWeUnJyi4IpB
8vb2kiQFBQXq4Ufu0ayKQbrnvjFyc3NVamqqThw/JTc3N1UICpSnp4ckqV79OnrsyQc04e6H7fb1
zHOPqFPndpmPT5+O1ckTp+Tp6aGq1aqoXDlfeXp66Nbbb5arm5umffR50b8AAAAAAAAUIQKOYhIQ
WF7r1m7UjOmztX9/tCTJw8NDt9w6SLcPHywPDw8FBJbXpAfHSZIWL1qhaR/NzLxtJTAwQHfcOUQD
b7xeNptNoaH11b1HJ9OVFYOH3pAZbsTHJ+jj6bP12y/z/h1HgL/um3S3uvfoJEkadON1+v23+Tpy
+FiRvwYAAAAAABQVAo5ceHt76c4Rt+S5XXpGhr6cPSfXbbZE/a3H//OioZaSkqIvZs2Rr4+Phg4b
lFnftnWHXnrhLcO2Z8+e0/vvzVDNWtXVqnVLSVJ4q+amgKNnry6Zv3/5xXeGcEOSzp27oNdffV8N
GoaoRo1q8vDwUOfO7fT1Vz/m+XcCAAAAAFBaEXDkonx5f40cfWue22Wk5x1w/PnHXzk+t3LlOkPA
8d2cX3Lcdvv2XZkBR6VKFU3PL1+6WhvXR0lSjvNmpKSkaPeuvapRo5okqUqVSrmOHQAAAACA0o6A
o5ikp6fn+NzxLKuZXLqUpsh1m3Pc9sL5uMzfr8zfkZWjV2KcP38h83dPL0+H9gEAAAAAoLQi4MhF
TEysXnvlvTy3y8goXD9paWmZv6enpyklJSWXvv7tzMXVJdd2PTw81KFjGzVoEKLACoHy9vaUzXZ5
n5q1qmduZ7PZCjp0AAAAAABKBQKOXFy6lKZNG7eW9DDyzc+vnEaMGqbevbvJz79cSQ8HAAAAAIAi
R8BRxlSsGKRXX39aIfXqSLp8xcexYyd09OhxXYyLz7xapE7dWmrQIKQERwoAAAAAgPMQcJQx99w3
JjPciD54WO+9+7GiNm8zbXfv/WMIOAAAAAAAZQYBRxkSFBSo9h1aS5JSU1P13DOvKzr6SAmPCgAA
AACAopf7LJWwlIah9eTu7i5JOn78JOEGAAAAAOCqQcBRhnh4/Lvcq7+/f47bubm5qmnT0OIYEgAA
AAAAxYKAowzZu2e/MtIvLyMbEOCv24cPNm3j7++nF19+QqGNGmTWXF1di22MAAAAAAAUBebgyIWf
Xzk9/uQDDm+/b99Bzfnm5yIcUe6OHj2uTZu3qlWrFpKk0XfdriZNQ7Vz5x6lpqaqRo2q6tS5ncqX
N17d4ePjXRLDBQAAAADAaQg4cuHr66Pefbo5vH35dZtKNOCQpA/fm6HX33xOlSoFy+ZiU/sObdS+
QxvDNsnJKVofuVmdOreVJFWpUqkkhgoAAAAAgNNwi0oZEx19RJNsC7rxAAAgAElEQVQnPaXVqyJ1
6VKa4bm0tDRFRW3XQw8+rW++/jGzXrNWdVWrVqW4hwoAAAAAgNPYuncZmFHSg0DRCAoKVIuWzVS+
vL/i4i5q545/dPTo8ZIeFgAAAAAATkfAAQAAAAAALI9bVAAAAAAAgOURcAAAAAAAAMsj4AAAAAAA
AJZHwAEAAAAAACyPgAMAAAAAAFgeAQcAAAAAALA8Ag4AAAAAAGB5BBwAAAAAAMDyCDgAAAAAAIDl
EXAAAAAAAADLI+AAAAAAAACWR8ABAAAAAAAsj4ADAAAAAABYHgEHAAAAAACwPAIOAAAAAABgeQQc
AAAAAADA8gg4AAAAAACA5RFwAAAAAAAAyyPgAAAAAAAAlkfAAQAAAAAALI+AAwAAAAAAWB4BBwAA
AAAAsDwCDgAAAAAAYHkEHAAAAAAAwPLcSnoAAAAU1OJlP9ut9+g6qJhHAgAAgJLGFRwAAAAAAMDy
CDgAAAAAAIDlEXAAAAAAAADLI+AAAAAAAACWR8ABAAAAAAAsj4ADAAAAAABYHgEHAAAAAACwPAIO
AAAAAABgeQQcAAAAAADA8gg4AAAAAACA5RFwAAAAAAAAyyPgAAAAAAAAlkfAAQAAAAAALI+AAwAA
AAAAWB4BBwAAAAAAsDwCDgAAAAAAYHkEHAAAAAAAwPLcSnoAQFlStWpltW3XSvXq11XdurXk7+8n
b28veXl7KT0tXSkpKTp/IU4xMbE6fOiotm7ZocjITUpOSi7poQMAAACApRFwAE7Qf0Afde/RSWFh
TeTmnvs/q6DgCgoJqa2IiHDdPHiA4uIuan3kZv3y05/atm1nMY0YAAAAAMoWAo5czP6/j+Th4ZH5
eN3ajXrnraklOKKSx2ti1LVbB90x4haFhNQucBt+fuXUo2dndeveUWvXbNBHH36mY8dOFLg93iMz
XhMAAACg7CPgyEWlSsGGk6Ly5f1LcDSlA6/JZb6+Ppr88ER1695RNpvN8Fxqaqr27zuo6OgjOnHi
lOLiLio5KVnu7u7y8vZSxeAKqlS5ourWra0qVStl7u/i4qIOHSPULKyxpk75XPPnLS7Q2HiPzHhN
AAAAgLKPgAPIpwYNQvTEUw+qdp2ahvqePfu1aOFyzf1joeLiLjrUVkhIbfXu0009e3dRcHCQJMnf
308PP3qPgoMr6P++/N7p4wcAAACAsoiAA8iHhqH19PIrTyoouEJmLSYmVjM/+1p//rEw3+3t3x+t
6dNmaebMbzT8jiEaPOQGeXp6yNXVVaPvul2JiUn68YffnfknAAAAAECZxDKxgINCQmrrpVeeMIQb
G9ZHacLdDxco3MgqOSlZn874Uo8+9KxOn46VJNlcbBo3YYQiIsIL1TYAAAAAXA0IOAAHeHp56j9P
TMq8jUSSFv61TI8+/JxiY886rZ9t23bq0YeeVWzMGUmSu7u7Jj04Tn5+5ZzWBwAAAACURdyi8j9D
bxmogMAAQ83V1dXwuEaNqrp7/AhDbfeuPVq2dLVDfQQGBuja63qoRctmql6jqnx9fJSSmqqLcRcV
G3tWUVHbtWzJqkKtoCFJTZqGqlu3jqrfMETBwRXk4+Mtm82m+PgEnTt7Xnv37NfatRsVuW5Tru1Y
9TXp2auL6tWvm/k4/mJ85lwWwcFB6te/t1q3aamg4Ary8vTUmTNn9fZbU7Xj7905tjnpgbvVoEFI
5uPVqyL1ykvvODym/IiOPqJXX3lXr77+tNzd3VW1WmWNGDVMH77/iWlbq75H9nDcOv+4za9mYY3V
qXM7NWpUX/7+fvLzKyebi03xFxMUExOrv//ereVLV2vv3gOF6ic4OEjdenRUeHhzBQVXUHl/P7l7
uOtiXLwuXIjT3r0HtHpVpNZHbnbSXwYAAICrga17l4EZJT2I0uDz2R+qdu0a+d7vj9//0lv/nZLr
Nj4+3ho1+jZdd31P+fj65LrtpdRLmjdvsWZMn+3wRJVXNGgQogn3jlaL5k1lc7Hluf2ef/bp0xn/
p8hI+yeMVn1NnnnuEXXr3jHz8dmz53TzoJHq1r2j7n9gnAICzCtoPPv061qxfI3d9iLahuvV157O
fE2jDx7WPRMeVUJCYp5jKYx77x+jm27uL0lKTEzS2NEPmE6YrfoeZcVxe5mzj9v8aNmyme4eP0KN
GjfIc9tLl9K0ZnWkPp42W0ePHs9XPwEB/rpr7HD16dtd7u7ueW4fffCwZn7+da7B0+JlP9ut9+g6
KF9jAwAAgPVxi0oRCw2trynT/qubhwzI84RIktzc3dR/QB99NP2/qlq1ssP99OnbXe+8/7Jatmzm
0EmiJDVoWE8vvfKEht8xxOF+nKG4XpPM/d3c1LVbRz359GS7J4mSlJGRc85319jhma9pamqq/vvG
h/kKN9zcXNUwtJ5aXhNmWnklN7M+/0Znz56TJHl7e+nGm/s5vG9hcdyaWe24ddSIkcP0xlvPOxRu
XB6Xqzp3aa/3PnxF7Tu0drifli2bacan76pf/z4OhRuSVLtOTT3z3CP6z+P3O9wPAAAArl4EHEWo
WVhjvfL6U3a/TU5JSdHp07E6e/acLl1KMz1fvXpVvfjKE/L398uzn85d2mvywxPk4+Ntei4xMUmn
TsXo9OlYpaSkmJ53c3fTqNG36ebBAxz8qwqnuF6TrLy8PPXA5HGm2xSyyulEccDAaw23pvz5x0KH
bwno07e73nnvZf0571tN+/gtvf3ui/p81gf6fe7X+u9bz6lDx4hc94+Lu6j585ZkPu7WrWMuWzsP
x62Z1Y5bR916+826c+QtcnMz95GcfPnviomJVWpqqun5ChUC9cRTk9W8RdM8+2kTcY2ef+kxwwS9
V2SkZ+j8+Qs6dSpGycnm99pms6nvtT30wkuP2x0nAAAAcAVzcPzP5ElPmf7j+YuvpsrDwyPz8epV
kXrvnemGbZKSku22FxwcpCeeelCB2eYCiD54WN/N+UVLl6zKvAogIMBfPXt31dBbBqlixX8nsQwJ
qa27xg7XO29NzXHcfn7lNPHe0YZxStLmTVv17Tc/G+Yr8PHxVucu7TXs1hsNVxLYXGwadddtiozc
pMOHjlr+NcnO3d1d5cv/+41xbMwZ7dmzX7GxZ5SenqHy5f115oz9iUL79eud+Xtc3EXNnvltnv0F
BwfpwYfGq32HNnaf9/HxVqvWLRXeqoXWrtmoD9+foePHT9rd9vdf52vw4AFyc3dTUHAFte/QRmtW
r8983qrvEcdt3gpz3DoivFVzjb7rNtlsxitnojZv008//ql1azdmhkt+fuXUrUcnDR48QDVrVc/c
1tfXR088+YDuGjVJ8fEJdvupVLmi/vP4/aaJck+dPK1ff52v+XMXGSbqjWgbruuu76UuXdsbxtap
c1uNHXenpk75vMB/MwAAAMo2Ao7/uXIrQG4uXUrLXMIzL/fcd5eqVKlkqK1YvkYvv/iO6Rvpc+cu
6IfvftOyJav17gcvq1q1KpnP9b22u37/db727Nlvt5/r+vVS5coVDbXVqyL11BOvmLZNSEjU/HmL
tXLFWr3y+tMKC2uc+ZyPj7eG3Xqj/vv6h5k1q74mOUmIT9Bnn36lX3+Za/eb9uxatW6phqH1Mh8v
+mtZnq9JpcoV9fobzzh0K4rNZlP7Dq3VuHEDDR082u6Yjh07oT179qtxk4aSpA4djQGHVd8jjlvH
5fe4ddT4iaNMV4f88N1vmvLhp6Zt4+Iu6rdf5mnp4pV69vlHFd6qeeZzlSpX1IiRw/TRlM/s9jPp
gXGqUCHQUIuK2q4Xn3vT7nsVuW6TItdtUp++3fXQIxMNt7PceFN/bVy/Jcf5VwAAAHB14xaVItC6
TUt16dreUNuxY7defP5Nu5fbXxETE6v33pluuOzcw8NDAwZem+M+4eHNDY9TU1PtrraRVXx8gl59
6R3TxIfhrVrkul9hFOdrYk98fIKefuo1/fjD7w6fJPbp2y3z97S0NP326/xct/f19dErrz5pCDcu
XIjT11/9qPF3P6T+192qCeMe0exZ3+r8+QuZ23h6eeY6pm3bdmb+Xj/LKhvOxnFrZsXj1hH9B/Qx
HUsrV6yzG25kFRd3Uc8/+4aOHzNecdSzdxe720dEhJvm6Th86KheePaNPIOoBfOX6NMZXxpqbm6u
Gn5n8c69AgAAAOsg4CgCN93c33BpdVpamj768DOHTlDWR27W1i07DLX27XOeyC+wgvGy+RPHT+nE
iVN59nPixClt2rjVUKtYMch0y4CzFOdrYs+P3/+uzZu25r1hFi1aNsv8fffuvTpw4FCu299z3xiF
1KuT+fjQoSN68P4nNWP6bP2ze58SEhK1e9cezfzsa8Ml+XEX4nJtd/euPZm/16rt+CSl+cVxa2bF
49YRvft2NzxOTk7R1ByuwMguLu6ivpvzi6EWGBigjp3amrYddNP1ptpnn36lc+cumOr2zPn2F+3c
8Y+h1rRZI8MVJAAAAMAVBBxO5udXTtdk+3Z6S9TfDk9MKUnLlxmXRAwKrpDjRH6XUi8ZHvuXd3wi
w99+nacZ02dn/nw640u5uzv/rqXifk2yS01N1f99+b3DfUlS8xZNValScObjLZu357p9x05t1TfL
SePZs+f0/DNv5BiK+Pv/Ox/B+TwCjm1b/72Cw9vbK18rsTiK49bMisetI6pVq6JmTRsZamtWr89x
Hhh7FsxfYpoQtF6WcE+6PB9J69YtDbXdu/Zo2dJV+Rpv9jDFZrOpT7aABgAAAJAIOJyuU+d28vQ0
fpuc3/vF167ZYFodoWnTULvbZj8pKV/eX2PvvsOhfjZt3Kqvv/rR8JPTRIGFUdyvSXYZGRm53k5g
T/ZviNevj8p1+6HDBhmWOf1y9ne5XvHhV+7fgCPuwsUct5Mu3+6QkOV9qVu3Vq7bFwTHrZkVj1tH
tGrT0rQk78YNuR/f2SUkJGrVynXaEvV35k9iYpJhmzYR4XLLFjytWhmZ7/EuXbJKsTFnDLXQRo4t
aQsAAICrC5OMOlm9+nVMtS1Rf+erjePHTyou7qJhWcmatczLU0rSksUr1aNnZ0Nt2G03qV79uvrp
xz+0bu3GfPVdFIr7NXGGOnX+DRESE5O0fduOHLdt2bKZmjX79xvx6Ogj+unHP3LcPiDAX55enpmP
s87HkZPzF+Lk4+tzef9sq3k4A8etmRWPW0c0bFjP8DgjI8N0248jXnrhrVyfz/pv4oqCTg66a9ce
wy0wNWtWU2BggEMTygIAAODqQcDhZFWrVjY8zsjI0KjRt+a7nawrB0hSuXK+drdbtXKdli1dra7d
OmTWbDabItqGK6JtuE6fjtWOv3dp+/ZdWrt6g44ePZ7vsRRWcb8mzlAry1KYx4+dyHXOhd59uxnm
aViR7baE7KpVr2p4fP7c+TzHk5LldoBy/ws6nInj1syKx60jgoKMK5pcvBifr9tTHBWcZZlc6fKE
qf/s3legtg4ePGwIOFxcXFSjZjUCDgAAABgQcDiZb7aTzysnbYXl4+Od43Ovvvyu0tLS1L1HJ8OJ
tnR5Asau3Tqqa7eOmnjPaB05fExbtvytxQuXKyoq93klnKUkXpPCqphl/o1Tp2Jy3bZZs3+XLc3I
yNCihctzb7tisOGxIxMuZr1VwcPT+RNqctyaWfG4dUT2vysxIbFY+sm++k1+nLMTAlbMFqAAAAAA
BBxOlv2efWdx93DP8bmUlBS99MJbWrF8rW4bfrMaNAixu53NZlPNWtVVs1Z19R/QR3v+2aeffvxD
8+YuLpIxX1ESr0lh+Ph4G05Cs654kl3NWtVVo2a1zMenTsUoOvpIru1XyLaCiCPfQttcskyXk21O
B2fguDWz2nHrKE9PT8PjxKTkIunHO1uQk5Rtjo78iL8Yb6r5+ZWzsyUAAACuZkwy6mQ2W8m9pMuW
rtK4MZP12CMvaOFfy0wT82XXoGE9PfrY/XrrnRdUpUqlIhtXSb4mBVGtWhXDFQX2Tq6uaNy4oWHb
g3ksJStJgYHlDY9j8nifpMuX5F+RXgQBB8etmdWOW0elp6cbHru6FM3fmZ5mvK3L1dW1wG25upqz
+JSU1AK3BwAAgLKJKzicLCnJ+C1lbOxZTbr38UK3m5//mI+M3JQ5mV+zsMZqeU2YGjduoPoNQuxe
1n1NeHO98eZzeujBp3X6dGyhx5pdaXhN8iMw2xUW8Qk5r9BRPdt8GqdOns6z/fIBxoDjdB63wEjG
eTfOnc17zo78Kg3vEcdt8UjIdktK9istnOVitpVtvLy9CtyWn5953hJ7t60AAADg6kbA4WQXs33b
X66cr44dO1FCo5G2b9up7dt2Zj5u1bql+g/orY6d2snN7d9vVGvUrKbxE0fpxeffdPoYSttrkpes
r4skpaWl57ClVKWq8QqCkw6EFeXL+2f+npGRocNHjuW5T7ksl+MXxYSQpe094rgtOqa/qwgmrZWk
i3HGfq6sHpRcgFtiKlUKNtXOnGGCUQAAABiVzWuwS1D2+Ro8PT0U3qp5CY3GbOOGKD3/7H/16svv
KDXV+E1yh44RCgjwz2HPgivtr0l22W9NyH6pfVbZV8S44MCSr/7l/10yND4+Ic8Tvvr16xrmBDl8
6GiefeRXaX+POG6dJ/uKNJ5engpr3sTp/RzKNheNu7u7wsPDCtRW3ZA6hscJCYnat3d/QYcGAACA
MoqAw8m2b9thqrVv36ZI+moYWk/hrZpn/oSFNc57p/9ZsnilFi1cYah5enromnDnn8AV52viDMlZ
lmSVzJMyZuWRbcLI7Pva45/lagxHVpZoluXk88SJU0VyFQHHrZnVjltHZb0y5ooWLZrmu51+/fvo
1ttuyvyJiDCuMLN58zbTPh06RuS7n8DAADVq3MBQ27/vYK5LNwMAAODqxC0qTrZ2zUalpqbK3f3f
E99uPTppxsdfGJb6dIZRo29T23atMh8nJ6fouj5DHd5/w/rNuva6HoZahQqBThvfFcX5mjjD+Wz3
9nvnMndA9ttXfMuZ5wrIKigoUFWrVcl87MgSnW3atMz8fdfOPXluXxAct2ZWO24dtWnTVsXFXTSs
QtKxc1t9+cV3Drfh5uaq8RNHGpaC/XL2nMw5VCQpavM2xcacUVBwhcxau3at5ePjbZoHJDcDbuhr
WtFm65a/Hd4fAAAAVw+u4MhFRrpxtQoXF1sOW/4rLu6i1q7ZYKgFBQVq3PgR+erbzc1Vjz52f66X
jp84ccrw2NPTQ+07OP4Ns4ud1RPyuqKgtL8mznDy5GllZFmppEJQzifPFy7EGR5Xr14lhy0vGzzk
BkNgknrpUq7bBwcHqUXLZpmP7X0rnl1pf484bktWclKyVq+KNNRCQ+sbQqe8XHd9L0O4IUm7du01
bbdokfFqm6DgCrr19psd7icgwF+DbrzeUEtMTNLPP811uA0AAABcPQg4cpGUbJwbIetEj7n59uuf
TUsxDhh4relb55x4eHjo6Wcf1rXX9dBrbzyjAQOvtbvd8mVrTLVht93kUB+S1KVre8PjjIwM7d93
MNd9Svtr4gxxcRd1/vy/wUWwnRU8rjh+zDjhZ/NcTmJDQmqr/w19DTUf79xXsLhl2KDM+TfOn7+g
RX8ty3V7qfS/Rxy3RcPTy1M1a1V3aNtff5lnusXjgcnjHVp2t2at6rpzxC2G2rFjJ0yhiST98N2v
is+2msrgITeYbmfJyWNPPqCAbMsqL1u6SjExzl81BwAAANZHwJGLC+eN386HhtZX7do18txvx47d
+uO3BYaam5urHnxogkaNvs20SkdWTZqE6sOpr6tzl8sncd7eXpr0wN1q0iTUtO3mTVu1Jcp4qXZY
WGO9+fYLCgmpnWMfbm6umnjPaHXs1NZQ37fvoPbuPZDr31baXxNnybrca80a1XLcLvsVFfUbhKh3
n26m7apWraynn33Y9K131aqVFRxsP0AJC2tsCETmz1vi0KX9pf094rh1/nH74OTx+u2PrzTriyn6
/qfP1a17x1y337njH82ft9hQq1y5ol54+XHVrVsrx/3atmul1//7rOG2E0n65qsf7W5/+nSsZs/8
1lDz9PTQk09PVr/+vXPsp1LlinrtjWdMQcjJk6f18bRZOe4HAACAqxtzcORi//5owzei3t5een/K
a1q3dqNOn45VuXK+iomJ1Rez5pj2/eD9GWoYWk+hjf6dHM/d3V13jBiqPtd214b1m7V/X7TOn78g
P79yqljx8q0ITZqEypbt8vlff56rHTt22x3jtKkz9ebbzxtOnMNbNde0j9/S9u2Xl9o8duyEUlMv
yd/fT3VDaqt1m5amb2oz0jNMJyJWfU2c4cCBaDUMrSfp8mX1tevUVPTBw6btojZv0+FDRzNfE5vN
pgcfGq9q1ato0cLlSk5KVq/eXTV46A0KDAyQJEUfPKzadWpKktzc3TTpwbv1/LNvGL5Rb92mpf7z
+KTMuQeOHzupL2bl/f5I1niPOG6dp0fPzoYrQypUCNS994/R0iWrct1vxvTZCm/VXFWrVs6s1a9f
Vx9Nf1Mb1m/Wzp17FHM6VjabTVWrVdY114SpWbPGpr9p6ZJV+j1bCJTVd3N+UYuWTQ0TjPr5l9Pk
hydq0I39tHFDlE6cOKX4+AQFBQUqtFF9tWrd0rRCUWpqqj54b4bOnct7pSIAAABcnWzduwzMyHuz
q1PHTm314suP57rN6lWReuqJV+w+FxwcpOdeeFRNmhb8G9vffp2vd96amus2Xf+fvfsO77usF///
+mS3TdI0SffeA8oGFRAooCyhqEePeo4D19GvHn+OnxOVIeJAcXxdxz3Qw8+D67hQEAUUZJdSCpTS
vWeatM3O5/dH27RJPm2TtiG908fjuuiVvPP+vO/7k/a6aJ59v+/7vDPjIx97b5eF+Lorm83GT2+5
Lb7/3Z8e9NwUviefvPaDHf4Fu6mpKS5+SfcXsYzY9RjC+97/jvbPv/+9n8UtP+76w29ExCv/5fJ4
13++pVvXfXLB0/HZG78S3/7elzqsxbFixap46IHHIj8/LyZOmhCzT5jZvtbEzp318fGP3RjzurH+
RkQav0cR/tx2dqh/bt/5rqviVa+e2+X4VW94dyzvtFVrZ5OnTIjPfO4T+72L6GDuv++huOYTnz3o
jibFJcVx7XUf6tE6H/tqbGiMmz7/tbir05oeERF33f3rnK85/9wrD2ksAADS5RGVA/jH3x/I+Rfq
fWUy+/8Wbtq0OT7w/k/Gn26/K1qaD7yYZGc7d9bH17/2vYP+kBgRcfff7ourP3pDl8Ubu6Oubnt8
42vf79YPiRHpfE8O171339dhy9cXHuAHs1/c9tuc6w90tnjx0rj+2pti9eq18d8//UWHr40bNyZe
+arL48pXXBYnnnRce9yoq9sen73xy92OGxHp/B75c3tkrF3b9ftXX9+Q83hnzy1eFh//2I09vquk
ubk5fnbLbXH1Rz/dre1aGxsa4xNX3xi//tUferwDzcoVq+P662466O8fAADkTxw/49q+nsTR7L5/
PBhFRUUxadL4KCwq7PL1NavXxl/uvGe/r29taY1//P2BePDBx2Lw4LKoqBgcJSXF+z2/trYu7rn7
/rjxhi/FA/c/0u15rl27Pm7/41+iob4hKqsqY/Dgsshk9r9TxOZNW+LOO+6Oz3/mq/HgA4/u97xc
jvbvybnnnRUT9llHoLW1tUdbYEZENDQ0xkknHx+jdm/pWj20Kh5+cF5s3Jh7ccO/3/tAVAwZHBMn
jYv8/I7rMjQ3N8ef//TXuOG6L7bfXj9//sJoamqKGTOnRlGO72FLS2s88M9H4oZP3RxPzF/Yo7lH
HP2/R3v4c7vXof65Xfzskph94nHtj++0NLfEj394azw+b8FBXxsRsXnz1vjD7++MbbV1UV5eFkOG
VOTcqSZiV6y5955/xhc+/7W4488HX/B2X21t2Xjgn4/Egw8+GuXl5VExZP/fv2xbNpYuWR6//vUf
4tOfujlWLF+93+u+8arX5Dz+ox/e2qP5AQCQPo+odNOQIRVx1tlnxNhxo6MgvyB27NgRq1atjUcf
md/jFf3PeMEpMX782KioKI8BAwdEY0NjbNtWG889tywee3R+t/5F9GBGjBgWp5x6QlRXV0Vp6aAo
KMiPHTvrY+uWmnhywdPxzDNdt3TsqdS+Jz11wYXnxNWfeH/75wd6hGGPESOGxblzzorhw6ojPz8/
1qxdH/f87b5Yu3Z9zvPLy8vivDlnxfjxY6OouDB27qyP1avWxoMPPHpIdzZ0ltrvkT+3h+7U006K
qqoh8cwzi3OuF9NdQ4dWxWmnnxyVlRUxeHB5ZDKZ2LatNpYtWxEPPvBYj+/A2J+Cgvw4/YxTYsyY
UbtiR3FxbNtWG1u31sS8eQti5Yr9R419eUQFAIA9BA44gB/86P+2LwiabcvGx6++Me6/76E+nhWw
h8ABAMAe1uCAA/jJPguLZvIy8e73vDUqKsr7cEYAAADkInDAAdz1l3vj/vsebv985Mjhcc11H46i
okPb+QMAAIDeIXDAQXzpi9+MDes3tn9+4knHxY2f/XiUlZX24awAAADYl8ABB7Fp0+b49A1firq6
7e3HTjn1hPjaNz4Xp5x6Qh/ODAAAgD0EDuiGJ+YvjE9ff3Ns21bbfmzsuNHxuZuuiWuv/3DMnj2z
x9c897wz40tf+XRMnjLhCM4UAADg2FTQ1xOAVDz44KPxoQ9cGx/7+Pvad1bJz8+Pc859Ubz4nBfG
smUrY+GTT8czT+/apnPt2g1RU1MTxcXFUV1dGaNGj4zJkyfElKmT4vjZM6KyckhERFxw4bnx3OJl
ffjOAAAA0idwQA88++yS+I+3fSDe9vbXx2WXvyRKSkoiIiKTycTEieNi4sRxcdnLXtp+fjabjUwm
c8Brnnraib06ZwAAgGOBR1Sgh5qamuLrX/tevPWq98Zv//dPsWXL1v2ee6C40dTUFPfec3/cfNM3
emOaAAAAx5TMnHPmZvt6EpC6c887M0488biYPHVSDB1aFYJCKiwAACAASURBVJWVFR22km1paY26
urpYt3ZDrF69NuY//mTcc/f9UVtb14ezhvTddfevcx4//9wrn+eZAADQ1zyiAkfA3X+7L+7+230d
jhUVFcXgwWXR0NDYYQcWAAAAjjyBA3pJU1NTbNy4ua+nAQAAcEywBgcAAACQPGtwAAAAAMlzBwcA
AACQPIEDAAAASJ7AAQAAACRP4AAAAACSZ5vY3d77/nf09RQAAACgx75887f6egpHBYFjtyvmXtzX
UwAAAIAeEzh28YgKAAAAkDyBAwAAAEiewAEAAAAkT+AAAAAAkpeZc87cbF9PAgAAAOBwuIMDAAAA
SJ7AAQAAACRP4AAAAACSJ3AAAAAAyRM4AAAAgOQJHAAAAEDyBA4AAAAgeQIHAAAAkDyBAwAAAEie
wAEAAAAkT+AAAAAAkidwAAAAAMkTOAAAAIDkCRwAAABA8gQOAAAAIHkCBwAAAJA8gQMAAABInsAB
AAAAJE/gAAAAAJIncAAAAADJEzgAAACA5AkcAAAAQPIEDgAAACB5AgcAAACQPIEDAAAASJ7AAQAA
ACRP4AAAAACSJ3AAAAAAyRM4AAAAgOQJHAAAAEDyBA4AAAAgeQIHAAAAkDyBAwAAAEiewAEAAAAk
T+AAAAAAkidwAAAAAMkTOAAAAIDkCRwAAABA8gQOAAAAIHkCBwAAAJA8gQMAAABInsABAAAAJE/g
AAAAAJIncAAAAADJEzgAAACA5AkcAAAAQPIEDgAAACB5AgcAAACQPIEDAAAASJ7AAQAAACRP4AAA
AACSJ3AAAAAAyRM4AAAAgOQJHAAAAEDyBA4AAAAgeQIHAAAAkDyBAwAAAEiewAEAAAAkT+AAAAAA
kidwAAAAAMkTOAAAAIDkCRwAAABA8gQOAAAAIHkCBwAAAJA8gQMAAABInsABAAAAJE/gAAAAAJIn
cAAAAADJEzgAAACA5AkcAAAAQPIEDgAAACB5AgcAAACQPIEDAAAASJ7AAQAAACRP4AAAAACSJ3AA
[...]
7ouMBhnlhhtPPvFsvD19008KqU2LFi2JJx9/psLXG2zBiWJlLFiwqMwTRT7+aO4WhRsRG9p94fk/
izenvVPmtcaNs2KHHdpGq9Yty5zczPv8y/jJ+T/f5MlNdayT4qKicibWznWe2e/OiZ9efFWFTz/J
zGxYYbixePFXccXl12423NhaNbX9auN4WNX9oyb32S1Rn/5+VVV9WZfA9k0XFaDaVEcXlY1mzXo/
Ro3eJ1q2/HbshE11Udlo/fqCeOH5V+LTufOi3Q5to02bVuWeNBQWFsbHH38af73zn/H7W/4UeXlr
yqlt67w9fVZ89ukX0b7DDtGuXdtyr17Omzc//v63++Lmm/4YK79ZFWPHjUwbLyI3NzemvVHxUyy+
/nppPPH4M9GgQUa0btMq7Xb2knJz8+L5516OX19/S7z1ZuW+RNZk3TW9nXJz8+LZZ6ZEdpPs6LJT
p3Kv6hYVFcXHH30a/3vrnfHPux+IkaP2St0iHlG3XVQiIqa98XZkZzeOHj13iUalnvCydu3a+Nd9
j1TqfSurdeuWaY93fOzRp6v0pI61a9fFs89Mic8//zLatWsTrSvYthEbfqcfe/TpuOFXN8eSSnS5
2dp1smjRkth35N7RrNmGJ3u8/NJr8cD95V+NrgnLl62Ipyc9H4sWLYlmzZtF69atKnxKUcH6gpj7
6efxr3v/HTf86paYP39hufOVVtX9c6Oa2n61cTys6v5Rk/vslqjJ42JtHbfqy7oEtl+6qADbtNat
W8WQoQOibds20bxF88jNzYtlS5fFzBnv1eoVry47dYpBg/pHm7ato2HDhrFs6fL4+ONPY/a7c6r1
fXr17hG9evWIVq1bRZMm2bF61eqYN29+THtjehQUVO7qaV3UXZPbKSsrK4YO2zO6ddspmjZrGnl5
a2L5shXx9vSZ9eKq5+a0a9c2ho8YGu3b7xAFBYWxfPmKmDljdnz22RfV+j6XXPrjOPCg8RGx4eT6
pBN/GIsXf7XV9bZq1SKGDN0z2rXbsG0LCwpixYqV8fFHc+PdKu7/W7NOmjdvFgMG7hG5uXnxztt1
e9dOixbNY9Dg/tFuh7bRqmWLKCwsilWrV8d/vl4a09+amRqXoy7VxPar6ePh1v7O1MRnror68vdr
a9SXdQlsPwQcALCdy8xsGPfe/6fU+BCzZr4X5597RR23CgBgyxiDAwC2c+PGj0ob/PLVqdPqsDUA
AFUj4ACA7dzhEw9M/bxu7bp4ZvKUOmwNAEDVCDgAYDv2/R+cEH369E6VX3vtrVi+fEUdtggAoGoy
Nz8LALAtaNGieXTp0ilymjaJLl06xZixI6Jf/z6p19evXx/3/OPBOmwhAEDVCTgAYDvRd4/ece2v
flbh6w8/9GR8/PGntdgiAIDqo4sKAGwniooqfnDaq1OnxR/+9y+12BoAgOrlDg4A2E4UF5cNOHJz
8+LRRybFHX+8qw5aBABQfTLGjjqi4ss5AMA2o3F249h778HRuUunyGzYMBYtWhKvTp0Wubl5dd00
AICtJuAAAAAAEs8YHAAAAEDiCTgAAACAxBNwAAAAAIkn4AAAAAAST8ABAAAAJJ6AAwAAAEg8AQcA
AACQeAIOAAAAIPEEHAAAAEDiCTgAAACAxBNwAAAAAIkn4AAAAAAST8ABAAAAJJ6AAwAAAEg8AQcA
AACQeAIOAAAAIPEEHAAAAEDiCTgAAACAxBNwAAAAAIkn4AAAAAAST8ABAAAAJJ6AAwAAAEg8AQcA
AACQeAIOAAAAIPEEHAAAAEDiCTgAAACAxBNwAAAAAIkn4AAAAAAST8ABAAAAJJ6AAwAAAEg8AQcA
AACQeAIOAAAAIPEEHAAAAEDiCTgAAACAxBNwAAAAAIkn4AAAAAAST8ABAAAAJJ6AAwAAAEg8AQcA
AACQeAIOAAAAIPEEHAAAAEDiCTgAAACAxBNwAAAAAIkn4AAAAAAST8ABAAAAJJ6AAwAAAEg8AQcA
AACQeAIOAAAAIPEEHAAAAEDiCTgAAACAxBNwAAAAAIkn4AAAAAAST8ABAAAAJJ6AAwAAAEg8AQcA
AACQeAIOAAAAIPEEHAAAAEDiCTgAAACAxBNwAAAAAIkn4AAAAAAST8ABAAAAJJ6AAwAAAEg8AQcA
AACQeAIOAAAAIPEEHAAAAEDiCTgAAACAxBNwAAAAAIkn4AAAAAAST8ABAAAAJJ6AAwAAAEg8AQcA
AACQeAIOAAAAIPEEHAAAAEDiCTgAAACAxBNwAAAAAIkn4AAAAAAST8ABAAAAJJ6AAwAAAEg8AQcA
AACQeAIOAAAAIPEEHAAAAEDiCTgAAACAxBNwAAAAAIkn4AAAAAAST8ABAAAAJJ6AAwAAAEg8AQcA
AACQeAIOAAAAIPEEHAAAAEDiCTgAAACAxBNwAAAAAIkn4AAAAAAST8ABAAAAJJ6AAwAAAEg8AQcA
AACQeAIOAAAAIPEEHAAAAEDiCTgAAACAxBNwAAAAAIkn4AAAAAAST8ABAAAAJJ6AAwAAAEg8AQcA
AACQeAIOAAAAIPEEHAAAAEDiCTgAAACAxBNwAAAAAIkn4AAAAAAST8ABAAAAJJ6AAwAAAEg8AQcA
AACQeAIOAAAAIPEEHAAAAEDiCTgAAACAxBNwAAAAAIkn4AAAAAAST8ABAAAAJJ6AAwAAAEg8AQcA
AACQeAIOAAAAIPEEHAAAAEDiCTgAAACAxBNwAAAAAIkn4AAAAAAST8ABAAAAJJ6AAwAAAEg8AQcA
AACQeAIOAAAAIPEEHAAAAEDiCTgAAACAxBNwAAAAAIkn4AAAAAAST8ABAAAAJJ6AAwAAAEg8AQcA
AACQeAIOAAAAIPEEHAAAAEDiCTgAAACAxBNwAAAAAIkn4AAAAAAST8ABAAAAJJ6AAwAAAEg8AQcA
AACQeAIOAAAAIPEEHAAAAEDiCTgAAACAxBNwAAAAAIkn4AAAAAAST8ABAAAAJJ6AAwAAAEg8AQcA
AACQeAIOAAAAIPEEHAAAAEDiCTgAAACAxBNwAAAAAIkn4AAAAAAST8ABAAAAJJ6AAwAAAEg8AQcA
AACQeAIOAAAAIPEEHAAAAEDiCTgAAACAxBNwAAAAAIkn4AAAAAAST8ABAAAAJJ6AAwAAAEg8AQcA
AACQeAIOAAAAIPEEHAAAAEDiCTgAAACAxBNwAAAAAIkn4AAAAAAST8ABAAAAJJ6AAwAAAEg8AQcA
AACQeAIOAAAAIPEEHAAAAEDiCTgAAACAxBNwAAAAAIkn4AAAAAAST8ABAAAAJJ6AAwAAAEg8AQcA
AACQeAIOAAAAIPEEHAAAAEDiCTgAAACAxBNwAAAAAIkn4AAAAAAST8ABAAAAJJ6AAwAAAEg8AQcA
AACQeAIOAAAAIPEEHAAAAEDiCTgAAACAxBNwAAAAAIkn4AAAAAAST8ABAAAAJJ6AAwAAAEg8AQcA
AACQeAIOAAAAIPEEHAAAAEDiCTgAAACAxBNwAAAAAIkn4AAAAAAST8ABAAAAJJ6AAwAAAEg8AQcA
AACQeAIOAAAAIPEEHAAAAEDiCTgAAACAxBNwAAAAAIkn4AAAAAAST8ABAAAAJJ6AAwAAAEg8AQcA
AACQeAIOAAAAIPEEHAAAAEDiCTgAAACAxMssLi6u6zYAAAAAbBV3cAAAAACJlxnhDg4AAAAg2TL1
UAEAAACSThcVAAAAIPEyV+UtqOs2AAAAAGwVd3AAAAAAiSfgAAAAABJPwAEAAAAknoADAAAASDwB
BwAAAJB4Ag4AAAAg8QQcAAAAQOIJOAAAAIDEE3AAAAAAiSfgAAAAABJPwAEAAAAknoADAAAASDwB
BwAAAJB4Ag4AAAAg8QQcAAAAQOIJOAAAAIDEE3AAAAAAiSfgAAAAABJPwAEAAAAknoADAAAASDwB
BwAAAJB4Ag4AAAAg8QQcAAAAQOIJOAAAAIDEE3AAAAAAiSfgAAAAABJPwAEAAAAknoADAAAASDwB
BwAAAJB4Ag4AAAAg8QQcAAAAQOIJOAAAAIDEE3AAAAAAiSfgAAAAABJPwAEAAAAknoADAAAASDwB
BwAAAJB4Ag4AAAAg8QQcAAAAQOIJOAAAAIDEE3AAAAAAiSfgAAAAABJPwAEAAAAknoADAAAASDwB
BwAAAJB4Ag4AAAAg8QQcAAAAQOIJOAAAAIDEE3AAAAAAiSfgAAAAABIvs64bAGxbsrKyYv/990+V
v/zyy5g5c2Ydtgi2T927d48+ffqkym+//XYsXLiwDlsEAFCzBBzAFuvUqVMsW7Ys1q5dW+a1pk2b
xlVXXZUqP/bYYwIOqAPDhw+PCy64IFW+9NJLBRwAwDZNwFHCddddF127do2IiFWrVsVZZ51VqeW6
dOkS119/fWRkZERExK9//etKndBlZ2fH7bffHg0bNoyIiDlz5sQ111xTxdZTFTfccEN06dJlq+qY
NWtW3HDDDdXUovotMzMzbrvtthg0aFCsW7cubrzxxnjggQfquln1TmX3q8LCwlizZk2sXLky5s6d
G2+++WZMnz69FloIAADbHgFHCcXFxbHbbrulyr169YqPPvpos8uNGzcudt9991R59OjRlQo4hg0b
Fn379k2VXeWufT169Ihddtllq+r45ptvqqk19d/YsWNj0KBBERHRuHHjOOGEEwQc5ajKfjVu3Lg4
/fTT44MPPoi//e1vMXny5BpqHQAAbJsMMlrCu+++m1YeNmxYpZYbMmRIWnngwIGVWm7AgAFp5Rkz
ZlRqOagreXl5aeV169bVUUu2Xbvttltce+21cdFFF9V1UwAAIFHcwVHC1KlT46KLLkp1NSl5d8Wm
9OvXL6282267RbNmzWL16tWbXK7kXRCi6HoAACAASURBVB/5+fnx6quvbmGLqU6rV6+OW265ZYuX
W7x4cQ20pn6aOnVqPPjggzFy5MhYuXJl/P73v6/rJtV7m9qvGjRoEM2bN4+uXbvGkCFDokOHDqnp
xx9/fOTm5sZtt91Wm80FAIDEEnCU8OWXX8bChQujc+fOERHRu3fvzS4zatSoaNGiRdq0xo0bx+jR
o+OJJ57Y5LI9e/ZM/fzZZ59tNhChZhUUFMSDDz5Y182o96677rq6bkKiVHa/ysrKinPPPTeOO+64
VMh60kknxZQpU+L999+v6WYCAEDi6aJSygcffJD6eaeddop27dptcv7hw4enfi4sLEz9vLnuLb16
9Yq2bdumynPmzNnSpgLbkPz8/Pjtb38bTz75ZGpaVlZWnHzyyXXYKgAASA4BRyklx+Fo0KBB7L33
3pucv+R4GyXH0Ojfv/8mlxs6dGha2fgbQETErbfemjbWycZBXQEAgE3TRaWU1157Lc4///xUuX//
/vH444+XO2/nzp2jR48eqfKjjz4agwYNioyMjNhpp52ie/fu8emnn5a7bJ8+fVI/FxYWxtSpU8vM
M2rUqDjyyCNT5ZtuuikWLFgQ3//+92PcuHHRsWPHaNSoUUyePDmuvPLKMstnZWXFkUceGcOHD48e
PXpEixYtokGDBrFy5cpYuHBhTJs2LR5++OH46quvNrlOSrfj8ssvj7y8vOjZs2ccddRRMWTIkGjX
rl1kZ2dHbm5ufP755/HCCy/EfffdFwUFBZusu6SRI0fGIYccEn379o1WrVpFxIYnlMyZMyeeeuqp
eP755yMi4sYbb4wGDTZkc3fddVe8/fbblX6P2jBhwoQ45JBDUuWLLrooCgoKYtSoUXHQQQdF3759
o2XLltGoUaNYsWJFfPLJJzF58uQy+1nLli3jO9/5TowZMyY6dOgQLVu2jPz8/Fi6dGnMnj07/vWv
f8Xs2bMr3a6BAwfGxIkTY7fddov27dtHdnZ2FBQUxPLly+OTTz6JZ599Nu3ugfLk5OSkdVF54403
4p577ql0G7ZWTe3TW/q7VZOWLFkS77//fmrw4jZt2kTnzp1jwYIFFS5THdu2pI3redSoUdGtW7do
0aJFNGzYMPLy8mLBggUxe/bsuO+++2LevHk1Xl/nzp3j4osvTpWfe+65eOyxxzb5ftdee200bdo0
IjZs2021s2/fvnH66aenyvfff3+5x+OSn6M+7H/77LNPHHbYYdGvX7/U8XLlypXx/vvvx5NPPhkv
vPDCJtsAALAtEnCU8sknn8SSJUuiffv2ERFpj40tbezYsakT7dWrV8fkyZPj1FNPjW7dukVGRkaM
GTOmwoCjV69eqZ/nzZsXy5YtKzNP586dY+TIkany/fffH1dffXXsscceafOV141m9OjRcd5550XX
rl3LvJadnR077rhjDBw4MI455pj4y1/+EnfffXeFn7N0O1q3bh3HH398nHLKKZGTk5M2b1ZWVrRu
3Tr23HPPOOCAA+Kyyy7b5InZxmV+/vOfx4EHHphanxvl5OREx44dY+zYsfHiiy/GzTffHKNHj069
PmnSpE3WXRd23nnntPXVsWPHOP/882P06NGpsRU2at++fbRv3z5GjBgR48aNiyuvvDJWrlwZo0eP
jksuuSQ16ORGWVlZ0axZs+jatWsccMABceedd8Yf//jHTbandevWcemll8b48ePLvH9WVlbk5ORE
586dY/To0XHcccfFtddeGx9++GG5dTVu3Djts61YsaJS66Q61OQ+vSW/W7Wh9MC17du3L/f3qDq3
7UZDhgyJyy+/vNz1nJWVFa1atYq+ffvGd77znbjrrrs2Owjq1ta3YMGC6NOnT6pLX2Zm5iYDjkGD
BsWBBx6YKs+ePTv+9Kc/VTj/qFGjUvtCcXFx3HTTTeXOV1/2v8zMzLjsssvi8MMPL/d42aFDhxg7
dmxMmTKlzJPBAAC2dbqolKPkOBzdu3ePrKyscucr+XjY2bNnR35+flpXk4puLW/ZsmXsvPPOqXJl
x98477zzynwBjogoKipKKx9yyCHxq1/9qswX8fXr15d5rGerVq3i/PPPjwsvvLBSbYiIOOOMM+KH
P/xhmXCjtL59+8Yvf/nLzdZ3/fXXx8EHH1zmy3pJGRkZMXbs2Ljhhhsq3c764sYbb4wxY8aUOQEt
bfTo0XHRRRfFfvvtF9dff32ZcKO0zMzMOP300+Poo4+ucJ527drFrbfeGvvtt1/a+xcVFcXy5ctj
7dq1afP37ds3brrppthll10q8clqT03v05X93aotpY85a9asKTNPTWzboUOHxm9/+9sy63ndunVl
HhGclZUVp512WlxyySU1Xl/J42rJu9/KM378+LTyPvvss8n5Sz4F67PPPiv3bo/6tP9dc801MXHi
xM0eL8eMGRPf+973Kt0GAIBtgTs4yvHee++l7hJo0qRJDB06tNxblkt+MX7zzTcjIuL111+PiRMn
RsSGE4rMzMwy3TT23nvvyMz8dtXPmjWrUu3a2B1m1apV8dZbb8WSJUsiIyMjFi1alJqnf//+cfnl
l0fjxo0jYsMX5MmTJ8dDDz0U06dPT9Vz+OGHx9FHHx3Z2dmRkZER3/3ud2PhwoVx7733brYdhx56
aEREfP7553H//ffHW2+9FfPnz4/evXvHoYceGkcccUQ0bNgwIiIGDBgQEyZMiGeeeabcuk455ZS0
OzIKCwvj8ccfj6eeeio+/PDDaN26dfTp0yeOPPLIGDRoUKWebFPfdO/ePfLz82PSpEnx9NNPx0cf
fRQFBQWx5557xhFHHBGjRo1KnaAedNBBMXbs2MjKyorc3Nx44IEH4plnnonPPvssunbtGv369Yuj
jz46dt1114jYcCJzyimnxAMPPFDue19xxRVp62zOnDlx1113xUsvvRRr166NzMzMGDlyZJx55pmp
Otu3bx8//vGPt+gErSbVxj5dmd+t2lTyRLqoqKjcuzeqe9tmZmbGpZdeGs2bN4+IDXczPP7443HP
Pfek7vro2rVrHHPMMXHUUUdFo0aNIiLimGOOiWnTpsWLL75YY/VNmzYtFVy0bNkyhg0bFtOmTSt3
3ZUe36hPnz7Rpk2bcu+Si0h/XPc777xT5vX6tP+deOKJMWHChFS5oKAgnnjiidTxsmXLltG/f/84
4ogjYvDgwamuKwAA2wsBRzneeOON+OEPf5gqDxo0qEzAMWLEiNSXx6KionjuueciImLKlCmRl5cX
OTk50aJFi9hnn33i5ZdfTlu25ACkxcXF8eqrr1a6bVOmTImrrroqvvnmm3Jfv/TSSyM7OztV9403
3lhmjIS5c+fGTTfdFK+88krceOONqTsxzj777Jg6dWp8+eWXm23H888/H1dccUXk5+enps2cOTNm
zpwZS5YsibPPPjs1ffTo0eUGHC1atEh7QkRhYWFceeWVaWMFrFy5MubNmxdPPfVUnHvuuYl8osTa
tWvjZz/7WZk+8VOmTIkpU6bEJZdcEscee2xEbBjYNicnJ/Ly8uKCCy5InUBFRHz44Yfx4Ycfxr//
/e+4/fbbY8CAARGxoQvMyJEjy+xngwcPTrsN/vXXX4/zzjsvLXArKCiIF154IWbMmBF33XVXdOrU
KSI2XPVu3bp1LF++vHpXRhXU1j69ud+t2jJkyJBUIBGx4a6ClStXps1TE9t2/Pjx0a1bt1S5vPEf
5s2bF7/5zW/is88+i8suuywiNoRsxxxzTJmAozrre+655+InP/lJ6s6Wvffeu9yAo2fPntG9e/e0
aVlZWTFhwoS47777ysw/dOjQtMd8l3csri/7X4sWLeLUU09NlQsLC+MXv/hFWje9lStXxpdffhlP
PPFEYo+XAABbQxeVcsyePTvtal/JK3wbjRgxIvXz3LlzU19g8/Pz0wZ+LO/26JLjesyfPz8WLlxY
qXa99957ceGFF1b4BfjAAw9Mu6L73HPPbXIAyDfffDPuuOOOVLlZs2aVuqX5vffei4svvjgt3Cjp
rrv+f3v3HhxXXf4P/EmA2i4F2kZbpF0BgTC2MkkBKekI8m24jVJEgeAo0IqI9/EfkBkUUEEd/ygI
aIcRZQIzDBAYubQKisG2KilVNEVb2+Vu2k6LDZdYEyi9/P7o5Pz25N42ye4pr9dMZ3aTsyfP7J6e
2fM+n8/zuTt1QdbzgqPbueeem7q4eOyxxwZshHjrrbfGsmXLBq1vTx100EHxyCOPDPnf3XffPaT9
PvjggwM2/Lv99tt7Dde/7777UuFGsW3btkVTU1PqZ30Nb6+rq0tNXbjjjjv6bfr6+uuvp/oajBkz
JmbNmtVvzaNlNI/pgf5vjZYpU6bE1VdfnZp+8Kc//anXdiPx2fY8zz388MP91vnggw/GqlWrkud9
9Soazv29/vrrqd4h3eFeT2eccUbyvhT3hylezrtY8fvQ0dHR670up+PvvPPOS43IWLx48YA9iG69
9dZ+m6UCAOyrjODox9q1a5Nwovhuarfi5WF7ruLxzDPPxEknndRru27FF/yDNfwrNthQ5+6pIxG7
7u79/Oc/H3Sfd999d1xwwQUxderUiNh117V4lYy+3HPPPQP+fuvWrdHW1hYzZsyIiEiGqPf00Y9+
NHm8Y8eOIQUGLS0tceqppw663Z7Yb7/9Ytq0aUPefvz48UParr+golv3XdfuC6kdO3bEAw88MOBr
eg6lnzhxYq9tHnzwwWTlmYiIQqEw4D57/r67qWMpjdYxPZRpBCPp8MMPj9NPPz3OP//8pMFxRMSr
r74ajY2NvbYfic+2Z4+Y7ikj/WlqakpCjO3bt4/4/p555plkWmB1dXWMGTOmV8havKz3HXfcEVde
eWVUVFRETU1Nn9sXB4PPPvtsr5ConI6/4vPl9u3b46677hr0NStWrEiF8QAA+zoBRz9WrVqVBByT
Jk2KD33oQ0kz0EMPPTSOPvroZNued/2WLVsWX/7yl6OioiKOPvromDx5crJs4MyZM1OjFnany31f
jQaLFd8xXb16dbzwwgtD2u+f/vSnZIrEhAkT4sQTT4y//vWv/W7f38iN/modN25cn9sUBz3PP//8
kOvdF/3vf/9LHr/++uuDLjO5adOm2LlzZ3IR2VfD140bN/ZajWMgPT/X7mH5pTRax/Rg/7f2xsEH
H9zvnfbKysoYO3ZssqRpsS1btsS1117ba3pKxMh8ts8//3zq+RVXXBGrV6/ud5rS4sWL+11CeyT2
t3Tp0pg/f35E7DreTz311Pj973+f/P7QQw9NRn688cYbcd9998UFF1wQRx55ZBx00EExZ86cXp9D
8eiM7j5Kxcrp+CteknzNmjVDXqIXAODdRMDRjxUrVsTll1+ePP/IRz6SBBz/93//lzTRfO2113rN
2y4UCrFu3brI5/Ox3377xcc+9rHkjnzPlVV2p//GQKqrq1PDl4e6MkvErt4Z3V/GI3bd1Rzoy/hQ
7Ny5M3nc1+ohEydOTN1F7m853dH03//+N6677rohbz+UoGeoit+voa7cURxwDLZCS7fDDjssampq
4ogjjojx48fHe97znuS1hxxyyG5WPbLK7ZjeU5WVlfG+971vt17zr3/9K370ox+lpm0MZm8/29/+
9rdx+eWXJ6OYPvzhD8cDDzwQS5cujT/+8Y+xfPnyXiuzjOb+nn322di4cWOyutCJJ56YCjjOPPPM
pHlz96ipFStWJKvGnHLKKamA4+STT07C5u3bt6dGxESU1/E3derUVC3lcL4EAChHAo5+PPPMM9HR
0ZF8Ae6ebhGR7tK/cuXKPl+/cuXKyOfzEbHri3h3wFG8xOGmTZuG7Ytqzwuo3bm7+9JLL6WeT5o0
aVhqGkjPegcbsTAatm/fPqI9PkrpvPPOi/POOy+mT5+ehHPlLmvH9N7YsWNHbNiwIZ577rl4/PHH
Uxfugxmuz3br1q1x/fXXxw9/+MNkmszEiROT/b/11luxdu3aaG1tjccff3zQaTHDvb+IXcvFnn32
2RGRXsUqIj09pTs4fuKJJ5KgoWe43D2NMGLXaJOevZDK6fjrOaVo06ZNe7U/AIB9lYBjAIVCIU48
8cSISPfhKP5i/fTTT/f52uXLlyfzt4u3L97PmjVrhq3W4mkvEekpD4PZvHlz6vlQe0vsjZ59OUZy
isC72cSJE+NHP/pRr6Uzu+3cuTM1eqS4uWWpZe2Y7k9HR0d885vf7PN327dvjzfffDM2btzYb5PQ
/ozEZ9va2hqXXnppXHHFFXHWWWel3rexY8dGTU1N1NTUxKWXXpqszjJQKDjc+2tpaUkCjqOOOipZ
DWb8+PHJ6lSdnZ3xu9/9LiJ29apZv359TJ06NSZPnhwnn3xyLF++PCLS/Tf6Wh62nI4/50sAgKER
cAxg1apVScCRz+djypQpceSRRyZ347Zu3ZosD9vT0qVLo6urK8aNGxdTpkyJ4447Lv7zn/8kSzVG
RGq1lb319ttvp54P1tCvWM/5/z33NRJ6Tu/YnXoZuptvvjkVsL3yyivx5JNPxt///vd44YUXUnel
Z8+eHbfddlspyuxT1o7p/uzYsSOeffbZYd/vSH22mzdvjh/+8Ifxs5/9LD7+8Y9HXV1dfOhDH0qN
QqioqIiZM2dGTU1NPPTQQwM20RzO/S1ZsiTeeuutGDt2bBxwwAFx6qmnxiOPPBJnnHFG0uvnH//4
R2pVohUrVsSnPvWpiIg47bTTYvny5bH//vun+m/0XGI5oryOv3feeSf1vHsqDgAAab4lDeCZZ56J
efPmRcSuu5/HH398aorJ2rVrU8vJFuvs7IzVq1fHCSecEBG75n+//PLLqV4J/Y3+2BM9G/f1tapG
f7rntHfrq6nhcOv5vvW8W8reu/jii1MXwI899lh897vf3e2RAqWStWN6NI3GZ/vmm2/GvffemyyL
On369Kirq4tTTjklPvzhD0dFRUVUVlbG+eefH2+88UYsXLhwxPe3ZcuWWLVqVXJePf744+ORRx5J
rRTSs6/Rk08+mQQc3aNdZs2alYyqeO2115JRHcXK6fhrb29PPS+3fjkAAOWifMajl6Gnn346dSfw
iCOOSAUcgy3/WTzsecaMGUmzu4hdX6p3p4HgYF544YXUXb7ijvuDKe4vEhHR1tY2bHX1Z/369an3
trtfCcPntNNOSx63t7fH97///cyEGxHZO6ZHUyk+29WrV8cvf/nLmD9/fnzve99LLeV6/vnn7/ao
gj3dX/F597jjjov9998/Zs6cGRG7Rjo88cQTqe2feuqppMfP4YcfHscee2yq/0Zra2uff6ecjr+2
trbUqLfDDz98r/YHALCvEnAMYNu2banGd1OnTk0tD7tkyZIBX7906dLkcXV1dUydOjV5vnbt2uEr
NHbdISxubFdbWzvkC47i5nzbt2+PP//5z8NaW39efvnl5PH06dNjzJgxo/J33y2Kp0O99NJLw7rq
y2jI4jE9Wob7s506dWp84QtfSP7V1NQMuP2iRYtSq45MmDAhFf4O9/6KLVmyJOktks/nY+7cuckK
I2vWrOmzAWf3ErAVFRVx+umnp/pvrFixos+/U07H39atW1PnyxkzZpimAgDQBwHHIFavXp08njlz
ZjKsecOGDfGPf/xj0Nd2d+afNGlS6q7ecI7e6FY8NHvChAnx2c9+dtDXHHfcccndz4hddzN7Ds0e
KX/729+SxwcddFBccMEFg76mOCRiYO95z3uSx0OZAtTzrnM5yNoxPVqG+7M98MAD46tf/Wry7xOf
+MSg++wZ0hb3nRju/fXcrntERGVlZVx22WXJ7/qb9lccRs+aNSuqq6sjYuA+ShHldfwVjwicMGFC
fPrTnx70NT2nygAA7OsEHIMovggv/rLY37DmnoqXkZ02bVryuPuO4nC69957U53+L7nkkvjgBz/Y
7/ZjxoyJK6+8MnUn8MEHHxz2uvrz8MMPp4bVX3zxxclykn054YQT4sILLxyN0vYJxX1OjjzyyNRF
V09nnnlm0m+mW3G/mFLJ2jE9Wob7sy0UCqmRDx/96EcH7fNQPGVj586d8e9//3vE9tdT8fm3ezTL
zp07k9VTenryySeTkGHGjBmRy+WSOvvroxRRXsffr371q9Q0nnnz5sXkyZP73f4jH/nIkEIQAIB9
iYBjEC0tLX12wG9paRnS6/u6o9jR0RF//etf97q2njZv3hyNjY3J80mTJsXNN98cs2bN6rVtPp+P
n/70p6mh2kuXLu33AmEkvPTSS/H4448nz6dMmRK33nprstxjt/333z8uuuiiuOmmm1J3rhlYca+C
Aw44IK677rqora1NbZPP5+Pb3/523HDDDckqFN16Pi+FrB3To2UkPttHH300eTxlypT46U9/2uf7
PHbs2PjiF78YZ555ZvKz1atXx/r160d0f8X6Ov+++OKL8cILL/T7mr56Jg3WR6mcjr/nn38+db48
9NBD+z1ffuYzn4kFCxY4XwIA7zom8Q7irbfeiueffz41xLuzs3PQ/hvdli5dGm+//Xbqi+Zzzz03
3GUm7rzzzpgxY0bShHDatGnxs5/9LJ577rloa2uLbdu2xZQpU3r1vHjllVfixz/+8YjV1Z9bbrkl
Zs6cmUw9Ofroo+POO++MF198MTZv3hxjx46NadOmRVVV1YjXMmHChD0aWbNhw4b45Cc/OQIV7Z3G
xsY4/fTTk9UfPvCBD8Qdd9wR69evj46Ojpg4cWK8733vS5a/3LFjR1RW/v/MczTe86HI2jE9Gkbi
s/3FL34RJ510UtIvY/r06bFw4cJ4+eWXo62tLf73v//FpEmT4uijj04t8frOO+/E7bffPuL7K7Zk
yZLYsmVLMmUwYvBRcUuXLo3TTz+9188GU07H36233hq1tbXJ+fKYY47pdb7M5/PJ+7l9+/bYb7/9
hrUGAIByZgTHEPzrX/9KPV+1alVqBZCBdHR0xJo1a1I/++c//zlstfXl6quvjsceeyxpxFdRURHV
1dVRX18fZ511VtTW1qa+iK9Zsya+/vWv99mcb6S99tprcdVVV6X+dkVFRRx11FExa9asqKmpSS7G
Ojo64oEHHhjReiorK/foXznauHFjXH/99aklKisrKyOfz8eMGTPisMMOSy6AOzo64tprr00NgT/i
iCNGu+R+ZemYHg0j8dlu27YtvvWtb/Ua1XDEEUfEKaecEmeffXacdNJJqTCis7MzfvCDH/RamnUk
9lds69atvfoYDdRLIyLi97//ffz3v/9Nnm/atCk1hXAg5XL8bd68Oa688srYuHFj8rOe58vu97Oj
oyNuuummYf37AADlrjyvzMpMcXO3iN3vn1HcxyNi8GHRe2vbtm3xne98J6666qp49tln+1w+cufO
nfHKK6/EbbfdFp/73OeSZqilsHbt2rj44ovjN7/5TZ/B0dtvvx1LliyJyy+/PF588cXU77ovOOjb
n//85/jiF78Yy5YtSy152a2zszOeeOKJuOSSS+Lxxx9Pvb/HHntsMkKg1LJ2TI+GkfhsN2/eHFdc
cUX85Cc/iRdffLHf/19btmyJ3/72tzFv3rxYtGhRvzUO9/6KFa9+smHDhl7n2Z62bt2a2maofZQi
yuv4KxQKcckll8Svf/3rPs+Xb731VvzhD3+Iyy67LJYtWzYiNQAAlKuK448/3hXiPm7y5Mkxc+bM
qKqqigMOOCDa29ujUCiklsAtF+PHj4+6urqk2eh//vOfaGlpSe5UX3bZZfG1r30t2f6rX/1qvysn
kDZp0qQ46aSTYvLkybFjx47YtGlTPP3006lRAFmRpWN6NIzUZztt2rSora2NCRMmxJgxY2LLli3x
8ssvx9/+9rc+L/JHe3+lUi7H3/jx42P27NlJs9FXX301li9fnsn/0wAAw0HAQaZcf/31ce6550bE
rjum5513Xqxbt67EVQEAAFBqpqhQch//+MeHNBVizJgxqdUL1q1bJ9wAAAAgIgQclNjZZ58d1113
Xdxyyy3JygD9ufrqq5OpKxG7ehAAAABAhCkqlFAul4tFixbFhAkTIiLijTfeiPvuuy8effTR1OoD
J5xwQnz+85+Purq65Gevv/56fOYzn4nNmzePet0AAACUHwEHJXXppZfGN77xjdRSq9u2bYv29vbo
6uqKQw45pNf0lbfffjuuvvrq+OMf/zja5QIAAFCm9nv/+9//3VIXwbvXypUrY8OGDTFjxow48MAD
IyKisrIyxo8fHxMmTIhx48altl+/fn1cc8010dLSUopyAQAAKFNGcFAWxo4dG+eee26cfPLJMX36
9Hjve98bFRUVERHR1dUVhUIh/vCHP8T9998fW7duLXG1AAAAlBsBB2Vp/PjxMXXq1HjzzTdj48aN
pS4HAACAMifgAAAAADLPMrEAAABA5gk4AAAAgMwTcAAAAACZJ+AAAAAAMk/AAQAAAGSegAMAAADI
PAEHAAAAkHkCDgAAACDzBBwAAABA5gk4AAAAgMwTcAAAAACZJ+AAAAAAMk/AAQAAAGSegAMAAADI
PAEHAAAAkHkCDgAAACDzBBwAAABA5gk4AAAAgMwTcAAAAACZJ+AAAAAAMk/AAQAAAGSegAMAAADI
PAEHAAAAkHkCDgAAACDzBBwAAABA5gk4AAAAgMwTcAAAAACZJ+AAAAAAMk/AAQAAAGSegAMAAADI
PAEHAAAAkHkCDgAAACDzBBwAAABA5gk4AAAAgMwTcAAAAACZJ+AAAAAAMk/AAQAAAGSegAMAAADI
PAEHAAAAkHkCDgAAACDzKiJiZ6mLAAAAANgbRnAAAAAAmSfgAAAAADJPwAEAAABknoADAAAAyDwB
BwAAAJB5Ag4AAAAg8wQcAAAAQOYJOAAAAIDME3AAAAAAmSfgAAAAADJPwAEAAABknoADAAAAyDwB
BwAAAJB5Ag4AAAAg8wQcAAAAQOYJOAAAAIDME3AAAAAAmSfgAAAAADJPwAEAAABknoADAAAAyDwB
BwAAAJB5Ag4AAAAg8wQcAAAASk1hdAAACP5JREFUQOYJOAAAAIDME3AAAAAAmSfgAAAAADJPwAEA
AABknoADAAAAyDwBBwAAAJB5Ag4AAAAg8wQcAAAAQOYJOAAAAIDME3AAAAAAmSfgAAAAADJPwAEA
AABknoADAAAAyDwBBwAAAJB5Ag4AAAAg8wQcAAAAQOYJOAAAAIDME3AAAAAAmSfgAAAAADJPwAEA
AABk3v6lLgDYc1VVVVFbWxsREa2trdHe3l7iigAAAEqjIiJ2lroIYPedc845UV9fH7lcLiIiOjs7
46abboq2trYSVwYAADD6BByQMdXV1TF//vyoqqrq9btCoRALFiwoQVUAAOWvqqoqGhoakhGw5aC1
tTWampqMxIVhIOCAjKiqqor58+dHdXX1gNt96UtfGqWKAPqWy+XimGOOiXw+H/l8PhlpFrFrtFlb
W1u0tbXFc889F52dnSWsFHg3qaqqiu985zupc1K56OzsjBtvvFHIAXtJDw4oc7lcLubMmRNz584t
dSkA/crlclFXVxd1dXWRz+cH3Lb4zmlbW1s0NzfHypUrhR3AiLrooovKMtyI2HUOveiii2LhwoWl
LgUyTcABZayuri7mzp3b53QUgHLQHcIW9wTaHfl8PubPnx+dnZ3R3NwcTz75pKADGBE1NTWlLmFA
5V4fZIGAA8pQPp+PhoaGQaejAJRSbW1tNDQ0DEsIm8vlYu7cuTF79uxoamqK1tbWYagQIFvy+byG
8bAXBBxQRnK5XFx44YUxe/bsUpcCMKCGhoaor68f9v1WVVXFV77ylWhubo6mpqZh3z9AORs3blyp
S4BME3BAmaivr49zzjmnbOeGAnSbN2/eiAex9fX1MW7cuLjrrrtG9O8AAPsOAQeUWHV1dTQ0NAza
lA+gHIxGuNGt++8IOQCAoRBwQImU4zrsAANpaGgY9Sl0s2fPjq6uLtNVAIBBCTigBM4555w9XnEA
oBRqa2tHpOfGUNTX10ehUNB4FAAYkIADRtFwrjgAMFpyuVw0NDSUtIaGhoYoFAqWkAUA+iXggFFQ
VVUV8+fPt+wrkEn19fUlD2arqqqivr4+Fi1aVNI6AIDyJeCAEZTL5ZLpKABZlMvlYs6cOaUuIyIi
5syZE83NzUZxAAB9EnDACKmrq4uGhgZ9NoBMq6urK5vzWC6Xi9ra2njqqadKXQoAUIYEHDDMqqur
Y+7cuaajAPuEurq6UpeQMmfOHAEHANAnAQcMk1wuFxdeeOGoL6EIMFJyuVzk8/lSl5GSz+cjl8uZ
pgIA9CLggGFg2VdgX1SuI9Gqq6stGQsA9CLggL1QXV0d8+fPL/nqAgAjodxGb3TL5/MCDgCgFwEH
7KF58+aZjgLs08o14BAqAwB9qSx1AZBF1dXVwg1gnzdu3LhSl9AnAQcA0BcBB+yBY489ttQlAAAA
UETAAXvA3G8AAIDyIuCAPdDW1hYtLS2lLgNgRHV1dZW6hD61t7eXugQAoAwJOGAPNTY2xoIFC2Ld
unWlLgVgRLS1tZW6hD4JOACAvgg4YC8UCoW44YYboqmpqWzvdALsqXINOMq1LgCgtAQcMAyam5vj
mmuuiebm5lKXAjBsCoVCqUvoU7nWBQCUloADhklnZ2c0NTXFjTfe6Ms3sE/o7Owsu2l469ati87O
zlKXAQCUIQEHDLO2trZYsGBB3HXXXeaJA5lXbiPTyq0eAKB8CDhghDz11FNx4403xuLFi0tdCsAe
a21tLZseQ11dXZbpBgD6JeCAEdTZ2RmLFi2Ka665JlauXFnqcgB2W2dnZ9mMmmhubjY9BQDol4AD
RkF7e3ssXLgwFixYYNoKkDnNzc0lP3e1t7eXTdACAJQnAQeMokKhENdcc00sXry4bIZ8Awymu4ly
KTU2Nhq9AQAMSMABJdA9baWlpaXUpQAMSWtra8lGUCxevNjqVADAoAQcUCKdnZ3R2NgYCxYsKLtl
GAH60tTUNOrBbEtLSyxatGhU/yYAkE0CDiixQqEQN9xwQ9x1112mrQBlr7GxcdRCjpaWlmhsbByV
vwUAZN/+pS4A2OWpp56K1tbWOOecc6K+vr7U5QD0q7sfxkieqxYvXmzkBgCwWwQcUEa6G/m1tLRE
Q0NDVFdXl7okgD41NTVFoVCIhoaGqKqqGrb9tre3R2Njo54bwLuS0bywdwQcUIba2tpiwYIFUVtb
O+wXDwDDpbW1NQqFQtTX10d9fX2MGzduj/fV1dUVzc3N0dzcbLUU4F2rra2t1CVApu0XEd8tdRFA
3zZu3BgtLS2xbdu2yOfzccABBwz6msWLF49CZQC7vPPOO1EoFGLZsmWxadOmeO973xsHH3zwkF+/
bt26eOihh+Kee+6JVatWxTvvvDOC1QLvZh/4wAfi0EMPLXUZ/Vq5cmX85S9/KXUZkGkVEbGz1EUA
g6uqqoqLLrooampqBtzuS1/60ihVBNC3XC4X1dXVkc/no6qqKjUKrb29Pdrb26OtrS0KhYLRGsCo
qaqqimuvvXavRpuNlK6urrjhhhuivb291KVApgk4IGOqq6tj/vz5fU5bWblyZSxcuLAEVQEAlL+h
3jAaTStXroz7779fuAHDQMABGVVfXx9z585N7kJ0dXXFggULzN0EABiCfD5f0tEcXV1dvrfBMBNw
QIblcrmoq6uLrq6uaG1tNdQbAAB41xJwAAAAAJlXWeoCAAAAAPaWgAMAAADIPAEHAAAAkHkCDgAA
ACDzBBwAAABA5gk4AAAAgMwTcAAAAACZJ+AAAAAAMk/AAQAAAGSegAMAAADIPAEHAAAAkHkCDgAA
ACDzBBwAAABA5gk4AAAAgMwTcAAAAACZJ+AAAAAAMk/AAQAAAGSegAMAAADIPAEHAAAAkHkCDgAA
ACDzBBwAAABA5gk4AAAAgMwTcAAAAACZJ+AAAAAAMk/AAQAAAGSegAMAAADIPAEHAAAAkHkCDgAA
ACDzBBwAAABA5gk4AAAAgMwTcAAAAACZJ+AAAAAAMk/AAQAAAGSegAMAAADIPAEHAAAAkHkCDgAA
ACDzBBwAAABA5gk4AAAAgMwTcAAAAACZJ+AAAAAAMk/AAQAAAGSegAMAAADIvP8HQAAEbsng6jEA
AAAASUVORK5CYII=
" width="800px"&gt;</msg>
<status status="PASS" starttime="20230222 22:40:17.418" endtime="20230222 22:40:17.792"/>
</kw>
<kw name="Close Application" library="AppiumLibrary">
<doc>Closes the current application and also close webdriver session.</doc>
<status status="PASS" starttime="20230222 22:40:17.792" endtime="20230222 22:40:18.114"/>
</kw>
<status status="PASS" starttime="20230222 22:40:17.418" endtime="20230222 22:40:18.114"/>
</kw>
<status status="PASS" starttime="20230222 22:40:07.773" endtime="20230222 22:40:18.114"/>
</test>
<status status="FAIL" starttime="20230222 22:39:43.679" endtime="20230222 22:40:18.117"/>
</suite>
<statistics>
<total>
<stat pass="2" fail="1" skip="0">All Tests</stat>
</total>
<tag>
</tag>
<suite>
<stat pass="2" fail="1" skip="0" id="s1" name="Test">Test</stat>
</suite>
</statistics>
<errors>
</errors>
</robot>
